2014-07-31 07:18:43,819 -- repoze.who request started (/manage/) --
2014-07-31 07:18:43,820 request classification: browser
2014-07-31 07:18:43,821 identifier plugins registered [<RedirectingFormPlugin 140352971655120>, <AuthTktCookiePlugin 140352971655056>, <BasicAuthPlugin 140352971654864>]
2014-07-31 07:18:43,821 identifier plugins matched for classification "browser": [<RedirectingFormPlugin 140352971655120>, <AuthTktCookiePlugin 140352971655056>]
2014-07-31 07:18:43,821 no identity returned from <RedirectingFormPlugin 140352971655120> (None)
2014-07-31 07:18:43,821 no identity returned from <AuthTktCookiePlugin 140352971655056> (None)
2014-07-31 07:18:43,821 identities found: []
2014-07-31 07:18:43,821 no identities found, not authenticating
2014-07-31 07:18:43,908 challenge required
2014-07-31 07:18:43,908 challengers registered: [<RedirectingFormPlugin 140352971655120>, <BasicAuthPlugin 140352971654864>]
2014-07-31 07:18:43,908 challengers matched for classification "browser": [<RedirectingFormPlugin 140352971655120>]
2014-07-31 07:18:43,908 challenger plugin <RedirectingFormPlugin 140352971655120> "challenge" returned an app
2014-07-31 07:18:43,908 executing challenge app
2014-07-31 07:18:43,909 -- repoze.who request ended (/manage/) --
2014-07-31 07:18:43,925 -- repoze.who request started (/account/login) --
2014-07-31 07:18:43,926 request classification: browser
2014-07-31 07:18:43,926 identifier plugins registered [<RedirectingFormPlugin 140352971655120>, <AuthTktCookiePlugin 140352971655056>, <BasicAuthPlugin 140352971654864>]
2014-07-31 07:18:43,926 identifier plugins matched for classification "browser": [<RedirectingFormPlugin 140352971655120>, <AuthTktCookiePlugin 140352971655056>]
2014-07-31 07:18:43,926 no identity returned from <RedirectingFormPlugin 140352971655120> (None)
2014-07-31 07:18:43,926 no identity returned from <AuthTktCookiePlugin 140352971655056> (None)
2014-07-31 07:18:43,926 identities found: []
2014-07-31 07:18:43,926 no identities found, not authenticating
2014-07-31 07:18:43,931 no challenge required
2014-07-31 07:18:43,931 -- repoze.who request ended (/account/login) --
2014-07-31 07:18:44,116 -- repoze.who request started (/selfservice/style.css) --
2014-07-31 07:18:44,117 -- repoze.who request started (/selfservice/custom-style.css) --
2014-07-31 07:18:44,118 -- repoze.who request started (/js/jquery-1.7.2.min.js) --
2014-07-31 07:18:44,118 request classification: browser
2014-07-31 07:18:44,118 identifier plugins registered [<RedirectingFormPlugin 140352971655120>, <AuthTktCookiePlugin 140352971655056>, <BasicAuthPlugin 140352971654864>]
2014-07-31 07:18:44,118 identifier plugins matched for classification "browser": [<RedirectingFormPlugin 140352971655120>, <AuthTktCookiePlugin 140352971655056>]
2014-07-31 07:18:44,118 request classification: browser
2014-07-31 07:18:44,119 identifier plugins registered [<RedirectingFormPlugin 140352971655120>, <AuthTktCookiePlugin 140352971655056>, <BasicAuthPlugin 140352971654864>]
2014-07-31 07:18:44,119 no identity returned from <RedirectingFormPlugin 140352971655120> (None)
2014-07-31 07:18:44,119 identifier plugins matched for classification "browser": [<RedirectingFormPlugin 140352971655120>, <AuthTktCookiePlugin 140352971655056>]
2014-07-31 07:18:44,119 no identity returned from <AuthTktCookiePlugin 140352971655056> (None)
2014-07-31 07:18:44,119 no identity returned from <RedirectingFormPlugin 140352971655120> (None)
2014-07-31 07:18:44,119 request classification: browser
2014-07-31 07:18:44,119 identities found: []
2014-07-31 07:18:44,119 no identity returned from <AuthTktCookiePlugin 140352971655056> (None)
2014-07-31 07:18:44,119 identifier plugins registered [<RedirectingFormPlugin 140352971655120>, <AuthTktCookiePlugin 140352971655056>, <BasicAuthPlugin 140352971654864>]
2014-07-31 07:18:44,119 no identities found, not authenticating
2014-07-31 07:18:44,120 identities found: []
2014-07-31 07:18:44,120 identifier plugins matched for classification "browser": [<RedirectingFormPlugin 140352971655120>, <AuthTktCookiePlugin 140352971655056>]
2014-07-31 07:18:44,120 no identities found, not authenticating
2014-07-31 07:18:44,120 no identity returned from <RedirectingFormPlugin 140352971655120> (None)
2014-07-31 07:18:44,120 no challenge required
2014-07-31 07:18:44,120 no identity returned from <AuthTktCookiePlugin 140352971655056> (None)
2014-07-31 07:18:44,122 -- repoze.who request ended (/selfservice/style.css) --
2014-07-31 07:18:44,122 identities found: []
2014-07-31 07:18:44,122 no identities found, not authenticating
2014-07-31 07:18:44,123 no challenge required
2014-07-31 07:18:44,123 -- repoze.who request ended (/js/jquery-1.7.2.min.js) --
2014-07-31 07:18:44,131 challenge required
2014-07-31 07:18:44,132 challengers registered: [<RedirectingFormPlugin 140352971655120>, <BasicAuthPlugin 140352971654864>]
2014-07-31 07:18:44,132 challengers matched for classification "browser": [<RedirectingFormPlugin 140352971655120>]
2014-07-31 07:18:44,132 challenger plugin <RedirectingFormPlugin 140352971655120> "challenge" returned an app
2014-07-31 07:18:44,132 executing challenge app
2014-07-31 07:18:44,132 -- repoze.who request ended (/selfservice/custom-style.css) --
2014-07-31 07:18:44,151 -- repoze.who request started (/account/login) --
2014-07-31 07:18:44,152 request classification: browser
2014-07-31 07:18:44,152 identifier plugins registered [<RedirectingFormPlugin 140352971655120>, <AuthTktCookiePlugin 140352971655056>, <BasicAuthPlugin 140352971654864>]
2014-07-31 07:18:44,152 identifier plugins matched for classification "browser": [<RedirectingFormPlugin 140352971655120>, <AuthTktCookiePlugin 140352971655056>]
2014-07-31 07:18:44,152 no identity returned from <RedirectingFormPlugin 140352971655120> (None)
2014-07-31 07:18:44,152 no identity returned from <AuthTktCookiePlugin 140352971655056> (None)
2014-07-31 07:18:44,152 identities found: []
2014-07-31 07:18:44,152 no identities found, not authenticating
2014-07-31 07:18:44,157 no challenge required
2014-07-31 07:18:44,157 -- repoze.who request ended (/account/login) --
2014-07-31 07:18:44,370 -- repoze.who request started (/images/ui-bg_highlight-soft_75_cccccc_1x100.png) --
2014-07-31 07:18:44,370 -- repoze.who request started (/images/privacyIDEA-logo-klein.png) --
2014-07-31 07:18:44,371 request classification: browser
2014-07-31 07:18:44,371 identifier plugins registered [<RedirectingFormPlugin 140352971655120>, <AuthTktCookiePlugin 140352971655056>, <BasicAuthPlugin 140352971654864>]
2014-07-31 07:18:44,371 identifier plugins matched for classification "browser": [<RedirectingFormPlugin 140352971655120>, <AuthTktCookiePlugin 140352971655056>]
2014-07-31 07:18:44,371 no identity returned from <RedirectingFormPlugin 140352971655120> (None)
2014-07-31 07:18:44,371 no identity returned from <AuthTktCookiePlugin 140352971655056> (None)
2014-07-31 07:18:44,371 request classification: browser
2014-07-31 07:18:44,371 identities found: []
2014-07-31 07:18:44,371 identifier plugins registered [<RedirectingFormPlugin 140352971655120>, <AuthTktCookiePlugin 140352971655056>, <BasicAuthPlugin 140352971654864>]
2014-07-31 07:18:44,371 no identities found, not authenticating
2014-07-31 07:18:44,371 identifier plugins matched for classification "browser": [<RedirectingFormPlugin 140352971655120>, <AuthTktCookiePlugin 140352971655056>]
2014-07-31 07:18:44,372 no identity returned from <RedirectingFormPlugin 140352971655120> (None)
2014-07-31 07:18:44,372 no identity returned from <AuthTktCookiePlugin 140352971655056> (None)
2014-07-31 07:18:44,372 identities found: []
2014-07-31 07:18:44,372 no challenge required
2014-07-31 07:18:44,372 no identities found, not authenticating
2014-07-31 07:18:44,372 -- repoze.who request ended (/images/ui-bg_highlight-soft_75_cccccc_1x100.png) --
2014-07-31 07:18:44,376 no challenge required
2014-07-31 07:18:44,377 -- repoze.who request ended (/images/privacyIDEA-logo-klein.png) --
2014-07-31 07:18:45,070 -- repoze.who request started (/account/login) --
2014-07-31 07:18:45,070 request classification: browser
2014-07-31 07:18:45,070 identifier plugins registered [<RedirectingFormPlugin 140352971655120>, <AuthTktCookiePlugin 140352971655056>, <BasicAuthPlugin 140352971654864>]
2014-07-31 07:18:45,070 identifier plugins matched for classification "browser": [<RedirectingFormPlugin 140352971655120>, <AuthTktCookiePlugin 140352971655056>]
2014-07-31 07:18:45,070 no identity returned from <RedirectingFormPlugin 140352971655120> (None)
2014-07-31 07:18:45,070 no identity returned from <AuthTktCookiePlugin 140352971655056> (None)
2014-07-31 07:18:45,070 identities found: []
2014-07-31 07:18:45,070 no identities found, not authenticating
2014-07-31 07:18:45,076 no challenge required
2014-07-31 07:18:45,076 -- repoze.who request ended (/account/login) --
2014-07-31 07:18:45,179 -- repoze.who request started (/selfservice/style.css) --
2014-07-31 07:18:45,180 -- repoze.who request started (/selfservice/custom-style.css) --
2014-07-31 07:18:45,181 -- repoze.who request started (/js/jquery-1.7.2.min.js) --
2014-07-31 07:18:45,181 request classification: browser
2014-07-31 07:18:45,182 identifier plugins registered [<RedirectingFormPlugin 140352971655120>, <AuthTktCookiePlugin 140352971655056>, <BasicAuthPlugin 140352971654864>]
2014-07-31 07:18:45,182 identifier plugins matched for classification "browser": [<RedirectingFormPlugin 140352971655120>, <AuthTktCookiePlugin 140352971655056>]
2014-07-31 07:18:45,182 no identity returned from <RedirectingFormPlugin 140352971655120> (None)
2014-07-31 07:18:45,182 no identity returned from <AuthTktCookiePlugin 140352971655056> (None)
2014-07-31 07:18:45,182 identities found: []
2014-07-31 07:18:45,183 request classification: browser
2014-07-31 07:18:45,183 no identities found, not authenticating
2014-07-31 07:18:45,183 request classification: browser
2014-07-31 07:18:45,183 identifier plugins registered [<RedirectingFormPlugin 140352971655120>, <AuthTktCookiePlugin 140352971655056>, <BasicAuthPlugin 140352971654864>]
2014-07-31 07:18:45,183 identifier plugins registered [<RedirectingFormPlugin 140352971655120>, <AuthTktCookiePlugin 140352971655056>, <BasicAuthPlugin 140352971654864>]
2014-07-31 07:18:45,183 identifier plugins matched for classification "browser": [<RedirectingFormPlugin 140352971655120>, <AuthTktCookiePlugin 140352971655056>]
2014-07-31 07:18:45,183 identifier plugins matched for classification "browser": [<RedirectingFormPlugin 140352971655120>, <AuthTktCookiePlugin 140352971655056>]
2014-07-31 07:18:45,183 no identity returned from <RedirectingFormPlugin 140352971655120> (None)
2014-07-31 07:18:45,183 no challenge required
2014-07-31 07:18:45,184 no identity returned from <RedirectingFormPlugin 140352971655120> (None)
2014-07-31 07:18:45,184 no identity returned from <AuthTktCookiePlugin 140352971655056> (None)
2014-07-31 07:18:45,184 -- repoze.who request ended (/selfservice/style.css) --
2014-07-31 07:18:45,184 no identity returned from <AuthTktCookiePlugin 140352971655056> (None)
2014-07-31 07:18:45,184 identities found: []
2014-07-31 07:18:45,184 identities found: []
2014-07-31 07:18:45,184 no identities found, not authenticating
2014-07-31 07:18:45,184 no identities found, not authenticating
2014-07-31 07:18:45,185 no challenge required
2014-07-31 07:18:45,185 -- repoze.who request ended (/js/jquery-1.7.2.min.js) --
2014-07-31 07:18:45,195 challenge required
2014-07-31 07:18:45,195 challengers registered: [<RedirectingFormPlugin 140352971655120>, <BasicAuthPlugin 140352971654864>]
2014-07-31 07:18:45,195 challengers matched for classification "browser": [<RedirectingFormPlugin 140352971655120>]
2014-07-31 07:18:45,195 challenger plugin <RedirectingFormPlugin 140352971655120> "challenge" returned an app
2014-07-31 07:18:45,195 executing challenge app
2014-07-31 07:18:45,195 -- repoze.who request ended (/selfservice/custom-style.css) --
2014-07-31 07:18:45,205 -- repoze.who request started (/account/login) --
2014-07-31 07:18:45,205 request classification: browser
2014-07-31 07:18:45,205 identifier plugins registered [<RedirectingFormPlugin 140352971655120>, <AuthTktCookiePlugin 140352971655056>, <BasicAuthPlugin 140352971654864>]
2014-07-31 07:18:45,205 identifier plugins matched for classification "browser": [<RedirectingFormPlugin 140352971655120>, <AuthTktCookiePlugin 140352971655056>]
2014-07-31 07:18:45,205 no identity returned from <RedirectingFormPlugin 140352971655120> (None)
2014-07-31 07:18:45,206 no identity returned from <AuthTktCookiePlugin 140352971655056> (None)
2014-07-31 07:18:45,206 identities found: []
2014-07-31 07:18:45,206 no identities found, not authenticating
2014-07-31 07:18:45,210 no challenge required
2014-07-31 07:18:45,210 -- repoze.who request ended (/account/login) --
2014-07-31 07:18:45,407 -- repoze.who request started (/images/ui-bg_highlight-soft_75_cccccc_1x100.png) --
2014-07-31 07:18:45,408 -- repoze.who request started (/images/privacyIDEA-logo-klein.png) --
2014-07-31 07:18:45,409 request classification: browser
2014-07-31 07:18:45,409 identifier plugins registered [<RedirectingFormPlugin 140352971655120>, <AuthTktCookiePlugin 140352971655056>, <BasicAuthPlugin 140352971654864>]
2014-07-31 07:18:45,409 identifier plugins matched for classification "browser": [<RedirectingFormPlugin 140352971655120>, <AuthTktCookiePlugin 140352971655056>]
2014-07-31 07:18:45,409 request classification: browser
2014-07-31 07:18:45,409 no identity returned from <RedirectingFormPlugin 140352971655120> (None)
2014-07-31 07:18:45,409 identifier plugins registered [<RedirectingFormPlugin 140352971655120>, <AuthTktCookiePlugin 140352971655056>, <BasicAuthPlugin 140352971654864>]
2014-07-31 07:18:45,409 no identity returned from <AuthTktCookiePlugin 140352971655056> (None)
2014-07-31 07:18:45,409 identifier plugins matched for classification "browser": [<RedirectingFormPlugin 140352971655120>, <AuthTktCookiePlugin 140352971655056>]
2014-07-31 07:18:45,409 identities found: []
2014-07-31 07:18:45,409 no identity returned from <RedirectingFormPlugin 140352971655120> (None)
2014-07-31 07:18:45,410 no identities found, not authenticating
2014-07-31 07:18:45,410 no identity returned from <AuthTktCookiePlugin 140352971655056> (None)
2014-07-31 07:18:45,410 identities found: []
2014-07-31 07:18:45,410 no identities found, not authenticating
2014-07-31 07:18:45,410 no challenge required
2014-07-31 07:18:45,410 -- repoze.who request ended (/images/ui-bg_highlight-soft_75_cccccc_1x100.png) --
2014-07-31 07:18:45,415 no challenge required
2014-07-31 07:18:45,415 -- repoze.who request ended (/images/privacyIDEA-logo-klein.png) --
2014-07-31 07:18:54,184 -- repoze.who request started (/account/dologin) --
2014-07-31 07:18:54,185 request classification: browser
2014-07-31 07:18:54,185 identifier plugins registered [<RedirectingFormPlugin 140352971655120>, <AuthTktCookiePlugin 140352971655056>, <BasicAuthPlugin 140352971654864>]
2014-07-31 07:18:54,185 identifier plugins matched for classification "browser": [<RedirectingFormPlugin 140352971655120>, <AuthTktCookiePlugin 140352971655056>]
2014-07-31 07:18:54,185 identity returned from <RedirectingFormPlugin 140352971655120>: {'login': 'admin@admin', 'password': 'test', 'realm': 'r2'}
2014-07-31 07:18:54,185 no identity returned from <AuthTktCookiePlugin 140352971655056> (None)
2014-07-31 07:18:54,185 identities found: [(<RedirectingFormPlugin 140352971655120>, {'login': 'admin@admin', 'password': 'test', 'realm': 'r2'})]
2014-07-31 07:18:54,186 authenticator plugins registered [<privacyidea.lib.repoze_auth.UserModelPlugin object at 0x7fa67904c690>]
2014-07-31 07:18:54,186 authenticator plugins matched for classification "browser": [<privacyidea.lib.repoze_auth.UserModelPlugin object at 0x7fa67904c690>]
2014-07-31 07:18:54,192 userid returned from <privacyidea.lib.repoze_auth.UserModelPlugin object at 0x7fa67904c690>: "admin@admin"
2014-07-31 07:18:54,192 identities authenticated: [((0, 0), <privacyidea.lib.repoze_auth.UserModelPlugin object at 0x7fa67904c690>, <RedirectingFormPlugin 140352971655120>, {'login': 'admin@admin', 'password': 'test', 'realm': 'r2', 'repoze.who.userid': 'admin@admin'}, 'admin@admin')]
2014-07-31 07:18:54,193 static downstream application replaced with 302 Found
The resource was found at
http://localhost:5001/account/login

2014-07-31 07:18:54,193 no challenge required
2014-07-31 07:18:54,193 remembering via headers from <RedirectingFormPlugin 140352971655120>: [('Set-Cookie', 'privacyidea_session="5b39ba9006850df0dba70c26fdf67d1453d9d1beadmin%40admin!"; Path=/'), ('Set-Cookie', 'privacyidea_session="5b39ba9006850df0dba70c26fdf67d1453d9d1beadmin%40admin!"; Path=/; Domain=localhost:5001'), ('Set-Cookie', 'privacyidea_session="5b39ba9006850df0dba70c26fdf67d1453d9d1beadmin%40admin!"; Path=/; Domain=.localhost:5001')]
2014-07-31 07:18:54,193 -- repoze.who request ended (/account/dologin) --
2014-07-31 07:18:54,273 -- repoze.who request started (/account/login) --
2014-07-31 07:18:54,273 request classification: browser
2014-07-31 07:18:54,274 identifier plugins registered [<RedirectingFormPlugin 140352971655120>, <AuthTktCookiePlugin 140352971655056>, <BasicAuthPlugin 140352971654864>]
2014-07-31 07:18:54,274 identifier plugins matched for classification "browser": [<RedirectingFormPlugin 140352971655120>, <AuthTktCookiePlugin 140352971655056>]
2014-07-31 07:18:54,274 no identity returned from <RedirectingFormPlugin 140352971655120> (None)
2014-07-31 07:18:54,274 identity returned from <AuthTktCookiePlugin 140352971655056>: {'tokens': [''], 'timestamp': 1406783934, 'repoze.who.userid': 'admin@admin', 'userdata': ''}
2014-07-31 07:18:54,274 identities found: [(<AuthTktCookiePlugin 140352971655056>, {'tokens': [''], 'timestamp': 1406783934, 'repoze.who.userid': 'admin@admin', 'userdata': ''})]
2014-07-31 07:18:54,274 authenticator plugins registered [<privacyidea.lib.repoze_auth.UserModelPlugin object at 0x7fa67904c690>]
2014-07-31 07:18:54,274 authenticator plugins matched for classification "browser": [<privacyidea.lib.repoze_auth.UserModelPlugin object at 0x7fa67904c690>]
2014-07-31 07:18:54,274 userid preauthenticated by <AuthTktCookiePlugin 140352971655056>: "admin@admin" (repoze.who.userid set)
2014-07-31 07:18:54,274 identities authenticated: [((0, 0), None, <AuthTktCookiePlugin 140352971655056>, {'tokens': [''], 'timestamp': 1406783934, 'repoze.who.userid': 'admin@admin', 'userdata': ''}, 'admin@admin')]
2014-07-31 07:18:54,279 no challenge required
2014-07-31 07:18:54,279 -- repoze.who request ended (/account/login) --
2014-07-31 07:18:54,287 -- repoze.who request started (/manage/) --
2014-07-31 07:18:54,287 request classification: browser
2014-07-31 07:18:54,288 identifier plugins registered [<RedirectingFormPlugin 140352971655120>, <AuthTktCookiePlugin 140352971655056>, <BasicAuthPlugin 140352971654864>]
2014-07-31 07:18:54,288 identifier plugins matched for classification "browser": [<RedirectingFormPlugin 140352971655120>, <AuthTktCookiePlugin 140352971655056>]
2014-07-31 07:18:54,288 no identity returned from <RedirectingFormPlugin 140352971655120> (None)
2014-07-31 07:18:54,288 identity returned from <AuthTktCookiePlugin 140352971655056>: {'tokens': [''], 'timestamp': 1406783934, 'repoze.who.userid': 'admin@admin', 'userdata': ''}
2014-07-31 07:18:54,288 identities found: [(<AuthTktCookiePlugin 140352971655056>, {'tokens': [''], 'timestamp': 1406783934, 'repoze.who.userid': 'admin@admin', 'userdata': ''})]
2014-07-31 07:18:54,288 authenticator plugins registered [<privacyidea.lib.repoze_auth.UserModelPlugin object at 0x7fa67904c690>]
2014-07-31 07:18:54,288 authenticator plugins matched for classification "browser": [<privacyidea.lib.repoze_auth.UserModelPlugin object at 0x7fa67904c690>]
2014-07-31 07:18:54,288 userid preauthenticated by <AuthTktCookiePlugin 140352971655056>: "admin@admin" (repoze.who.userid set)
2014-07-31 07:18:54,288 identities authenticated: [((0, 0), None, <AuthTktCookiePlugin 140352971655056>, {'tokens': [''], 'timestamp': 1406783934, 'repoze.who.userid': 'admin@admin', 'userdata': ''}, 'admin@admin')]
2014-07-31 07:18:54,325 no challenge required
2014-07-31 07:18:54,326 -- repoze.who request ended (/manage/) --
2014-07-31 07:18:54,529 -- repoze.who request started (/manage/custom-style.css) --
2014-07-31 07:18:54,530 request classification: browser
2014-07-31 07:18:54,530 identifier plugins registered [<RedirectingFormPlugin 140352971655120>, <AuthTktCookiePlugin 140352971655056>, <BasicAuthPlugin 140352971654864>]
2014-07-31 07:18:54,530 identifier plugins matched for classification "browser": [<RedirectingFormPlugin 140352971655120>, <AuthTktCookiePlugin 140352971655056>]
2014-07-31 07:18:54,530 no identity returned from <RedirectingFormPlugin 140352971655120> (None)
2014-07-31 07:18:54,530 identity returned from <AuthTktCookiePlugin 140352971655056>: {'tokens': [''], 'timestamp': 1406783934, 'repoze.who.userid': 'admin@admin', 'userdata': ''}
2014-07-31 07:18:54,531 identities found: [(<AuthTktCookiePlugin 140352971655056>, {'tokens': [''], 'timestamp': 1406783934, 'repoze.who.userid': 'admin@admin', 'userdata': ''})]
2014-07-31 07:18:54,531 authenticator plugins registered [<privacyidea.lib.repoze_auth.UserModelPlugin object at 0x7fa67904c690>]
2014-07-31 07:18:54,531 authenticator plugins matched for classification "browser": [<privacyidea.lib.repoze_auth.UserModelPlugin object at 0x7fa67904c690>]
2014-07-31 07:18:54,531 userid preauthenticated by <AuthTktCookiePlugin 140352971655056>: "admin@admin" (repoze.who.userid set)
2014-07-31 07:18:54,531 identities authenticated: [((0, 0), None, <AuthTktCookiePlugin 140352971655056>, {'tokens': [''], 'timestamp': 1406783934, 'repoze.who.userid': 'admin@admin', 'userdata': ''}, 'admin@admin')]
2014-07-31 07:18:54,531 -- repoze.who request started (/js/manage.js) --
2014-07-31 07:18:54,532 request classification: browser
2014-07-31 07:18:54,533 identifier plugins registered [<RedirectingFormPlugin 140352971655120>, <AuthTktCookiePlugin 140352971655056>, <BasicAuthPlugin 140352971654864>]
2014-07-31 07:18:54,533 identifier plugins matched for classification "browser": [<RedirectingFormPlugin 140352971655120>, <AuthTktCookiePlugin 140352971655056>]
2014-07-31 07:18:54,533 no identity returned from <RedirectingFormPlugin 140352971655120> (None)
2014-07-31 07:18:54,533 identity returned from <AuthTktCookiePlugin 140352971655056>: {'tokens': [''], 'timestamp': 1406783934, 'repoze.who.userid': 'admin@admin', 'userdata': ''}
2014-07-31 07:18:54,533 identities found: [(<AuthTktCookiePlugin 140352971655056>, {'tokens': [''], 'timestamp': 1406783934, 'repoze.who.userid': 'admin@admin', 'userdata': ''})]
2014-07-31 07:18:54,533 authenticator plugins registered [<privacyidea.lib.repoze_auth.UserModelPlugin object at 0x7fa67904c690>]
2014-07-31 07:18:54,534 authenticator plugins matched for classification "browser": [<privacyidea.lib.repoze_auth.UserModelPlugin object at 0x7fa67904c690>]
2014-07-31 07:18:54,534 userid preauthenticated by <AuthTktCookiePlugin 140352971655056>: "admin@admin" (repoze.who.userid set)
2014-07-31 07:18:54,534 identities authenticated: [((0, 0), None, <AuthTktCookiePlugin 140352971655056>, {'tokens': [''], 'timestamp': 1406783934, 'repoze.who.userid': 'admin@admin', 'userdata': ''}, 'admin@admin')]
2014-07-31 07:18:54,535 no challenge required
2014-07-31 07:18:54,535 -- repoze.who request ended (/js/manage.js) --
2014-07-31 07:18:54,540 no challenge required
2014-07-31 07:18:54,540 -- repoze.who request ended (/manage/custom-style.css) --
2014-07-31 07:18:54,808 -- repoze.who request started (/system/getConfig) --
2014-07-31 07:18:54,808 request classification: browser
2014-07-31 07:18:54,808 identifier plugins registered [<RedirectingFormPlugin 140352971655120>, <AuthTktCookiePlugin 140352971655056>, <BasicAuthPlugin 140352971654864>]
2014-07-31 07:18:54,808 identifier plugins matched for classification "browser": [<RedirectingFormPlugin 140352971655120>, <AuthTktCookiePlugin 140352971655056>]
2014-07-31 07:18:54,808 no identity returned from <RedirectingFormPlugin 140352971655120> (None)
2014-07-31 07:18:54,808 identity returned from <AuthTktCookiePlugin 140352971655056>: {'tokens': [''], 'timestamp': 1406783934, 'repoze.who.userid': 'admin@admin', 'userdata': ''}
2014-07-31 07:18:54,808 identities found: [(<AuthTktCookiePlugin 140352971655056>, {'tokens': [''], 'timestamp': 1406783934, 'repoze.who.userid': 'admin@admin', 'userdata': ''})]
2014-07-31 07:18:54,808 authenticator plugins registered [<privacyidea.lib.repoze_auth.UserModelPlugin object at 0x7fa67904c690>]
2014-07-31 07:18:54,808 authenticator plugins matched for classification "browser": [<privacyidea.lib.repoze_auth.UserModelPlugin object at 0x7fa67904c690>]
2014-07-31 07:18:54,808 userid preauthenticated by <AuthTktCookiePlugin 140352971655056>: "admin@admin" (repoze.who.userid set)
2014-07-31 07:18:54,809 identities authenticated: [((0, 0), None, <AuthTktCookiePlugin 140352971655056>, {'tokens': [''], 'timestamp': 1406783934, 'repoze.who.userid': 'admin@admin', 'userdata': ''}, 'admin@admin')]
2014-07-31 07:18:55,146 no challenge required
2014-07-31 07:18:55,146 -- repoze.who request ended (/system/getConfig) --
2014-07-31 07:19:07,182 -- repoze.who request started (/system/getConfig) --
2014-07-31 07:19:07,183 request classification: browser
2014-07-31 07:19:07,183 identifier plugins registered [<RedirectingFormPlugin 140352971655120>, <AuthTktCookiePlugin 140352971655056>, <BasicAuthPlugin 140352971654864>]
2014-07-31 07:19:07,183 identifier plugins matched for classification "browser": [<RedirectingFormPlugin 140352971655120>, <AuthTktCookiePlugin 140352971655056>]
2014-07-31 07:19:07,183 no identity returned from <RedirectingFormPlugin 140352971655120> (None)
2014-07-31 07:19:07,184 identity returned from <AuthTktCookiePlugin 140352971655056>: {'tokens': [''], 'timestamp': 1406783934, 'repoze.who.userid': 'admin@admin', 'userdata': ''}
2014-07-31 07:19:07,184 identities found: [(<AuthTktCookiePlugin 140352971655056>, {'tokens': [''], 'timestamp': 1406783934, 'repoze.who.userid': 'admin@admin', 'userdata': ''})]
2014-07-31 07:19:07,184 authenticator plugins registered [<privacyidea.lib.repoze_auth.UserModelPlugin object at 0x7fa67904c690>]
2014-07-31 07:19:07,184 authenticator plugins matched for classification "browser": [<privacyidea.lib.repoze_auth.UserModelPlugin object at 0x7fa67904c690>]
2014-07-31 07:19:07,184 userid preauthenticated by <AuthTktCookiePlugin 140352971655056>: "admin@admin" (repoze.who.userid set)
2014-07-31 07:19:07,184 identities authenticated: [((0, 0), None, <AuthTktCookiePlugin 140352971655056>, {'tokens': [''], 'timestamp': 1406783934, 'repoze.who.userid': 'admin@admin', 'userdata': ''}, 'admin@admin')]
2014-07-31 07:19:07,462 no challenge required
2014-07-31 07:19:07,462 -- repoze.who request ended (/system/getConfig) --
2014-07-31 07:19:07,639 -- repoze.who request started (/system/getRealms) --
2014-07-31 07:19:07,640 request classification: browser
2014-07-31 07:19:07,640 identifier plugins registered [<RedirectingFormPlugin 140352971655120>, <AuthTktCookiePlugin 140352971655056>, <BasicAuthPlugin 140352971654864>]
2014-07-31 07:19:07,640 identifier plugins matched for classification "browser": [<RedirectingFormPlugin 140352971655120>, <AuthTktCookiePlugin 140352971655056>]
2014-07-31 07:19:07,640 no identity returned from <RedirectingFormPlugin 140352971655120> (None)
2014-07-31 07:19:07,640 identity returned from <AuthTktCookiePlugin 140352971655056>: {'tokens': [''], 'timestamp': 1406783934, 'repoze.who.userid': 'admin@admin', 'userdata': ''}
2014-07-31 07:19:07,640 identities found: [(<AuthTktCookiePlugin 140352971655056>, {'tokens': [''], 'timestamp': 1406783934, 'repoze.who.userid': 'admin@admin', 'userdata': ''})]
2014-07-31 07:19:07,640 authenticator plugins registered [<privacyidea.lib.repoze_auth.UserModelPlugin object at 0x7fa67904c690>]
2014-07-31 07:19:07,640 authenticator plugins matched for classification "browser": [<privacyidea.lib.repoze_auth.UserModelPlugin object at 0x7fa67904c690>]
2014-07-31 07:19:07,640 userid preauthenticated by <AuthTktCookiePlugin 140352971655056>: "admin@admin" (repoze.who.userid set)
2014-07-31 07:19:07,640 identities authenticated: [((0, 0), None, <AuthTktCookiePlugin 140352971655056>, {'tokens': [''], 'timestamp': 1406783934, 'repoze.who.userid': 'admin@admin', 'userdata': ''}, 'admin@admin')]
2014-07-31 07:19:07,699 -- repoze.who request started (/manage/tokenview) --
2014-07-31 07:19:07,700 request classification: browser
2014-07-31 07:19:07,700 identifier plugins registered [<RedirectingFormPlugin 140352971655120>, <AuthTktCookiePlugin 140352971655056>, <BasicAuthPlugin 140352971654864>]
2014-07-31 07:19:07,700 identifier plugins matched for classification "browser": [<RedirectingFormPlugin 140352971655120>, <AuthTktCookiePlugin 140352971655056>]
2014-07-31 07:19:07,700 no identity returned from <RedirectingFormPlugin 140352971655120> (None)
2014-07-31 07:19:07,700 identity returned from <AuthTktCookiePlugin 140352971655056>: {'tokens': [''], 'timestamp': 1406783934, 'repoze.who.userid': 'admin@admin', 'userdata': ''}
2014-07-31 07:19:07,700 identities found: [(<AuthTktCookiePlugin 140352971655056>, {'tokens': [''], 'timestamp': 1406783934, 'repoze.who.userid': 'admin@admin', 'userdata': ''})]
2014-07-31 07:19:07,700 authenticator plugins registered [<privacyidea.lib.repoze_auth.UserModelPlugin object at 0x7fa67904c690>]
2014-07-31 07:19:07,700 authenticator plugins matched for classification "browser": [<privacyidea.lib.repoze_auth.UserModelPlugin object at 0x7fa67904c690>]
2014-07-31 07:19:07,700 userid preauthenticated by <AuthTktCookiePlugin 140352971655056>: "admin@admin" (repoze.who.userid set)
2014-07-31 07:19:07,700 identities authenticated: [((0, 0), None, <AuthTktCookiePlugin 140352971655056>, {'tokens': [''], 'timestamp': 1406783934, 'repoze.who.userid': 'admin@admin', 'userdata': ''}, 'admin@admin')]
2014-07-31 07:19:07,772 no challenge required
2014-07-31 07:19:07,772 -- repoze.who request ended (/manage/tokenview) --
2014-07-31 07:19:07,897 no challenge required
2014-07-31 07:19:07,897 -- repoze.who request ended (/system/getRealms) --
2014-07-31 07:19:07,932 -- repoze.who request started (/manage/tokenview_flexi) --
2014-07-31 07:19:07,932 request classification: browser
2014-07-31 07:19:07,933 identifier plugins registered [<RedirectingFormPlugin 140352971655120>, <AuthTktCookiePlugin 140352971655056>, <BasicAuthPlugin 140352971654864>]
2014-07-31 07:19:07,933 identifier plugins matched for classification "browser": [<RedirectingFormPlugin 140352971655120>, <AuthTktCookiePlugin 140352971655056>]
2014-07-31 07:19:07,933 no identity returned from <RedirectingFormPlugin 140352971655120> (None)
2014-07-31 07:19:07,933 identity returned from <AuthTktCookiePlugin 140352971655056>: {'tokens': [''], 'timestamp': 1406783934, 'repoze.who.userid': 'admin@admin', 'userdata': ''}
2014-07-31 07:19:07,933 identities found: [(<AuthTktCookiePlugin 140352971655056>, {'tokens': [''], 'timestamp': 1406783934, 'repoze.who.userid': 'admin@admin', 'userdata': ''})]
2014-07-31 07:19:07,933 authenticator plugins registered [<privacyidea.lib.repoze_auth.UserModelPlugin object at 0x7fa67904c690>]
2014-07-31 07:19:07,933 authenticator plugins matched for classification "browser": [<privacyidea.lib.repoze_auth.UserModelPlugin object at 0x7fa67904c690>]
2014-07-31 07:19:07,933 userid preauthenticated by <AuthTktCookiePlugin 140352971655056>: "admin@admin" (repoze.who.userid set)
2014-07-31 07:19:07,933 identities authenticated: [((0, 0), None, <AuthTktCookiePlugin 140352971655056>, {'tokens': [''], 'timestamp': 1406783934, 'repoze.who.userid': 'admin@admin', 'userdata': ''}, 'admin@admin')]
2014-07-31 07:19:08,155 no challenge required
2014-07-31 07:19:08,155 -- repoze.who request ended (/manage/tokenview_flexi) --
2014-07-31 07:19:11,364 -- repoze.who request started (/system/getConfig) --
2014-07-31 07:19:11,364 request classification: browser
2014-07-31 07:19:11,364 identifier plugins registered [<RedirectingFormPlugin 140352971655120>, <AuthTktCookiePlugin 140352971655056>, <BasicAuthPlugin 140352971654864>]
2014-07-31 07:19:11,364 identifier plugins matched for classification "browser": [<RedirectingFormPlugin 140352971655120>, <AuthTktCookiePlugin 140352971655056>]
2014-07-31 07:19:11,364 no identity returned from <RedirectingFormPlugin 140352971655120> (None)
2014-07-31 07:19:11,364 identity returned from <AuthTktCookiePlugin 140352971655056>: {'tokens': [''], 'timestamp': 1406783934, 'repoze.who.userid': 'admin@admin', 'userdata': ''}
2014-07-31 07:19:11,365 identities found: [(<AuthTktCookiePlugin 140352971655056>, {'tokens': [''], 'timestamp': 1406783934, 'repoze.who.userid': 'admin@admin', 'userdata': ''})]
2014-07-31 07:19:11,365 authenticator plugins registered [<privacyidea.lib.repoze_auth.UserModelPlugin object at 0x7fa67904c690>]
2014-07-31 07:19:11,365 authenticator plugins matched for classification "browser": [<privacyidea.lib.repoze_auth.UserModelPlugin object at 0x7fa67904c690>]
2014-07-31 07:19:11,365 userid preauthenticated by <AuthTktCookiePlugin 140352971655056>: "admin@admin" (repoze.who.userid set)
2014-07-31 07:19:11,365 identities authenticated: [((0, 0), None, <AuthTktCookiePlugin 140352971655056>, {'tokens': [''], 'timestamp': 1406783934, 'repoze.who.userid': 'admin@admin', 'userdata': ''}, 'admin@admin')]
2014-07-31 07:19:11,600 no challenge required
2014-07-31 07:19:11,600 -- repoze.who request ended (/system/getConfig) --
2014-07-31 07:19:19,816 -- repoze.who request started (/system/getConfig) --
2014-07-31 07:19:19,816 request classification: browser
2014-07-31 07:19:19,816 identifier plugins registered [<RedirectingFormPlugin 140352971655120>, <AuthTktCookiePlugin 140352971655056>, <BasicAuthPlugin 140352971654864>]
2014-07-31 07:19:19,816 identifier plugins matched for classification "browser": [<RedirectingFormPlugin 140352971655120>, <AuthTktCookiePlugin 140352971655056>]
2014-07-31 07:19:19,816 no identity returned from <RedirectingFormPlugin 140352971655120> (None)
2014-07-31 07:19:19,816 identity returned from <AuthTktCookiePlugin 140352971655056>: {'tokens': [''], 'timestamp': 1406783934, 'repoze.who.userid': 'admin@admin', 'userdata': ''}
2014-07-31 07:19:19,816 identities found: [(<AuthTktCookiePlugin 140352971655056>, {'tokens': [''], 'timestamp': 1406783934, 'repoze.who.userid': 'admin@admin', 'userdata': ''})]
2014-07-31 07:19:19,816 authenticator plugins registered [<privacyidea.lib.repoze_auth.UserModelPlugin object at 0x7fa67904c690>]
2014-07-31 07:19:19,816 authenticator plugins matched for classification "browser": [<privacyidea.lib.repoze_auth.UserModelPlugin object at 0x7fa67904c690>]
2014-07-31 07:19:19,816 userid preauthenticated by <AuthTktCookiePlugin 140352971655056>: "admin@admin" (repoze.who.userid set)
2014-07-31 07:19:19,816 identities authenticated: [((0, 0), None, <AuthTktCookiePlugin 140352971655056>, {'tokens': [''], 'timestamp': 1406783934, 'repoze.who.userid': 'admin@admin', 'userdata': ''}, 'admin@admin')]
2014-07-31 07:19:20,104 no challenge required
2014-07-31 07:19:20,104 -- repoze.who request ended (/system/getConfig) --
2014-07-31 07:20:03,671 -- repoze.who request started (/admin/init) --
2014-07-31 07:20:03,672 request classification: browser
2014-07-31 07:20:03,672 identifier plugins registered [<RedirectingFormPlugin 140352971655120>, <AuthTktCookiePlugin 140352971655056>, <BasicAuthPlugin 140352971654864>]
2014-07-31 07:20:03,672 identifier plugins matched for classification "browser": [<RedirectingFormPlugin 140352971655120>, <AuthTktCookiePlugin 140352971655056>]
2014-07-31 07:20:03,672 no identity returned from <RedirectingFormPlugin 140352971655120> (None)
2014-07-31 07:20:03,672 identity returned from <AuthTktCookiePlugin 140352971655056>: {'tokens': [''], 'timestamp': 1406783934, 'repoze.who.userid': 'admin@admin', 'userdata': ''}
2014-07-31 07:20:03,672 identities found: [(<AuthTktCookiePlugin 140352971655056>, {'tokens': [''], 'timestamp': 1406783934, 'repoze.who.userid': 'admin@admin', 'userdata': ''})]
2014-07-31 07:20:03,672 authenticator plugins registered [<privacyidea.lib.repoze_auth.UserModelPlugin object at 0x7fa67904c690>]
2014-07-31 07:20:03,672 authenticator plugins matched for classification "browser": [<privacyidea.lib.repoze_auth.UserModelPlugin object at 0x7fa67904c690>]
2014-07-31 07:20:03,672 userid preauthenticated by <AuthTktCookiePlugin 140352971655056>: "admin@admin" (repoze.who.userid set)
2014-07-31 07:20:03,672 identities authenticated: [((0, 0), None, <AuthTktCookiePlugin 140352971655056>, {'tokens': [''], 'timestamp': 1406783934, 'repoze.who.userid': 'admin@admin', 'userdata': ''}, 'admin@admin')]
2014-07-31 07:20:04,312 no challenge required
2014-07-31 07:20:04,312 -- repoze.who request ended (/admin/init) --
2014-07-31 07:20:04,434 -- repoze.who request started (/manage/tokenview_flexi) --
2014-07-31 07:20:04,435 request classification: browser
2014-07-31 07:20:04,435 identifier plugins registered [<RedirectingFormPlugin 140352971655120>, <AuthTktCookiePlugin 140352971655056>, <BasicAuthPlugin 140352971654864>]
2014-07-31 07:20:04,435 identifier plugins matched for classification "browser": [<RedirectingFormPlugin 140352971655120>, <AuthTktCookiePlugin 140352971655056>]
2014-07-31 07:20:04,435 no identity returned from <RedirectingFormPlugin 140352971655120> (None)
2014-07-31 07:20:04,435 identity returned from <AuthTktCookiePlugin 140352971655056>: {'tokens': [''], 'timestamp': 1406783934, 'repoze.who.userid': 'admin@admin', 'userdata': ''}
2014-07-31 07:20:04,435 identities found: [(<AuthTktCookiePlugin 140352971655056>, {'tokens': [''], 'timestamp': 1406783934, 'repoze.who.userid': 'admin@admin', 'userdata': ''})]
2014-07-31 07:20:04,436 authenticator plugins registered [<privacyidea.lib.repoze_auth.UserModelPlugin object at 0x7fa67904c690>]
2014-07-31 07:20:04,436 authenticator plugins matched for classification "browser": [<privacyidea.lib.repoze_auth.UserModelPlugin object at 0x7fa67904c690>]
2014-07-31 07:20:04,436 userid preauthenticated by <AuthTktCookiePlugin 140352971655056>: "admin@admin" (repoze.who.userid set)
2014-07-31 07:20:04,436 identities authenticated: [((0, 0), None, <AuthTktCookiePlugin 140352971655056>, {'tokens': [''], 'timestamp': 1406783934, 'repoze.who.userid': 'admin@admin', 'userdata': ''}, 'admin@admin')]
2014-07-31 07:20:04,680 no challenge required
2014-07-31 07:20:04,680 -- repoze.who request ended (/manage/tokenview_flexi) --
2014-07-31 07:20:07,341 -- repoze.who request started (/css/smoothness/images/ui-bg_glass_95_fef1ec_1x400.png) --
2014-07-31 07:20:07,342 request classification: browser
2014-07-31 07:20:07,342 identifier plugins registered [<RedirectingFormPlugin 140352971655120>, <AuthTktCookiePlugin 140352971655056>, <BasicAuthPlugin 140352971654864>]
2014-07-31 07:20:07,342 identifier plugins matched for classification "browser": [<RedirectingFormPlugin 140352971655120>, <AuthTktCookiePlugin 140352971655056>]
2014-07-31 07:20:07,342 no identity returned from <RedirectingFormPlugin 140352971655120> (None)
2014-07-31 07:20:07,342 identity returned from <AuthTktCookiePlugin 140352971655056>: {'tokens': [''], 'timestamp': 1406783934, 'repoze.who.userid': 'admin@admin', 'userdata': ''}
2014-07-31 07:20:07,342 identities found: [(<AuthTktCookiePlugin 140352971655056>, {'tokens': [''], 'timestamp': 1406783934, 'repoze.who.userid': 'admin@admin', 'userdata': ''})]
2014-07-31 07:20:07,342 authenticator plugins registered [<privacyidea.lib.repoze_auth.UserModelPlugin object at 0x7fa67904c690>]
2014-07-31 07:20:07,342 authenticator plugins matched for classification "browser": [<privacyidea.lib.repoze_auth.UserModelPlugin object at 0x7fa67904c690>]
2014-07-31 07:20:07,342 userid preauthenticated by <AuthTktCookiePlugin 140352971655056>: "admin@admin" (repoze.who.userid set)
2014-07-31 07:20:07,342 identities authenticated: [((0, 0), None, <AuthTktCookiePlugin 140352971655056>, {'tokens': [''], 'timestamp': 1406783934, 'repoze.who.userid': 'admin@admin', 'userdata': ''}, 'admin@admin')]
2014-07-31 07:20:07,342 no challenge required
2014-07-31 07:20:07,342 -- repoze.who request ended (/css/smoothness/images/ui-bg_glass_95_fef1ec_1x400.png) --
2014-07-31 07:20:12,930 -- repoze.who request started (/admin/set) --
2014-07-31 07:20:12,930 request classification: browser
2014-07-31 07:20:12,930 identifier plugins registered [<RedirectingFormPlugin 140352971655120>, <AuthTktCookiePlugin 140352971655056>, <BasicAuthPlugin 140352971654864>]
2014-07-31 07:20:12,930 identifier plugins matched for classification "browser": [<RedirectingFormPlugin 140352971655120>, <AuthTktCookiePlugin 140352971655056>]
2014-07-31 07:20:12,930 no identity returned from <RedirectingFormPlugin 140352971655120> (None)
2014-07-31 07:20:12,931 identity returned from <AuthTktCookiePlugin 140352971655056>: {'tokens': [''], 'timestamp': 1406783934, 'repoze.who.userid': 'admin@admin', 'userdata': ''}
2014-07-31 07:20:12,931 identities found: [(<AuthTktCookiePlugin 140352971655056>, {'tokens': [''], 'timestamp': 1406783934, 'repoze.who.userid': 'admin@admin', 'userdata': ''})]
2014-07-31 07:20:12,931 authenticator plugins registered [<privacyidea.lib.repoze_auth.UserModelPlugin object at 0x7fa67904c690>]
2014-07-31 07:20:12,931 authenticator plugins matched for classification "browser": [<privacyidea.lib.repoze_auth.UserModelPlugin object at 0x7fa67904c690>]
2014-07-31 07:20:12,931 userid preauthenticated by <AuthTktCookiePlugin 140352971655056>: "admin@admin" (repoze.who.userid set)
2014-07-31 07:20:12,931 identities authenticated: [((0, 0), None, <AuthTktCookiePlugin 140352971655056>, {'tokens': [''], 'timestamp': 1406783934, 'repoze.who.userid': 'admin@admin', 'userdata': ''}, 'admin@admin')]
2014-07-31 07:20:13,372 no challenge required
2014-07-31 07:20:13,373 -- repoze.who request ended (/admin/set) --
etermined: AddrFormatError('invalid IPNetwork ',)
2014/07/31 - 07:19:07 ERROR {140352853882624} [privacyidea.lib.auth][is_client_in_basic_auth #58] Can not be determined: AddrFormatError('invalid IPNetwork ',)
2014/07/31 - 07:19:07 ERROR {140352853882624} [privacyidea.lib.audit][readKeys #157] Error reading private key /home/cornelius/src/privacyidea/config/private.pem: (IOError(2, 'No such file or directory'))
2014/07/31 - 07:19:07 ERROR {140352853882624} [privacyidea.lib.audit][readKeys #157] Error reading private key /home/cornelius/src/privacyidea/config/private.pem: (IOError(2, 'No such file or directory'))
2014/07/31 - 07:19:07 ERROR {140352853882624} [privacyidea.lib.audit][readKeys #164] Error reading public key /home/cornelius/src/privacyidea/config/public.pem: (IOError(2, 'No such file or directory'))
2014/07/31 - 07:19:07 ERROR {140352853882624} [privacyidea.lib.audit][readKeys #164] Error reading public key /home/cornelius/src/privacyidea/config/public.pem: (IOError(2, 'No such file or directory'))
2014/07/31 - 07:19:07 INFO  {140352853882624} [privacyidea.lib.auditmodules.sqlaudit][__init__ #113] using the connect string sqlite:////home/cornelius/src/privacyidea/config/token.sqlite
2014/07/31 - 07:19:07 INFO  {140352853882624} [privacyidea.lib.auditmodules.sqlaudit][__init__ #113] using the connect string sqlite:////home/cornelius/src/privacyidea/config/token.sqlite
2014/07/31 - 07:19:07 INFO  {140352853882624} [privacyidea.lib.util][check_session #182] nothing to check
2014/07/31 - 07:19:07 INFO  {140352853882624} [privacyidea.lib.util][check_session #182] nothing to check
2014/07/31 - 07:19:07 ERROR {140352870668032} [privacyidea.lib.auth][is_client_in_basic_auth #58] Can not be determined: AddrFormatError('invalid IPNetwork ',)
2014/07/31 - 07:19:07 ERROR {140352870668032} [privacyidea.lib.auth][is_client_in_basic_auth #58] Can not be determined: AddrFormatError('invalid IPNetwork ',)
2014/07/31 - 07:19:07 ERROR {140352870668032} [privacyidea.lib.audit][readKeys #157] Error reading private key /home/cornelius/src/privacyidea/config/private.pem: (IOError(2, 'No such file or directory'))
2014/07/31 - 07:19:07 ERROR {140352870668032} [privacyidea.lib.audit][readKeys #157] Error reading private key /home/cornelius/src/privacyidea/config/private.pem: (IOError(2, 'No such file or directory'))
2014/07/31 - 07:19:07 ERROR {140352870668032} [privacyidea.lib.audit][readKeys #164] Error reading public key /home/cornelius/src/privacyidea/config/public.pem: (IOError(2, 'No such file or directory'))
2014/07/31 - 07:19:07 ERROR {140352870668032} [privacyidea.lib.audit][readKeys #164] Error reading public key /home/cornelius/src/privacyidea/config/public.pem: (IOError(2, 'No such file or directory'))
2014/07/31 - 07:19:07 INFO  {140352870668032} [privacyidea.lib.auditmodules.sqlaudit][__init__ #113] using the connect string sqlite:////home/cornelius/src/privacyidea/config/token.sqlite
2014/07/31 - 07:19:07 INFO  {140352870668032} [privacyidea.lib.auditmodules.sqlaudit][__init__ #113] using the connect string sqlite:////home/cornelius/src/privacyidea/config/token.sqlite
2014/07/31 - 07:19:07 INFO  {140352870668032} [privacyidea.lib.util][check_session #191] session: 5b39ba9006850df0dba70c26fdf67d1453d9d1be
2014/07/31 - 07:19:07 INFO  {140352870668032} [privacyidea.lib.util][check_session #191] session: 5b39ba9006850df0dba70c26fdf67d1453d9d1be
2014/07/31 - 07:19:07 INFO  {140352870668032} [privacyidea.lib.util][check_session #192] cookie:  5b39ba9006850df0dba70c26fdf67d1453d9d1be
2014/07/31 - 07:19:07 INFO  {140352870668032} [privacyidea.lib.util][check_session #192] cookie:  5b39ba9006850df0dba70c26fdf67d1453d9d1be
2014/07/31 - 07:19:07 INFO  {140352870668032} [privacyidea.lib.policy][getAdminPolicies #355] No policies in scope admin found. Admin authorization will be disabled.
2014/07/31 - 07:19:07 INFO  {140352870668032} [privacyidea.lib.policy][getAdminPolicies #355] No policies in scope admin found. Admin authorization will be disabled.
2014/07/31 - 07:19:07 INFO  {140352870668032} [privacyidea.lib.policy][getAdminPolicies #362] Evaluating policies for the user: admin@admin
2014/07/31 - 07:19:07 INFO  {140352870668032} [privacyidea.lib.policy][getAdminPolicies #362] Evaluating policies for the user: admin@admin
2014/07/31 - 07:19:07 INFO  {140352870668032} [privacyidea.lib.policy][getAdminPolicies #355] No policies in scope admin found. Admin authorization will be disabled.
2014/07/31 - 07:19:07 INFO  {140352870668032} [privacyidea.lib.policy][getAdminPolicies #355] No policies in scope admin found. Admin authorization will be disabled.
2014/07/31 - 07:19:07 INFO  {140352870668032} [privacyidea.lib.policy][getAdminPolicies #362] Evaluating policies for the user: admin@admin
2014/07/31 - 07:19:07 INFO  {140352870668032} [privacyidea.lib.policy][getAdminPolicies #362] Evaluating policies for the user: admin@admin
2014/07/31 - 07:19:07 ERROR {140352870668032} [privacyidea.lib.user][getUserInfo #668] resolver u'privacyidea.lib.resolvers.SCIMIdResolver.IdResolver.asdfasdf' notfound! :error(111, 'Connection refused')
2014/07/31 - 07:19:07 ERROR {140352870668032} [privacyidea.lib.user][getUserInfo #668] resolver u'privacyidea.lib.resolvers.SCIMIdResolver.IdResolver.asdfasdf' notfound! :error(111, 'Connection refused')
2014/07/31 - 07:19:11 ERROR {140352862275328} [privacyidea.lib.auth][is_client_in_basic_auth #58] Can not be determined: AddrFormatError('invalid IPNetwork ',)
2014/07/31 - 07:19:11 ERROR {140352862275328} [privacyidea.lib.auth][is_client_in_basic_auth #58] Can not be determined: AddrFormatError('invalid IPNetwork ',)
2014/07/31 - 07:19:11 ERROR {140352862275328} [privacyidea.lib.audit][readKeys #157] Error reading private key /home/cornelius/src/privacyidea/config/private.pem: (IOError(2, 'No such file or directory'))
2014/07/31 - 07:19:11 ERROR {140352862275328} [privacyidea.lib.audit][readKeys #157] Error reading private key /home/cornelius/src/privacyidea/config/private.pem: (IOError(2, 'No such file or directory'))
2014/07/31 - 07:19:11 ERROR {140352862275328} [privacyidea.lib.audit][readKeys #164] Error reading public key /home/cornelius/src/privacyidea/config/public.pem: (IOError(2, 'No such file or directory'))
2014/07/31 - 07:19:11 ERROR {140352862275328} [privacyidea.lib.audit][readKeys #164] Error reading public key /home/cornelius/src/privacyidea/config/public.pem: (IOError(2, 'No such file or directory'))
2014/07/31 - 07:19:11 INFO  {140352862275328} [privacyidea.lib.auditmodules.sqlaudit][__init__ #113] using the connect string sqlite:////home/cornelius/src/privacyidea/config/token.sqlite
2014/07/31 - 07:19:11 INFO  {140352862275328} [privacyidea.lib.auditmodules.sqlaudit][__init__ #113] using the connect string sqlite:////home/cornelius/src/privacyidea/config/token.sqlite
2014/07/31 - 07:19:11 INFO  {140352862275328} [privacyidea.lib.util][check_session #191] session: 5b39ba9006850df0dba70c26fdf67d1453d9d1be
2014/07/31 - 07:19:11 INFO  {140352862275328} [privacyidea.lib.util][check_session #191] session: 5b39ba9006850df0dba70c26fdf67d1453d9d1be
2014/07/31 - 07:19:11 INFO  {140352862275328} [privacyidea.lib.util][check_session #192] cookie:  5b39ba9006850df0dba70c26fdf67d1453d9d1be
2014/07/31 - 07:19:11 INFO  {140352862275328} [privacyidea.lib.util][check_session #192] cookie:  5b39ba9006850df0dba70c26fdf67d1453d9d1be
2014/07/31 - 07:19:11 INFO  {140352862275328} [privacyidea.lib.policy][getAuthorization #423] No policies in scope system found. Checking of scope system be disabled.
2014/07/31 - 07:19:11 INFO  {140352862275328} [privacyidea.lib.policy][getAuthorization #423] No policies in scope system found. Checking of scope system be disabled.
2014/07/31 - 07:19:19 ERROR {140352845489920} [privacyidea.lib.auth][is_client_in_basic_auth #58] Can not be determined: AddrFormatError('invalid IPNetwork ',)
2014/07/31 - 07:19:19 ERROR {140352845489920} [privacyidea.lib.auth][is_client_in_basic_auth #58] Can not be determined: AddrFormatError('invalid IPNetwork ',)
2014/07/31 - 07:19:19 ERROR {140352845489920} [privacyidea.lib.audit][readKeys #157] Error reading private key /home/cornelius/src/privacyidea/config/private.pem: (IOError(2, 'No such file or directory'))
2014/07/31 - 07:19:19 ERROR {140352845489920} [privacyidea.lib.audit][readKeys #157] Error reading private key /home/cornelius/src/privacyidea/config/private.pem: (IOError(2, 'No such file or directory'))
2014/07/31 - 07:19:19 ERROR {140352845489920} [privacyidea.lib.audit][readKeys #164] Error reading public key /home/cornelius/src/privacyidea/config/public.pem: (IOError(2, 'No such file or directory'))
2014/07/31 - 07:19:19 ERROR {140352845489920} [privacyidea.lib.audit][readKeys #164] Error reading public key /home/cornelius/src/privacyidea/config/public.pem: (IOError(2, 'No such file or directory'))
2014/07/31 - 07:19:19 INFO  {140352845489920} [privacyidea.lib.auditmodules.sqlaudit][__init__ #113] using the connect string sqlite:////home/cornelius/src/privacyidea/config/token.sqlite
2014/07/31 - 07:19:19 INFO  {140352845489920} [privacyidea.lib.auditmodules.sqlaudit][__init__ #113] using the connect string sqlite:////home/cornelius/src/privacyidea/config/token.sqlite
2014/07/31 - 07:19:19 INFO  {140352845489920} [privacyidea.lib.util][check_session #191] session: 5b39ba9006850df0dba70c26fdf67d1453d9d1be
2014/07/31 - 07:19:19 INFO  {140352845489920} [privacyidea.lib.util][check_session #191] session: 5b39ba9006850df0dba70c26fdf67d1453d9d1be
2014/07/31 - 07:19:19 INFO  {140352845489920} [privacyidea.lib.util][check_session #192] cookie:  5b39ba9006850df0dba70c26fdf67d1453d9d1be
2014/07/31 - 07:19:19 INFO  {140352845489920} [privacyidea.lib.util][check_session #192] cookie:  5b39ba9006850df0dba70c26fdf67d1453d9d1be
2014/07/31 - 07:19:19 INFO  {140352845489920} [privacyidea.lib.policy][getAuthorization #423] No policies in scope system found. Checking of scope system be disabled.
2014/07/31 - 07:19:19 INFO  {140352845489920} [privacyidea.lib.policy][getAuthorization #423] No policies in scope system found. Checking of scope system be disabled.
2014/07/31 - 07:20:03 ERROR {140352837097216} [privacyidea.lib.auth][is_client_in_basic_auth #58] Can not be determined: AddrFormatError('invalid IPNetwork ',)
2014/07/31 - 07:20:03 ERROR {140352837097216} [privacyidea.lib.auth][is_client_in_basic_auth #58] Can not be determined: AddrFormatError('invalid IPNetwork ',)
2014/07/31 - 07:20:03 ERROR {140352837097216} [privacyidea.lib.audit][readKeys #157] Error reading private key /home/cornelius/src/privacyidea/config/private.pem: (IOError(2, 'No such file or directory'))
2014/07/31 - 07:20:03 ERROR {140352837097216} [privacyidea.lib.audit][readKeys #157] Error reading private key /home/cornelius/src/privacyidea/config/private.pem: (IOError(2, 'No such file or directory'))
2014/07/31 - 07:20:03 ERROR {140352837097216} [privacyidea.lib.audit][readKeys #164] Error reading public key /home/cornelius/src/privacyidea/config/public.pem: (IOError(2, 'No such file or directory'))
2014/07/31 - 07:20:03 ERROR {140352837097216} [privacyidea.lib.audit][readKeys #164] Error reading public key /home/cornelius/src/privacyidea/config/public.pem: (IOError(2, 'No such file or directory'))
2014/07/31 - 07:20:03 INFO  {140352837097216} [privacyidea.lib.auditmodules.sqlaudit][__init__ #113] using the connect string sqlite:////home/cornelius/src/privacyidea/config/token.sqlite
2014/07/31 - 07:20:03 INFO  {140352837097216} [privacyidea.lib.auditmodules.sqlaudit][__init__ #113] using the connect string sqlite:////home/cornelius/src/privacyidea/config/token.sqlite
2014/07/31 - 07:20:03 INFO  {140352837097216} [privacyidea.lib.util][check_session #191] session: 5b39ba9006850df0dba70c26fdf67d1453d9d1be
2014/07/31 - 07:20:03 INFO  {140352837097216} [privacyidea.lib.util][check_session #191] session: 5b39ba9006850df0dba70c26fdf67d1453d9d1be
2014/07/31 - 07:20:03 INFO  {140352837097216} [privacyidea.lib.util][check_session #192] cookie:  5b39ba9006850df0dba70c26fdf67d1453d9d1be
2014/07/31 - 07:20:03 INFO  {140352837097216} [privacyidea.lib.util][check_session #192] cookie:  5b39ba9006850df0dba70c26fdf67d1453d9d1be
2014/07/31 - 07:20:03 INFO  {140352837097216} [privacyidea.lib.policy][getAdminPolicies #355] No policies in scope admin found. Admin authorization will be disabled.
2014/07/31 - 07:20:03 INFO  {140352837097216} [privacyidea.lib.policy][getAdminPolicies #355] No policies in scope admin found. Admin authorization will be disabled.
2014/07/31 - 07:20:03 INFO  {140352837097216} [privacyidea.lib.policy][getAdminPolicies #362] Evaluating policies for the user: admin@admin
2014/07/31 - 07:20:03 INFO  {140352837097216} [privacyidea.lib.policy][getAdminPolicies #362] Evaluating policies for the user: admin@admin
2014/07/31 - 07:20:03 INFO  {140352837097216} [privacyidea.controllers.admin][init #684] initialize token. user: , serial: SSHK000214BF
2014/07/31 - 07:20:03 INFO  {140352837097216} [privacyidea.controllers.admin][init #684] initialize token. user: , serial: SSHK000214BF
2014/07/31 - 07:20:03 ERROR {140352837097216} [privacyidea.model][wrapper #103] Error during logging of function createToken! __str__ returned non-string (type NoneType)
2014/07/31 - 07:20:03 ERROR {140352837097216} [privacyidea.model][wrapper #103] Error during logging of function createToken! __str__ returned non-string (type NoneType)
2014/07/31 - 07:20:04 INFO  {140352837097216} [privacyidea.lib.tokenclass][getInitDetail #1138] failed to set oath or google url: TypeError('Non-hexadecimal digit found',)
2014/07/31 - 07:20:04 INFO  {140352837097216} [privacyidea.lib.tokenclass][getInitDetail #1138] failed to set oath or google url: TypeError('Non-hexadecimal digit found',)
2014/07/31 - 07:20:04 ERROR {140352342189824} [privacyidea.lib.auth][is_client_in_basic_auth #58] Can not be determined: AddrFormatError('invalid IPNetwork ',)
2014/07/31 - 07:20:04 ERROR {140352342189824} [privacyidea.lib.auth][is_client_in_basic_auth #58] Can not be determined: AddrFormatError('invalid IPNetwork ',)
2014/07/31 - 07:20:04 ERROR {140352342189824} [privacyidea.lib.audit][readKeys #157] Error reading private key /home/cornelius/src/privacyidea/config/private.pem: (IOError(2, 'No such file or directory'))
2014/07/31 - 07:20:04 ERROR {140352342189824} [privacyidea.lib.audit][readKeys #157] Error reading private key /home/cornelius/src/privacyidea/config/private.pem: (IOError(2, 'No such file or directory'))
2014/07/31 - 07:20:04 ERROR {140352342189824} [privacyidea.lib.audit][readKeys #164] Error reading public key /home/cornelius/src/privacyidea/config/public.pem: (IOError(2, 'No such file or directory'))
2014/07/31 - 07:20:04 ERROR {140352342189824} [privacyidea.lib.audit][readKeys #164] Error reading public key /home/cornelius/src/privacyidea/config/public.pem: (IOError(2, 'No such file or directory'))
2014/07/31 - 07:20:04 INFO  {140352342189824} [privacyidea.lib.auditmodules.sqlaudit][__init__ #113] using the connect string sqlite:////home/cornelius/src/privacyidea/config/token.sqlite
2014/07/31 - 07:20:04 INFO  {140352342189824} [privacyidea.lib.auditmodules.sqlaudit][__init__ #113] using the connect string sqlite:////home/cornelius/src/privacyidea/config/token.sqlite
2014/07/31 - 07:20:04 INFO  {140352342189824} [privacyidea.lib.util][check_session #191] session: 5b39ba9006850df0dba70c26fdf67d1453d9d1be
2014/07/31 - 07:20:04 INFO  {140352342189824} [privacyidea.lib.util][check_session #191] session: 5b39ba9006850df0dba70c26fdf67d1453d9d1be
2014/07/31 - 07:20:04 INFO  {140352342189824} [privacyidea.lib.util][check_session #192] cookie:  5b39ba9006850df0dba70c26fdf67d1453d9d1be
2014/07/31 - 07:20:04 INFO  {140352342189824} [privacyidea.lib.util][check_session #192] cookie:  5b39ba9006850df0dba70c26fdf67d1453d9d1be
2014/07/31 - 07:20:04 INFO  {140352342189824} [privacyidea.lib.policy][getAdminPolicies #355] No policies in scope admin found. Admin authorization will be disabled.
2014/07/31 - 07:20:04 INFO  {140352342189824} [privacyidea.lib.policy][getAdminPolicies #355] No policies in scope admin found. Admin authorization will be disabled.
2014/07/31 - 07:20:04 INFO  {140352342189824} [privacyidea.lib.policy][getAdminPolicies #362] Evaluating policies for the user: admin@admin
2014/07/31 - 07:20:04 INFO  {140352342189824} [privacyidea.lib.policy][getAdminPolicies #362] Evaluating policies for the user: admin@admin
2014/07/31 - 07:20:04 INFO  {140352342189824} [privacyidea.lib.policy][getAdminPolicies #355] No policies in scope admin found. Admin authorization will be disabled.
2014/07/31 - 07:20:04 INFO  {140352342189824} [privacyidea.lib.policy][getAdminPolicies #355] No policies in scope admin found. Admin authorization will be disabled.
2014/07/31 - 07:20:04 INFO  {140352342189824} [privacyidea.lib.policy][getAdminPolicies #362] Evaluating policies for the user: admin@admin
2014/07/31 - 07:20:04 INFO  {140352342189824} [privacyidea.lib.policy][getAdminPolicies #362] Evaluating policies for the user: admin@admin
2014/07/31 - 07:20:04 ERROR {140352342189824} [privacyidea.lib.user][getUserInfo #668] resolver u'privacyidea.lib.resolvers.SCIMIdResolver.IdResolver.asdfasdf' notfound! :error(111, 'Connection refused')
2014/07/31 - 07:20:04 ERROR {140352342189824} [privacyidea.lib.user][getUserInfo #668] resolver u'privacyidea.lib.resolvers.SCIMIdResolver.IdResolver.asdfasdf' notfound! :error(111, 'Connection refused')
2014/07/31 - 07:20:07 ERROR {140352350582528} [privacyidea.lib.auth][is_client_in_basic_auth #58] Can not be determined: AddrFormatError('invalid IPNetwork ',)
2014/07/31 - 07:20:07 ERROR {140352350582528} [privacyidea.lib.auth][is_client_in_basic_auth #58] Can not be determined: AddrFormatError('invalid IPNetwork ',)
2014/07/31 - 07:20:12 ERROR {140352887453440} [privacyidea.lib.auth][is_client_in_basic_auth #58] Can not be determined: AddrFormatError('invalid IPNetwork ',)
2014/07/31 - 07:20:12 ERROR {140352887453440} [privacyidea.lib.auth][is_client_in_basic_auth #58] Can not be determined: AddrFormatError('invalid IPNetwork ',)
2014/07/31 - 07:20:12 ERROR {140352887453440} [privacyidea.lib.audit][readKeys #157] Error reading private key /home/cornelius/src/privacyidea/config/private.pem: (IOError(2, 'No such file or directory'))
2014/07/31 - 07:20:12 ERROR {140352887453440} [privacyidea.lib.audit][readKeys #157] Error reading private key /home/cornelius/src/privacyidea/config/private.pem: (IOError(2, 'No such file or directory'))
2014/07/31 - 07:20:12 ERROR {140352887453440} [privacyidea.lib.audit][readKeys #164] Error reading public key /home/cornelius/src/privacyidea/config/public.pem: (IOError(2, 'No such file or directory'))
2014/07/31 - 07:20:12 ERROR {140352887453440} [privacyidea.lib.audit][readKeys #164] Error reading public key /home/cornelius/src/privacyidea/config/public.pem: (IOError(2, 'No such file or directory'))
2014/07/31 - 07:20:12 INFO  {140352887453440} [privacyidea.lib.auditmodules.sqlaudit][__init__ #113] using the connect string sqlite:////home/cornelius/src/privacyidea/config/token.sqlite
2014/07/31 - 07:20:12 INFO  {140352887453440} [privacyidea.lib.auditmodules.sqlaudit][__init__ #113] using the connect string sqlite:////home/cornelius/src/privacyidea/config/token.sqlite
2014/07/31 - 07:20:12 INFO  {140352887453440} [privacyidea.lib.util][check_session #191] session: 5b39ba9006850df0dba70c26fdf67d1453d9d1be
2014/07/31 - 07:20:12 INFO  {140352887453440} [privacyidea.lib.util][check_session #191] session: 5b39ba9006850df0dba70c26fdf67d1453d9d1be
2014/07/31 - 07:20:12 INFO  {140352887453440} [privacyidea.lib.util][check_session #192] cookie:  5b39ba9006850df0dba70c26fdf67d1453d9d1be
2014/07/31 - 07:20:12 INFO  {140352887453440} [privacyidea.lib.util][check_session #192] cookie:  5b39ba9006850df0dba70c26fdf67d1453d9d1be
2014/07/31 - 07:20:12 INFO  {140352887453440} [privacyidea.lib.policy][getAdminPolicies #355] No policies in scope admin found. Admin authorization will be disabled.
2014/07/31 - 07:20:12 INFO  {140352887453440} [privacyidea.lib.policy][getAdminPolicies #355] No policies in scope admin found. Admin authorization will be disabled.
2014/07/31 - 07:20:12 INFO  {140352887453440} [privacyidea.lib.policy][getAdminPolicies #362] Evaluating policies for the user: admin@admin
2014/07/31 - 07:20:12 INFO  {140352887453440} [privacyidea.lib.policy][getAdminPolicies #362] Evaluating policies for the user: admin@admin
2014/07/31 - 07:20:12 INFO  {140352887453440} [privacyidea.controllers.admin][set #1026] setting pin for token with serial u'SSHK000214BF'
2014/07/31 - 07:20:12 INFO  {140352887453440} [privacyidea.controllers.admin][set #1026] setting pin for token with serial u'SSHK000214BF'
2014/07/31 - 07:20:12 INFO  {140352887453440} [privacyidea.lib.token][setPin #1823] setting Pin for user ''@''
2014/07/31 - 07:20:12 INFO  {140352887453440} [privacyidea.lib.token][setPin #1823] setting Pin for user ''@''
2014/07/31 - 07:20:12 INFO  {140352887453440} [privacyidea.lib.token][setPin #1825] setting Pin for token with serial u'SSHK000214BF'
2014/07/31 - 07:20:12 INFO  {140352887453440} [privacyidea.lib.token][setPin #1825] setting Pin for token with serial u'SSHK000214BF'
