This file contains any messages produced by compilers while
running configure, to aid debugging if configure makes a mistake.

It was created by zookeeper C client configure 3.4.5, which was
generated by GNU Autoconf 2.65.  Invocation command line was

  $ configure 

## --------- ##
## Platform. ##
## --------- ##

hostname = zookeeper
uname -m = x86_64
uname -r = 2.6.32-431.1.2.0.1.el6.x86_64
uname -s = Linux
uname -v = #1 SMP Fri Dec 13 13:06:13 UTC 2013

/usr/bin/uname -p = unknown
/bin/uname -X     = unknown

/bin/arch              = unknown
/usr/bin/arch -k       = unknown
/usr/convex/getsysinfo = unknown
/usr/bin/hostinfo      = unknown
/bin/machine           = unknown
/usr/bin/oslevel       = unknown
/bin/universe          = unknown

PATH: /usr/local/sbin
PATH: /usr/local/bin
PATH: /usr/sbin
PATH: /usr/bin
PATH: /sbin
PATH: /bin


## ----------- ##
## Core tests. ##
## ----------- ##

configure:2692: checking for doxygen
configure:2725: result: no
configure:2798: checking for perl
configure:2816: found /usr/bin/perl
configure:2828: result: /usr/bin/perl
configure:2970: checking for dot
configure:3003: result: no
configure:4551: checking for a BSD-compatible install
configure:4619: result: /usr/bin/install -c
configure:4630: checking whether build environment is sane
configure:4680: result: yes
configure:4821: checking for a thread-safe mkdir -p
configure:4860: result: /bin/mkdir -p
configure:4873: checking for gawk
configure:4903: result: no
configure:4873: checking for mawk
configure:4889: found /usr/bin/mawk
configure:4900: result: mawk
configure:4911: checking whether make sets $(MAKE)
configure:4933: result: yes
configure:5063: checking for cppunit-config
configure:5094: result: no
configure:5104: checking for Cppunit - version >= 1.10.2
configure:5108: result: no
configure:5176: checking for generated/zookeeper.jute.c
configure:5189: result: yes
configure:5201: checking for generated/zookeeper.jute.h
configure:5214: result: yes
configure:5278: checking for gcc
configure:5294: found /usr/bin/gcc
configure:5305: result: gcc
configure:5534: checking for C compiler version
configure:5543: gcc --version >&5
gcc (Ubuntu/Linaro 4.6.3-1ubuntu5) 4.6.3
Copyright (C) 2011 Free Software Foundation, Inc.
This is free software; see the source for copying conditions.  There is NO
warranty; not even for MERCHANTABILITY or FITNESS FOR A PARTICULAR PURPOSE.

configure:5554: $? = 0
configure:5543: gcc -v >&5
Using built-in specs.
COLLECT_GCC=gcc
COLLECT_LTO_WRAPPER=/usr/lib/gcc/x86_64-linux-gnu/4.6/lto-wrapper
Target: x86_64-linux-gnu
Configured with: ../src/configure -v --with-pkgversion='Ubuntu/Linaro 4.6.3-1ubuntu5' --with-bugurl=file:///usr/share/doc/gcc-4.6/README.Bugs --enable-languages=c,c++,fortran,objc,obj-c++ --prefix=/usr --program-suffix=-4.6 --enable-shared --enable-linker-build-id --with-system-zlib --libexecdir=/usr/lib --without-included-gettext --enable-threads=posix --with-gxx-include-dir=/usr/include/c++/4.6 --libdir=/usr/lib --enable-nls --with-sysroot=/ --enable-clocale=gnu --enable-libstdcxx-debug --enable-libstdcxx-time=yes --enable-gnu-unique-object --enable-plugin --enable-objc-gc --disable-werror --with-arch-32=i686 --with-tune=generic --enable-checking=release --build=x86_64-linux-gnu --host=x86_64-linux-gnu --target=x86_64-linux-gnu
Thread model: posix
gcc version 4.6.3 (Ubuntu/Linaro 4.6.3-1ubuntu5) 
configure:5554: $? = 0
configure:5543: gcc -V >&5
gcc: error: unrecognized option '-V'
gcc: fatal error: no input files
compilation terminated.
configure:5554: $? = 4
configure:5543: gcc -qversion >&5
gcc: error: unrecognized option '-qversion'
gcc: fatal error: no input files
compilation terminated.
configure:5554: $? = 4
configure:5574: checking whether the C compiler works
configure:5596: gcc    conftest.c  >&5
configure:5600: $? = 0
configure:5649: result: yes
configure:5652: checking for C compiler default output file name
configure:5654: result: a.out
configure:5660: checking for suffix of executables
configure:5667: gcc -o conftest    conftest.c  >&5
configure:5671: $? = 0
configure:5693: result: 
configure:5715: checking whether we are cross compiling
configure:5723: gcc -o conftest    conftest.c  >&5
configure:5727: $? = 0
configure:5734: ./conftest
configure:5738: $? = 0
configure:5753: result: no
configure:5758: checking for suffix of object files
configure:5780: gcc -c   conftest.c >&5
configure:5784: $? = 0
configure:5805: result: o
configure:5809: checking whether we are using the GNU C compiler
configure:5828: gcc -c   conftest.c >&5
configure:5828: $? = 0
configure:5837: result: yes
configure:5846: checking whether gcc accepts -g
configure:5866: gcc -c -g  conftest.c >&5
configure:5866: $? = 0
configure:5907: result: yes
configure:5924: checking for gcc option to accept ISO C89
configure:5988: gcc  -c -g -O2  conftest.c >&5
configure:5988: $? = 0
configure:6001: result: none needed
configure:6032: checking for style of include used by make
configure:6060: result: GNU
configure:6085: checking dependency style of gcc
configure:6195: result: gcc3
configure:6211: checking whether gcc and cc understand -c and -o together
configure:6242: gcc -c conftest.c -o conftest2.o >&5
configure:6246: $? = 0
configure:6252: gcc -c conftest.c -o conftest2.o >&5
configure:6256: $? = 0
configure:6267: cc -c conftest.c >&5
configure:6271: $? = 0
configure:6279: cc -c conftest.c -o conftest2.o >&5
configure:6283: $? = 0
configure:6289: cc -c conftest.c -o conftest2.o >&5
configure:6293: $? = 0
configure:6311: result: yes
configure:6394: checking for g++
configure:6424: result: no
configure:6394: checking for c++
configure:6424: result: no
configure:6394: checking for gpp
configure:6424: result: no
configure:6394: checking for aCC
configure:6424: result: no
configure:6394: checking for CC
configure:6424: result: no
configure:6394: checking for cxx
configure:6424: result: no
configure:6394: checking for cc++
configure:6424: result: no
configure:6394: checking for cl.exe
configure:6424: result: no
configure:6394: checking for FCC
configure:6424: result: no
configure:6394: checking for KCC
configure:6424: result: no
configure:6394: checking for RCC
configure:6424: result: no
configure:6394: checking for xlC_r
configure:6424: result: no
configure:6394: checking for xlC
configure:6424: result: no
configure:6448: checking for C++ compiler version
configure:6457: g++ --version >&5
configure: line 6459: g++: command not found
configure:6468: $? = 127
configure:6457: g++ -v >&5
configure: line 6459: g++: command not found
configure:6468: $? = 127
configure:6457: g++ -V >&5
configure: line 6459: g++: command not found
configure:6468: $? = 127
configure:6457: g++ -qversion >&5
configure: line 6459: g++: command not found
configure:6468: $? = 127
configure:6472: checking whether we are using the GNU C++ compiler
configure:6491: g++ -c   conftest.cpp >&5
configure: line 1751: g++: command not found
configure:6491: $? = 127
configure: failed program was:
| /* confdefs.h */
| #define PACKAGE_NAME "zookeeper C client"
| #define PACKAGE_TARNAME "zookeeper"
| #define PACKAGE_VERSION "3.4.5"
| #define PACKAGE_STRING "zookeeper C client 3.4.5"
| #define PACKAGE_BUGREPORT "user@zookeeper.apache.org"
| #define PACKAGE_URL ""
| #define PACKAGE "zookeeper"
| #define VERSION "3.4.5"
| #define HAVE_GENERATED_ZOOKEEPER_JUTE_C 1
| #define HAVE_GENERATED_ZOOKEEPER_JUTE_H 1
| /* end confdefs.h.  */
| 
| int
| main ()
| {
| #ifndef __GNUC__
|        choke me
| #endif
| 
|   ;
|   return 0;
| }
configure:6500: result: no
configure:6509: checking whether g++ accepts -g
configure:6529: g++ -c -g  conftest.cpp >&5
configure: line 1751: g++: command not found
configure:6529: $? = 127
configure: failed program was:
| /* confdefs.h */
| #define PACKAGE_NAME "zookeeper C client"
| #define PACKAGE_TARNAME "zookeeper"
| #define PACKAGE_VERSION "3.4.5"
| #define PACKAGE_STRING "zookeeper C client 3.4.5"
| #define PACKAGE_BUGREPORT "user@zookeeper.apache.org"
| #define PACKAGE_URL ""
| #define PACKAGE "zookeeper"
| #define VERSION "3.4.5"
| #define HAVE_GENERATED_ZOOKEEPER_JUTE_C 1
| #define HAVE_GENERATED_ZOOKEEPER_JUTE_H 1
| /* end confdefs.h.  */
| 
| int
| main ()
| {
| 
|   ;
|   return 0;
| }
configure:6544: g++ -c   conftest.cpp >&5
configure: line 1751: g++: command not found
configure:6544: $? = 127
configure: failed program was:
| /* confdefs.h */
| #define PACKAGE_NAME "zookeeper C client"
| #define PACKAGE_TARNAME "zookeeper"
| #define PACKAGE_VERSION "3.4.5"
| #define PACKAGE_STRING "zookeeper C client 3.4.5"
| #define PACKAGE_BUGREPORT "user@zookeeper.apache.org"
| #define PACKAGE_URL ""
| #define PACKAGE "zookeeper"
| #define VERSION "3.4.5"
| #define HAVE_GENERATED_ZOOKEEPER_JUTE_C 1
| #define HAVE_GENERATED_ZOOKEEPER_JUTE_H 1
| /* end confdefs.h.  */
| 
| int
| main ()
| {
| 
|   ;
|   return 0;
| }
configure:6560: g++ -c -g  conftest.cpp >&5
configure: line 1751: g++: command not found
configure:6560: $? = 127
configure: failed program was:
| /* confdefs.h */
| #define PACKAGE_NAME "zookeeper C client"
| #define PACKAGE_TARNAME "zookeeper"
| #define PACKAGE_VERSION "3.4.5"
| #define PACKAGE_STRING "zookeeper C client 3.4.5"
| #define PACKAGE_BUGREPORT "user@zookeeper.apache.org"
| #define PACKAGE_URL ""
| #define PACKAGE "zookeeper"
| #define VERSION "3.4.5"
| #define HAVE_GENERATED_ZOOKEEPER_JUTE_C 1
| #define HAVE_GENERATED_ZOOKEEPER_JUTE_H 1
| /* end confdefs.h.  */
| 
| int
| main ()
| {
| 
|   ;
|   return 0;
| }
configure:6570: result: no
configure:6595: checking dependency style of g++
configure:6705: result: none
configure:6721: checking whether ln -s works
configure:6725: result: yes
configure:6763: checking build system type
configure:6777: result: x86_64-unknown-linux-gnu
configure:6797: checking host system type
configure:6810: result: x86_64-unknown-linux-gnu
configure:6830: checking for a sed that does not truncate output
configure:6894: result: /bin/sed
configure:6912: checking for grep that handles long lines and -e
configure:6970: result: /bin/grep
configure:6975: checking for egrep
configure:7037: result: /bin/grep -E
configure:7042: checking for fgrep
configure:7104: result: /bin/grep -F
configure:7139: checking for ld used by gcc
configure:7206: result: /usr/bin/ld
configure:7213: checking if the linker (/usr/bin/ld) is GNU ld
configure:7228: result: yes
configure:7240: checking for BSD- or MS-compatible name lister (nm)
configure:7289: result: /usr/bin/nm -B
configure:7407: checking the name lister (/usr/bin/nm -B) interface
configure:7414: gcc -c -g -O2  conftest.c >&5
configure:7417: /usr/bin/nm -B "conftest.o"
configure:7420: output
0000000000000000 B some_variable
configure:7427: result: BSD nm
configure:7431: checking the maximum length of command line arguments
configure:7551: result: 1966080
configure:7568: checking whether the shell understands some XSI constructs
configure:7578: result: yes
configure:7582: checking whether the shell understands "+="
configure:7588: result: yes
configure:7623: checking for /usr/bin/ld option to reload object files
configure:7630: result: -r
configure:7699: checking for objdump
configure:7715: found /usr/bin/objdump
configure:7726: result: objdump
configure:7758: checking how to recognize dependent libraries
configure:7954: result: pass_all
configure:8014: checking for ar
configure:8030: found /usr/bin/ar
configure:8041: result: ar
configure:8119: checking for strip
configure:8135: found /usr/bin/strip
configure:8146: result: strip
configure:8218: checking for ranlib
configure:8234: found /usr/bin/ranlib
configure:8245: result: ranlib
configure:8335: checking command to parse /usr/bin/nm -B output from gcc object
configure:8453: gcc -c -g -O2  conftest.c >&5
configure:8456: $? = 0
configure:8460: /usr/bin/nm -B conftest.o \| sed -n -e 's/^.*[	 ]\([ABCDGIRSTW][ABCDGIRSTW]*\)[	 ][	 ]*\([_A-Za-z][_A-Za-z0-9]*\)$/\1 \2 \2/p' \> conftest.nm
configure:8463: $? = 0
configure:8517: gcc -o conftest -g -O2   conftest.c conftstm.o >&5
configure:8520: $? = 0
configure:8558: result: ok
configure:8654: gcc -c -g -O2  conftest.c >&5
configure:8657: $? = 0
configure:9367: checking how to run the C preprocessor
configure:9398: gcc -E  conftest.c
configure:9398: $? = 0
configure:9412: gcc -E  conftest.c
conftest.c:13:28: fatal error: ac_nonexistent.h: No such file or directory
compilation terminated.
configure:9412: $? = 1
configure: failed program was:
| /* confdefs.h */
| #define PACKAGE_NAME "zookeeper C client"
| #define PACKAGE_TARNAME "zookeeper"
| #define PACKAGE_VERSION "3.4.5"
| #define PACKAGE_STRING "zookeeper C client 3.4.5"
| #define PACKAGE_BUGREPORT "user@zookeeper.apache.org"
| #define PACKAGE_URL ""
| #define PACKAGE "zookeeper"
| #define VERSION "3.4.5"
| #define HAVE_GENERATED_ZOOKEEPER_JUTE_C 1
| #define HAVE_GENERATED_ZOOKEEPER_JUTE_H 1
| /* end confdefs.h.  */
| #include <ac_nonexistent.h>
configure:9437: result: gcc -E
configure:9457: gcc -E  conftest.c
configure:9457: $? = 0
configure:9471: gcc -E  conftest.c
conftest.c:13:28: fatal error: ac_nonexistent.h: No such file or directory
compilation terminated.
configure:9471: $? = 1
configure: failed program was:
| /* confdefs.h */
| #define PACKAGE_NAME "zookeeper C client"
| #define PACKAGE_TARNAME "zookeeper"
| #define PACKAGE_VERSION "3.4.5"
| #define PACKAGE_STRING "zookeeper C client 3.4.5"
| #define PACKAGE_BUGREPORT "user@zookeeper.apache.org"
| #define PACKAGE_URL ""
| #define PACKAGE "zookeeper"
| #define VERSION "3.4.5"
| #define HAVE_GENERATED_ZOOKEEPER_JUTE_C 1
| #define HAVE_GENERATED_ZOOKEEPER_JUTE_H 1
| /* end confdefs.h.  */
| #include <ac_nonexistent.h>
configure:9500: checking for ANSI C header files
configure:9520: gcc -c -g -O2  conftest.c >&5
configure:9520: $? = 0
configure:9593: gcc -o conftest -g -O2   conftest.c  >&5
configure:9593: $? = 0
configure:9593: ./conftest
configure:9593: $? = 0
configure:9604: result: yes
configure:9617: checking for sys/types.h
configure:9617: gcc -c -g -O2  conftest.c >&5
configure:9617: $? = 0
configure:9617: result: yes
configure:9617: checking for sys/stat.h
configure:9617: gcc -c -g -O2  conftest.c >&5
configure:9617: $? = 0
configure:9617: result: yes
configure:9617: checking for stdlib.h
configure:9617: gcc -c -g -O2  conftest.c >&5
configure:9617: $? = 0
configure:9617: result: yes
configure:9617: checking for string.h
configure:9617: gcc -c -g -O2  conftest.c >&5
configure:9617: $? = 0
configure:9617: result: yes
configure:9617: checking for memory.h
configure:9617: gcc -c -g -O2  conftest.c >&5
configure:9617: $? = 0
configure:9617: result: yes
configure:9617: checking for strings.h
configure:9617: gcc -c -g -O2  conftest.c >&5
configure:9617: $? = 0
configure:9617: result: yes
configure:9617: checking for inttypes.h
configure:9617: gcc -c -g -O2  conftest.c >&5
configure:9617: $? = 0
configure:9617: result: yes
configure:9617: checking for stdint.h
configure:9617: gcc -c -g -O2  conftest.c >&5
configure:9617: $? = 0
configure:9617: result: yes
configure:9617: checking for unistd.h
configure:9617: gcc -c -g -O2  conftest.c >&5
configure:9617: $? = 0
configure:9617: result: yes
configure:9632: checking for dlfcn.h
configure:9632: gcc -c -g -O2  conftest.c >&5
configure:9632: $? = 0
configure:9632: result: yes
configure:9757: checking for C++ compiler version
configure:9766: g++ --version >&5
configure: line 9768: g++: command not found
configure:9777: $? = 127
configure:9766: g++ -v >&5
configure: line 9768: g++: command not found
configure:9777: $? = 127
configure:9766: g++ -V >&5
configure: line 9768: g++: command not found
configure:9777: $? = 127
configure:9766: g++ -qversion >&5
configure: line 9768: g++: command not found
configure:9777: $? = 127
configure:9781: checking whether we are using the GNU C++ compiler
configure:9809: result: no
configure:9818: checking whether g++ accepts -g
configure:9879: result: no
configure:9904: checking dependency style of g++
configure:10014: result: none
configure:10343: checking for objdir
configure:10358: result: .libs
configure:10650: checking if gcc supports -fno-rtti -fno-exceptions
configure:10668: gcc -c -g -O2  -fno-rtti -fno-exceptions conftest.c >&5
cc1: warning: command line option '-fno-rtti' is valid for C++/ObjC++ but not for C [enabled by default]
configure:10672: $? = 0
configure:10685: result: no
configure:10705: checking for gcc option to produce PIC
configure:10977: result: -fPIC -DPIC
configure:10989: checking if gcc PIC flag -fPIC -DPIC works
configure:11007: gcc -c -g -O2  -fPIC -DPIC -DPIC conftest.c >&5
configure:11011: $? = 0
configure:11024: result: yes
configure:11048: checking if gcc static flag -static works
configure:11076: result: yes
configure:11091: checking if gcc supports -c -o file.o
configure:11112: gcc -c -g -O2  -o out/conftest2.o conftest.c >&5
configure:11116: $? = 0
configure:11138: result: yes
configure:11146: checking if gcc supports -c -o file.o
configure:11193: result: yes
configure:11226: checking whether the gcc linker (/usr/bin/ld -m elf_x86_64) supports shared libraries
configure:12217: result: yes
configure:12254: checking whether -lc should be explicitly linked in
configure:12259: gcc -c -g -O2  conftest.c >&5
configure:12262: $? = 0
configure:12277: gcc -shared conftest.o  -v -Wl,-soname -Wl,conftest -o conftest 2\>\&1 \| /bin/grep  -lc  \>/dev/null 2\>\&1
configure:12280: $? = 0
configure:12292: result: no
configure:12456: checking dynamic linker characteristics
configure:12889: gcc -o conftest -g -O2   -Wl,-rpath -Wl,/foo conftest.c  >&5
configure:12889: $? = 0
configure:13119: result: GNU/Linux ld.so
configure:13221: checking how to hardcode library paths into programs
configure:13246: result: immediate
configure:13766: checking whether stripping libraries is possible
configure:13771: result: yes
configure:13806: checking if libtool supports shared libraries
configure:13808: result: yes
configure:13811: checking whether to build shared libraries
configure:13832: result: yes
configure:13835: checking whether to build static libraries
configure:13839: result: yes
configure:16766: checking for pthread_mutex_lock in -lpthread
configure:16791: gcc -o conftest -g -O2 -D_GNU_SOURCE   conftest.c -lpthread   >&5
configure:16791: $? = 0
configure:16800: result: yes
configure:16815: building with SyncAPI support
configure:16832: checking for ANSI C header files
configure:16936: result: yes
configure:16947: checking arpa/inet.h usability
configure:16947: gcc -c -g -O2 -D_GNU_SOURCE  conftest.c >&5
configure:16947: $? = 0
configure:16947: result: yes
configure:16947: checking arpa/inet.h presence
configure:16947: gcc -E  conftest.c
configure:16947: $? = 0
configure:16947: result: yes
configure:16947: checking for arpa/inet.h
configure:16947: result: yes
configure:16947: checking fcntl.h usability
configure:16947: gcc -c -g -O2 -D_GNU_SOURCE  conftest.c >&5
configure:16947: $? = 0
configure:16947: result: yes
configure:16947: checking fcntl.h presence
configure:16947: gcc -E  conftest.c
configure:16947: $? = 0
configure:16947: result: yes
configure:16947: checking for fcntl.h
configure:16947: result: yes
configure:16947: checking netdb.h usability
configure:16947: gcc -c -g -O2 -D_GNU_SOURCE  conftest.c >&5
configure:16947: $? = 0
configure:16947: result: yes
configure:16947: checking netdb.h presence
configure:16947: gcc -E  conftest.c
configure:16947: $? = 0
configure:16947: result: yes
configure:16947: checking for netdb.h
configure:16947: result: yes
configure:16947: checking netinet/in.h usability
configure:16947: gcc -c -g -O2 -D_GNU_SOURCE  conftest.c >&5
configure:16947: $? = 0
configure:16947: result: yes
configure:16947: checking netinet/in.h presence
configure:16947: gcc -E  conftest.c
configure:16947: $? = 0
configure:16947: result: yes
configure:16947: checking for netinet/in.h
configure:16947: result: yes
configure:16947: checking for stdlib.h
configure:16947: result: yes
configure:16947: checking for string.h
configure:16947: result: yes
configure:16947: checking sys/socket.h usability
configure:16947: gcc -c -g -O2 -D_GNU_SOURCE  conftest.c >&5
configure:16947: $? = 0
configure:16947: result: yes
configure:16947: checking sys/socket.h presence
configure:16947: gcc -E  conftest.c
configure:16947: $? = 0
configure:16947: result: yes
configure:16947: checking for sys/socket.h
configure:16947: result: yes
configure:16947: checking sys/time.h usability
configure:16947: gcc -c -g -O2 -D_GNU_SOURCE  conftest.c >&5
configure:16947: $? = 0
configure:16947: result: yes
configure:16947: checking sys/time.h presence
configure:16947: gcc -E  conftest.c
configure:16947: $? = 0
configure:16947: result: yes
configure:16947: checking for sys/time.h
configure:16947: result: yes
configure:16947: checking for unistd.h
configure:16947: result: yes
configure:16947: checking sys/utsname.h usability
configure:16947: gcc -c -g -O2 -D_GNU_SOURCE  conftest.c >&5
configure:16947: $? = 0
configure:16947: result: yes
configure:16947: checking sys/utsname.h presence
configure:16947: gcc -E  conftest.c
configure:16947: $? = 0
configure:16947: result: yes
configure:16947: checking for sys/utsname.h
configure:16947: result: yes
configure:16960: checking for an ANSI C-conforming const
configure:17025: gcc -c -g -O2 -D_GNU_SOURCE  conftest.c >&5
configure:17025: $? = 0
configure:17032: result: yes
configure:17040: checking for inline
configure:17056: gcc -c -g -O2 -D_GNU_SOURCE  conftest.c >&5
configure:17056: $? = 0
configure:17064: result: inline
configure:17082: checking whether time.h and sys/time.h may both be included
configure:17102: gcc -c -g -O2 -D_GNU_SOURCE  conftest.c >&5
configure:17102: $? = 0
configure:17109: result: yes
configure:17117: checking for nfds_t
configure:17117: gcc -c -g -O2 -D_GNU_SOURCE  conftest.c >&5
configure:17117: $? = 0
configure:17117: gcc -c -g -O2 -D_GNU_SOURCE  conftest.c >&5
conftest.c: In function 'main':
conftest.c:42:21: error: expected expression before ')' token
configure:17117: $? = 1
configure: failed program was:
| /* confdefs.h */
| #define PACKAGE_NAME "zookeeper C client"
| #define PACKAGE_TARNAME "zookeeper"
| #define PACKAGE_VERSION "3.4.5"
| #define PACKAGE_STRING "zookeeper C client 3.4.5"
| #define PACKAGE_BUGREPORT "user@zookeeper.apache.org"
| #define PACKAGE_URL ""
| #define PACKAGE "zookeeper"
| #define VERSION "3.4.5"
| #define HAVE_GENERATED_ZOOKEEPER_JUTE_C 1
| #define HAVE_GENERATED_ZOOKEEPER_JUTE_H 1
| #define STDC_HEADERS 1
| #define HAVE_SYS_TYPES_H 1
| #define HAVE_SYS_STAT_H 1
| #define HAVE_STDLIB_H 1
| #define HAVE_STRING_H 1
| #define HAVE_MEMORY_H 1
| #define HAVE_STRINGS_H 1
| #define HAVE_INTTYPES_H 1
| #define HAVE_STDINT_H 1
| #define HAVE_UNISTD_H 1
| #define HAVE_DLFCN_H 1
| #define LT_OBJDIR ".libs/"
| #define STDC_HEADERS 1
| #define HAVE_ARPA_INET_H 1
| #define HAVE_FCNTL_H 1
| #define HAVE_NETDB_H 1
| #define HAVE_NETINET_IN_H 1
| #define HAVE_STDLIB_H 1
| #define HAVE_STRING_H 1
| #define HAVE_SYS_SOCKET_H 1
| #define HAVE_SYS_TIME_H 1
| #define HAVE_UNISTD_H 1
| #define HAVE_SYS_UTSNAME_H 1
| #define TIME_WITH_SYS_TIME 1
| /* end confdefs.h.  */
| #include <poll.h>
| 
| int
| main ()
| {
| if (sizeof ((nfds_t)))
| 	    return 0;
|   ;
|   return 0;
| }
configure:17117: result: yes
configure:17130: checking whether to enable ipv6
configure:17152: gcc -o conftest -g -O2 -D_GNU_SOURCE   conftest.c  >&5
conftest.c: In function 'main':
conftest.c:44:4: warning: incompatible implicit declaration of built-in function 'exit' [enabled by default]
configure:17152: $? = 0
configure:17152: ./conftest
configure:17152: $? = 0
configure:17153: result: yes
configure:17175: checking for getcwd
configure:17175: gcc -o conftest -g -O2 -D_GNU_SOURCE   conftest.c  >&5
configure:17175: $? = 0
configure:17175: result: yes
configure:17175: checking for gethostbyname
configure:17175: gcc -o conftest -g -O2 -D_GNU_SOURCE   conftest.c  >&5
configure:17175: $? = 0
configure:17175: result: yes
configure:17175: checking for gethostname
configure:17175: gcc -o conftest -g -O2 -D_GNU_SOURCE   conftest.c  >&5
configure:17175: $? = 0
configure:17175: result: yes
configure:17175: checking for getlogin
configure:17175: gcc -o conftest -g -O2 -D_GNU_SOURCE   conftest.c  >&5
configure:17175: $? = 0
configure:17175: result: yes
configure:17175: checking for getpwuid_r
configure:17175: gcc -o conftest -g -O2 -D_GNU_SOURCE   conftest.c  >&5
configure:17175: $? = 0
configure:17175: result: yes
configure:17175: checking for gettimeofday
configure:17175: gcc -o conftest -g -O2 -D_GNU_SOURCE   conftest.c  >&5
configure:17175: $? = 0
configure:17175: result: yes
configure:17175: checking for getuid
configure:17175: gcc -o conftest -g -O2 -D_GNU_SOURCE   conftest.c  >&5
configure:17175: $? = 0
configure:17175: result: yes
configure:17175: checking for memmove
configure:17175: gcc -o conftest -g -O2 -D_GNU_SOURCE   conftest.c  >&5
conftest.c:68:6: warning: conflicting types for built-in function 'memmove' [enabled by default]
configure:17175: $? = 0
configure:17175: result: yes
configure:17175: checking for memset
configure:17175: gcc -o conftest -g -O2 -D_GNU_SOURCE   conftest.c  >&5
conftest.c:69:6: warning: conflicting types for built-in function 'memset' [enabled by default]
configure:17175: $? = 0
configure:17175: result: yes
configure:17175: checking for poll
configure:17175: gcc -o conftest -g -O2 -D_GNU_SOURCE   conftest.c  >&5
configure:17175: $? = 0
configure:17175: result: yes
configure:17175: checking for socket
configure:17175: gcc -o conftest -g -O2 -D_GNU_SOURCE   conftest.c  >&5
configure:17175: $? = 0
configure:17175: result: yes
configure:17175: checking for strchr
configure:17175: gcc -o conftest -g -O2 -D_GNU_SOURCE   conftest.c  >&5
conftest.c:72:6: warning: conflicting types for built-in function 'strchr' [enabled by default]
configure:17175: $? = 0
configure:17175: result: yes
configure:17175: checking for strdup
configure:17175: gcc -o conftest -g -O2 -D_GNU_SOURCE   conftest.c  >&5
conftest.c:73:6: warning: conflicting types for built-in function 'strdup' [enabled by default]
configure:17175: $? = 0
configure:17175: result: yes
configure:17175: checking for strerror
configure:17175: gcc -o conftest -g -O2 -D_GNU_SOURCE   conftest.c  >&5
configure:17175: $? = 0
configure:17175: result: yes
configure:17175: checking for strtol
configure:17175: gcc -o conftest -g -O2 -D_GNU_SOURCE   conftest.c  >&5
configure:17175: $? = 0
configure:17175: result: yes
configure:17406: creating ./config.status

## ---------------------- ##
## Running config.status. ##
## ---------------------- ##

This file was extended by zookeeper C client config.status 3.4.5, which was
generated by GNU Autoconf 2.65.  Invocation command line was

  CONFIG_FILES    = 
  CONFIG_HEADERS  = 
  CONFIG_LINKS    = 
  CONFIG_COMMANDS = 
  $ ./config.status 

on zookeeper

config.status:: creating Makefile
config.status:: creating config.h
config.status:: config.h is unchanged
config.status:: executing depfiles commands
config.status:: executing libtool commands

## ---------------- ##
## Cache variables. ##
## ---------------- ##

ac_cv_build=x86_64-unknown-linux-gnu
ac_cv_c_compiler_gnu=yes
ac_cv_c_const=yes
ac_cv_c_inline=inline
ac_cv_cxx_compiler_gnu=no
ac_cv_env_CCC_set=
ac_cv_env_CCC_value=
ac_cv_env_CC_set=
ac_cv_env_CC_value=
ac_cv_env_CFLAGS_set=
ac_cv_env_CFLAGS_value=
ac_cv_env_CPPFLAGS_set=
ac_cv_env_CPPFLAGS_value=
ac_cv_env_CPP_set=
ac_cv_env_CPP_value=
ac_cv_env_CXXCPP_set=
ac_cv_env_CXXCPP_value=
ac_cv_env_CXXFLAGS_set=
ac_cv_env_CXXFLAGS_value=
ac_cv_env_CXX_set=
ac_cv_env_CXX_value=
ac_cv_env_DOXYGEN_PAPER_SIZE_set=
ac_cv_env_DOXYGEN_PAPER_SIZE_value=
ac_cv_env_LDFLAGS_set=
ac_cv_env_LDFLAGS_value=
ac_cv_env_LIBS_set=
ac_cv_env_LIBS_value=
ac_cv_env_build_alias_set=
ac_cv_env_build_alias_value=
ac_cv_env_host_alias_set=
ac_cv_env_host_alias_value=
ac_cv_env_target_alias_set=
ac_cv_env_target_alias_value=
ac_cv_file_generated_zookeeper_jute_c=yes
ac_cv_file_generated_zookeeper_jute_h=yes
ac_cv_func_getcwd=yes
ac_cv_func_gethostbyname=yes
ac_cv_func_gethostname=yes
ac_cv_func_getlogin=yes
ac_cv_func_getpwuid_r=yes
ac_cv_func_gettimeofday=yes
ac_cv_func_getuid=yes
ac_cv_func_memmove=yes
ac_cv_func_memset=yes
ac_cv_func_poll=yes
ac_cv_func_socket=yes
ac_cv_func_strchr=yes
ac_cv_func_strdup=yes
ac_cv_func_strerror=yes
ac_cv_func_strtol=yes
ac_cv_header_arpa_inet_h=yes
ac_cv_header_dlfcn_h=yes
ac_cv_header_fcntl_h=yes
ac_cv_header_inttypes_h=yes
ac_cv_header_memory_h=yes
ac_cv_header_netdb_h=yes
ac_cv_header_netinet_in_h=yes
ac_cv_header_stdc=yes
ac_cv_header_stdint_h=yes
ac_cv_header_stdlib_h=yes
ac_cv_header_string_h=yes
ac_cv_header_strings_h=yes
ac_cv_header_sys_socket_h=yes
ac_cv_header_sys_stat_h=yes
ac_cv_header_sys_time_h=yes
ac_cv_header_sys_types_h=yes
ac_cv_header_sys_utsname_h=yes
ac_cv_header_time=yes
ac_cv_header_unistd_h=yes
ac_cv_host=x86_64-unknown-linux-gnu
ac_cv_lib_pthread_pthread_mutex_lock=yes
ac_cv_objext=o
ac_cv_path_CPPUNIT_CONFIG=no
ac_cv_path_EGREP='/bin/grep -E'
ac_cv_path_FGREP='/bin/grep -F'
ac_cv_path_GREP=/bin/grep
ac_cv_path_SED=/bin/sed
ac_cv_path_ac_pt_DX_PERL=/usr/bin/perl
ac_cv_path_install='/usr/bin/install -c'
ac_cv_path_mkdir=/bin/mkdir
ac_cv_prog_AWK=mawk
ac_cv_prog_CPP='gcc -E'
ac_cv_prog_ac_ct_AR=ar
ac_cv_prog_ac_ct_CC=gcc
ac_cv_prog_ac_ct_OBJDUMP=objdump
ac_cv_prog_ac_ct_RANLIB=ranlib
ac_cv_prog_ac_ct_STRIP=strip
ac_cv_prog_cc_c89=
ac_cv_prog_cc_g=yes
ac_cv_prog_cc_gcc_c_o=yes
ac_cv_prog_cxx_g=no
ac_cv_prog_make_make_set=yes
ac_cv_type_nfds_t=yes
am_cv_CC_dependencies_compiler_type=gcc3
am_cv_CXX_dependencies_compiler_type=none
lt_cv_deplibs_check_method=pass_all
lt_cv_file_magic_cmd='$MAGIC_CMD'
lt_cv_file_magic_test_file=
lt_cv_ld_reload_flag=-r
lt_cv_nm_interface='BSD nm'
lt_cv_objdir=.libs
lt_cv_path_LD=/usr/bin/ld
lt_cv_path_NM='/usr/bin/nm -B'
lt_cv_prog_compiler_c_o=yes
lt_cv_prog_compiler_pic_works=yes
lt_cv_prog_compiler_rtti_exceptions=no
lt_cv_prog_compiler_static_works=yes
lt_cv_prog_gnu_ld=yes
lt_cv_sys_global_symbol_pipe='sed -n -e '\''s/^.*[	 ]\([ABCDGIRSTW][ABCDGIRSTW]*\)[	 ][	 ]*\([_A-Za-z][_A-Za-z0-9]*\)$/\1 \2 \2/p'\'''
lt_cv_sys_global_symbol_to_c_name_address='sed -n -e '\''s/^: \([^ ]*\) $/  {\"\1\", (void *) 0},/p'\'' -e '\''s/^[ABCDGIRSTW]* \([^ ]*\) \([^ ]*\)$/  {"\2", (void *) \&\2},/p'\'''
lt_cv_sys_global_symbol_to_c_name_address_lib_prefix='sed -n -e '\''s/^: \([^ ]*\) $/  {\"\1\", (void *) 0},/p'\'' -e '\''s/^[ABCDGIRSTW]* \([^ ]*\) \(lib[^ ]*\)$/  {"\2", (void *) \&\2},/p'\'' -e '\''s/^[ABCDGIRSTW]* \([^ ]*\) \([^ ]*\)$/  {"lib\2", (void *) \&\2},/p'\'''
lt_cv_sys_global_symbol_to_cdecl='sed -n -e '\''s/^T .* \(.*\)$/extern int \1();/p'\'' -e '\''s/^[ABCDGIRSTW]* .* \(.*\)$/extern char \1;/p'\'''
lt_cv_sys_max_cmd_len=1966080

## ----------------- ##
## Output variables. ##
## ----------------- ##

ACLOCAL='${SHELL} /data/soft/swall_pyzk-0.5.0/c/missing --run aclocal-1.11'
AMDEPBACKSLASH='\'
AMDEP_FALSE='#'
AMDEP_TRUE=''
AMTAR='${SHELL} /data/soft/swall_pyzk-0.5.0/c/missing --run tar'
AR='ar'
AUTOCONF='${SHELL} /data/soft/swall_pyzk-0.5.0/c/missing --run autoconf'
AUTOHEADER='${SHELL} /data/soft/swall_pyzk-0.5.0/c/missing --run autoheader'
AUTOMAKE='${SHELL} /data/soft/swall_pyzk-0.5.0/c/missing --run automake-1.11'
AWK='mawk'
CC='gcc'
CCDEPMODE='depmode=gcc3'
CFLAGS='-g -O2 -D_GNU_SOURCE'
CPP='gcc -E'
CPPFLAGS=''
CPPUNIT_CFLAGS=' -DZKSERVER_CMD="\"./tests/zkServer.sh\""'
CPPUNIT_CONFIG='no'
CPPUNIT_LIBS=''
CXX='g++'
CXXCPP=''
CXXDEPMODE='depmode=none'
CXXFLAGS='-g -O2'
CYGPATH_W='echo'
DEFS='-DHAVE_CONFIG_H'
DEPDIR='.deps'
DOXYGEN_PAPER_SIZE=''
DSYMUTIL=''
DUMPBIN=''
DX_COND_chi_FALSE=''
DX_COND_chi_TRUE='#'
DX_COND_chm_FALSE=''
DX_COND_chm_TRUE='#'
DX_COND_doc_FALSE='#'
DX_COND_doc_TRUE=''
DX_COND_dot_FALSE='#'
DX_COND_dot_TRUE=''
DX_COND_html_FALSE='#'
DX_COND_html_TRUE=''
DX_COND_latex_FALSE=''
DX_COND_latex_TRUE='#'
DX_COND_man_FALSE=''
DX_COND_man_TRUE='#'
DX_COND_pdf_FALSE=''
DX_COND_pdf_TRUE='#'
DX_COND_ps_FALSE=''
DX_COND_ps_TRUE='#'
DX_COND_rtf_FALSE=''
DX_COND_rtf_TRUE='#'
DX_COND_xml_FALSE=''
DX_COND_xml_TRUE='#'
DX_CONFIG='c-doc.Doxyfile'
DX_DOCDIR='docs'
DX_DOT=''
DX_DOXYGEN=''
DX_DVIPS=''
DX_EGREP=''
DX_ENV=' SRCDIR='\''.'\'' PROJECT='\''zookeeper'\'' DOCDIR='\''docs'\'' VERSION='\''3.4.5'\'' PERL_PATH='\''/usr/bin/perl'\'' HAVE_DOT='\''YES'\'' DOT_PATH='\''.'\'' GENERATE_MAN='\''NO'\'' GENERATE_RTF='\''NO'\'' GENERATE_XML='\''NO'\'' GENERATE_HTMLHELP='\''NO'\'' GENERATE_CHI='\''NO'\'' GENERATE_HTML='\''YES'\'' GENERATE_LATEX='\''NO'\'''
DX_FLAG_chi='0'
DX_FLAG_chm='0'
DX_FLAG_doc='1'
DX_FLAG_dot='1'
DX_FLAG_html='1'
DX_FLAG_man='0'
DX_FLAG_pdf='0'
DX_FLAG_ps='0'
DX_FLAG_rtf='0'
DX_FLAG_xml='0'
DX_HHC=''
DX_LATEX=''
DX_MAKEINDEX=''
DX_PDFLATEX=''
DX_PERL='/usr/bin/perl'
DX_PROJECT='zookeeper'
ECHO_C=''
ECHO_N='-n'
ECHO_T=''
EGREP='/bin/grep -E'
EXEEXT=''
FGREP='/bin/grep -F'
GREP='/bin/grep'
INSTALL_DATA='${INSTALL} -m 644'
INSTALL_PROGRAM='${INSTALL}'
INSTALL_SCRIPT='${INSTALL}'
INSTALL_STRIP_PROGRAM='$(install_sh) -c -s'
LD='/usr/bin/ld -m elf_x86_64'
LDFLAGS=''
LIBOBJS=''
LIBS=''
LIBTOOL='$(SHELL) $(top_builddir)/libtool'
LIPO=''
LN_S='ln -s'
LTLIBOBJS=''
MAKEINFO='${SHELL} /data/soft/swall_pyzk-0.5.0/c/missing --run makeinfo'
MKDIR_P='/bin/mkdir -p'
NM='/usr/bin/nm -B'
NMEDIT=''
OBJDUMP='objdump'
OBJEXT='o'
OTOOL64=''
OTOOL=''
PACKAGE='zookeeper'
PACKAGE_BUGREPORT='user@zookeeper.apache.org'
PACKAGE_NAME='zookeeper C client'
PACKAGE_STRING='zookeeper C client 3.4.5'
PACKAGE_TARNAME='zookeeper'
PACKAGE_URL=''
PACKAGE_VERSION='3.4.5'
PATH_SEPARATOR=':'
RANLIB='ranlib'
SED='/bin/sed'
SET_MAKE=''
SHELL='/bin/sh'
STRIP='strip'
USEIPV6='-DZOO_IPV6_ENABLED'
VERSION='3.4.5'
WANT_SYNCAPI_FALSE='#'
WANT_SYNCAPI_TRUE=''
ac_ct_CC='gcc'
ac_ct_CXX=''
ac_ct_DUMPBIN=''
am__EXEEXT_FALSE=''
am__EXEEXT_TRUE='#'
am__fastdepCC_FALSE='#'
am__fastdepCC_TRUE=''
am__fastdepCXX_FALSE=''
am__fastdepCXX_TRUE='#'
am__include='include'
am__isrc=''
am__leading_dot='.'
am__quote=''
am__tar='${AMTAR} chof - "$$tardir"'
am__untar='${AMTAR} xf -'
bindir='${exec_prefix}/bin'
build='x86_64-unknown-linux-gnu'
build_alias=''
build_cpu='x86_64'
build_os='linux-gnu'
build_vendor='unknown'
datadir='${datarootdir}'
datarootdir='${prefix}/share'
docdir='${datarootdir}/doc/${PACKAGE_TARNAME}'
dvidir='${docdir}'
exec_prefix='${prefix}'
host='x86_64-unknown-linux-gnu'
host_alias=''
host_cpu='x86_64'
host_os='linux-gnu'
host_vendor='unknown'
htmldir='${docdir}'
includedir='${prefix}/include'
infodir='${datarootdir}/info'
install_sh='${SHELL} /data/soft/swall_pyzk-0.5.0/c/install-sh'
libdir='${exec_prefix}/lib'
libexecdir='${exec_prefix}/libexec'
localedir='${datarootdir}/locale'
localstatedir='${prefix}/var'
lt_ECHO='echo'
mandir='${datarootdir}/man'
mkdir_p='/bin/mkdir -p'
oldincludedir='/usr/include'
pdfdir='${docdir}'
prefix='/usr/local'
program_transform_name='s,x,x,'
psdir='${docdir}'
sbindir='${exec_prefix}/sbin'
sharedstatedir='${prefix}/com'
sysconfdir='${prefix}/etc'
target_alias=''

## ----------- ##
## confdefs.h. ##
## ----------- ##

/* confdefs.h */
#define PACKAGE_NAME "zookeeper C client"
#define PACKAGE_TARNAME "zookeeper"
#define PACKAGE_VERSION "3.4.5"
#define PACKAGE_STRING "zookeeper C client 3.4.5"
#define PACKAGE_BUGREPORT "user@zookeeper.apache.org"
#define PACKAGE_URL ""
#define PACKAGE "zookeeper"
#define VERSION "3.4.5"
#define HAVE_GENERATED_ZOOKEEPER_JUTE_C 1
#define HAVE_GENERATED_ZOOKEEPER_JUTE_H 1
#define STDC_HEADERS 1
#define HAVE_SYS_TYPES_H 1
#define HAVE_SYS_STAT_H 1
#define HAVE_STDLIB_H 1
#define HAVE_STRING_H 1
#define HAVE_MEMORY_H 1
#define HAVE_STRINGS_H 1
#define HAVE_INTTYPES_H 1
#define HAVE_STDINT_H 1
#define HAVE_UNISTD_H 1
#define HAVE_DLFCN_H 1
#define LT_OBJDIR ".libs/"
#define STDC_HEADERS 1
#define HAVE_ARPA_INET_H 1
#define HAVE_FCNTL_H 1
#define HAVE_NETDB_H 1
#define HAVE_NETINET_IN_H 1
#define HAVE_STDLIB_H 1
#define HAVE_STRING_H 1
#define HAVE_SYS_SOCKET_H 1
#define HAVE_SYS_TIME_H 1
#define HAVE_UNISTD_H 1
#define HAVE_SYS_UTSNAME_H 1
#define TIME_WITH_SYS_TIME 1
#define POLL_NFDS_TYPE nfds_t
#define HAVE_GETCWD 1
#define HAVE_GETHOSTBYNAME 1
#define HAVE_GETHOSTNAME 1
#define HAVE_GETLOGIN 1
#define HAVE_GETPWUID_R 1
#define HAVE_GETTIMEOFDAY 1
#define HAVE_GETUID 1
#define HAVE_MEMMOVE 1
#define HAVE_MEMSET 1
#define HAVE_POLL 1
#define HAVE_SOCKET 1
#define HAVE_STRCHR 1
#define HAVE_STRDUP 1
#define HAVE_STRERROR 1
#define HAVE_STRTOL 1

configure: exit 0
