This file contains any messages produced by compilers while
running configure, to aid debugging if configure makes a mistake.

It was created by libuv configure 0.11.27, which was
generated by GNU Autoconf 2.69.  Invocation command line was

  $ ./configure --enable-static=yes --enable-shared=no --with-pic=yes

## --------- ##
## Platform. ##
## --------- ##

hostname = xinjuns-MacBook-Pro.local
uname -m = x86_64
uname -r = 13.2.0
uname -s = Darwin
uname -v = Darwin Kernel Version 13.2.0: Thu Apr 17 23:03:13 PDT 2014; root:xnu-2422.100.13~1/RELEASE_X86_64

/usr/bin/uname -p = i386
/bin/uname -X     = unknown

/bin/arch              = unknown
/usr/bin/arch -k       = unknown
/usr/convex/getsysinfo = unknown
/usr/bin/hostinfo      = Mach kernel version:
	 Darwin Kernel Version 13.2.0: Thu Apr 17 23:03:13 PDT 2014; root:xnu-2422.100.13~1/RELEASE_X86_64
Kernel configured for up to 4 processors.
2 processors are physically available.
4 processors are logically available.
Processor type: i486 (Intel 80486)
Processors active: 0 1 2 3
Primary memory available: 8.00 gigabytes
Default processor set: 267 tasks, 4275 threads, 4 processors
Load average: 2.68, Mach factor: 1.32
/bin/machine           = unknown
/usr/bin/oslevel       = unknown
/bin/universe          = unknown

PATH: /usr/bin
PATH: /bin
PATH: /usr/sbin
PATH: /sbin
PATH: /usr/local/bin
PATH: /opt/X11/bin
PATH: /usr/local/git/bin
PATH: /usr/local/go/bin
PATH: /usr/local/share/npm/bin/
PATH: /Users/xinjun/Downloads/android-sdk-macosx/tools
PATH: /Users/xinjun/Downloads/android-sdk-macosx/platform-tools
PATH: /Users/xinjun/Downloads/go/bin
PATH: /Users/xinjun/workspace/go/bin/
PATH: /usr/local/ec2/ec2-api-tools-1.7.1.0/bin


## ----------- ##
## Core tests. ##
## ----------- ##

configure:2201: checking for a BSD-compatible install
configure:2269: result: /usr/bin/install -c
configure:2280: checking whether build environment is sane
configure:2335: result: yes
configure:2486: checking for a thread-safe mkdir -p
configure:2525: result: ./install-sh -c -d
configure:2532: checking for gawk
configure:2562: result: no
configure:2532: checking for mawk
configure:2562: result: no
configure:2532: checking for nawk
configure:2562: result: no
configure:2532: checking for awk
configure:2548: found /usr/bin/awk
configure:2559: result: awk
configure:2570: checking whether make sets $(MAKE)
configure:2592: result: yes
configure:2621: checking whether make supports nested variables
configure:2638: result: yes
configure:2767: checking build system type
configure:2781: result: x86_64-apple-darwin13.2.0
configure:2801: checking host system type
configure:2814: result: x86_64-apple-darwin13.2.0
configure:2944: checking for gcc
configure:2960: found /usr/bin/gcc
configure:2971: result: gcc
configure:3200: checking for C compiler version
configure:3209: gcc --version >&5
Apple LLVM version 5.1 (clang-503.0.40) (based on LLVM 3.4svn)
Target: x86_64-apple-darwin13.2.0
Thread model: posix
Configured with: --prefix=/Applications/Xcode.app/Contents/Developer/usr --with-gxx-include-dir=/usr/include/c++/4.2.1
configure:3220: $? = 0
configure:3209: gcc -v >&5
Configured with: --prefix=/Applications/Xcode.app/Contents/Developer/usr --with-gxx-include-dir=/usr/include/c++/4.2.1
Apple LLVM version 5.1 (clang-503.0.40) (based on LLVM 3.4svn)
Target: x86_64-apple-darwin13.2.0
Thread model: posix
configure:3220: $? = 0
configure:3209: gcc -V >&5
clang: error: argument to '-V' is missing (expected 1 value)
clang: error: no input files
configure:3220: $? = 1
configure:3209: gcc -qversion >&5
clang: error: unknown argument: '-qversion' [-Wunused-command-line-argument-hard-error-in-future]
clang: note: this will be a hard error (cannot be downgraded to a warning) in the future
clang: error: no input files
configure:3220: $? = 1
configure:3240: checking whether the C compiler works
configure:3262: gcc    conftest.c  >&5
configure:3266: $? = 0
configure:3314: result: yes
configure:3317: checking for C compiler default output file name
configure:3319: result: a.out
configure:3325: checking for suffix of executables
configure:3332: gcc -o conftest    conftest.c  >&5
configure:3336: $? = 0
configure:3358: result: 
configure:3380: checking whether we are cross compiling
configure:3388: gcc -o conftest    conftest.c  >&5
configure:3392: $? = 0
configure:3399: ./conftest
configure:3403: $? = 0
configure:3418: result: no
configure:3423: checking for suffix of object files
configure:3445: gcc -c   conftest.c >&5
configure:3449: $? = 0
configure:3470: result: o
configure:3474: checking whether we are using the GNU C compiler
configure:3493: gcc -c   conftest.c >&5
configure:3493: $? = 0
configure:3502: result: yes
configure:3511: checking whether gcc accepts -g
configure:3531: gcc -c -g  conftest.c >&5
configure:3531: $? = 0
configure:3572: result: yes
configure:3589: checking for gcc option to accept ISO C89
configure:3652: gcc  -c -g -O2  conftest.c >&5
configure:3652: $? = 0
configure:3665: result: none needed
configure:3690: checking whether gcc understands -c and -o together
configure:3712: gcc -c conftest.c -o conftest2.o
configure:3715: $? = 0
configure:3712: gcc -c conftest.c -o conftest2.o
configure:3715: $? = 0
configure:3727: result: yes
configure:3755: checking for style of include used by make
configure:3783: result: GNU
configure:3809: checking dependency style of gcc
configure:3920: result: gcc3
configure:3987: checking for ar
configure:4003: found /usr/bin/ar
configure:4014: result: ar
configure:4040: checking the archiver (ar) interface
configure:4056: gcc -c -g -O2  conftest.c >&5
configure:4056: $? = 0
configure:4058: ar cru libconftest.a conftest.o >&5
configure:4061: $? = 0
configure:4089: result: ar
configure:4120: checking whether make supports nested variables
configure:4137: result: yes
configure:4194: checking how to print strings
configure:4221: result: printf
configure:4242: checking for a sed that does not truncate output
configure:4306: result: /usr/bin/sed
configure:4324: checking for grep that handles long lines and -e
configure:4382: result: /usr/bin/grep
configure:4387: checking for egrep
configure:4449: result: /usr/bin/grep -E
configure:4454: checking for fgrep
configure:4516: result: /usr/bin/grep -F
configure:4551: checking for ld used by gcc
configure:4618: result: /Applications/Xcode.app/Contents/Developer/Toolchains/XcodeDefault.xctoolchain/usr/bin/ld
configure:4625: checking if the linker (/Applications/Xcode.app/Contents/Developer/Toolchains/XcodeDefault.xctoolchain/usr/bin/ld) is GNU ld
configure:4640: result: no
configure:4652: checking for BSD- or MS-compatible name lister (nm)
configure:4701: result: /usr/bin/nm
configure:4831: checking the name lister (/usr/bin/nm) interface
configure:4838: gcc -c -g -O2  conftest.c >&5
configure:4841: /usr/bin/nm "conftest.o"
configure:4844: output
0000000000000228 S _some_variable
configure:4851: result: BSD nm
configure:4854: checking whether ln -s works
configure:4858: result: yes
configure:4866: checking the maximum length of command line arguments
configure:4996: result: 196608
configure:5013: checking whether the shell understands some XSI constructs
configure:5023: result: yes
configure:5027: checking whether the shell understands "+="
configure:5033: result: yes
configure:5068: checking how to convert x86_64-apple-darwin13.2.0 file names to x86_64-apple-darwin13.2.0 format
configure:5108: result: func_convert_file_noop
configure:5115: checking how to convert x86_64-apple-darwin13.2.0 file names to toolchain format
configure:5135: result: func_convert_file_noop
configure:5142: checking for /Applications/Xcode.app/Contents/Developer/Toolchains/XcodeDefault.xctoolchain/usr/bin/ld option to reload object files
configure:5149: result: -r
configure:5223: checking for objdump
configure:5253: result: no
configure:5282: checking how to recognize dependent libraries
configure:5484: result: pass_all
configure:5569: checking for dlltool
configure:5599: result: no
configure:5629: checking how to associate runtime and link libraries
configure:5656: result: printf %s\n
configure:5780: checking for archiver @FILE support
configure:5797: gcc -c -g -O2  conftest.c >&5
configure:5797: $? = 0
configure:5800: ar cru libconftest.a @conftest.lst >&5
ar: @conftest.lst: No such file or directory
configure:5803: $? = 1
configure:5823: result: no
configure:5881: checking for strip
configure:5897: found /usr/bin/strip
configure:5908: result: strip
configure:5980: checking for ranlib
configure:5996: found /usr/bin/ranlib
configure:6007: result: ranlib
configure:6109: checking command to parse /usr/bin/nm output from gcc object
configure:6229: gcc -c -g -O2  conftest.c >&5
configure:6232: $? = 0
configure:6236: /usr/bin/nm conftest.o \| sed -n -e 's/^.*[ ]\([BCDEGRST][BCDEGRST]*\)[ ][ ]*\([_A-Za-z][_A-Za-z0-9]*\)$/\1 \2 \2/p' | sed '/ __gnu_lto/d' \> conftest.nm
configure:6239: $? = 0
cannot find nm_test_var in conftest.nm
configure:6229: gcc -c -g -O2  conftest.c >&5
configure:6232: $? = 0
configure:6236: /usr/bin/nm conftest.o \| sed -n -e 's/^.*[ ]\([BCDEGRST][BCDEGRST]*\)[ ][ ]*_\([_A-Za-z][_A-Za-z0-9]*\)$/\1 _\2 \2/p' | sed '/ __gnu_lto/d' \> conftest.nm
configure:6239: $? = 0
configure:6305: gcc -o conftest -g -O2   conftest.c conftstm.o >&5
configure:6308: $? = 0
configure:6346: result: ok
configure:6383: checking for sysroot
configure:6413: result: no
configure:6669: checking for mt
configure:6699: result: no
configure:6719: checking if : is a manifest tool
configure:6725: : '-?'
configure:6733: result: no
configure:6789: checking for dsymutil
configure:6805: found /usr/bin/dsymutil
configure:6816: result: dsymutil
configure:6881: checking for nmedit
configure:6897: found /usr/bin/nmedit
configure:6908: result: nmedit
configure:6973: checking for lipo
configure:6989: found /usr/bin/lipo
configure:7000: result: lipo
configure:7065: checking for otool
configure:7081: found /usr/bin/otool
configure:7092: result: otool
configure:7157: checking for otool64
configure:7187: result: no
configure:7232: checking for -single_module linker flag
gcc -g -O2  -o libconftest.dylib -dynamiclib -Wl,-single_module conftest.c
configure:7265: result: yes
configure:7268: checking for -exported_symbols_list linker flag
configure:7288: gcc -o conftest -g -O2   -Wl,-exported_symbols_list,conftest.sym conftest.c  >&5
configure:7288: $? = 0
configure:7298: result: yes
configure:7301: checking for -force_load linker flag
gcc -g -O2 -c -o conftest.o conftest.c
ar cru libconftest.a conftest.o
ranlib libconftest.a
gcc -g -O2  -o conftest conftest.c -Wl,-force_load,./libconftest.a
configure:7333: result: yes
configure:7375: checking how to run the C preprocessor
configure:7406: gcc -E  conftest.c
configure:7406: $? = 0
configure:7420: gcc -E  conftest.c
conftest.c:11:10: fatal error: 'ac_nonexistent.h' file not found
#include <ac_nonexistent.h>
         ^
1 error generated.
configure:7420: $? = 1
configure: failed program was:
| /* confdefs.h */
| #define PACKAGE_NAME "libuv"
| #define PACKAGE_TARNAME "libuv"
| #define PACKAGE_VERSION "0.11.27"
| #define PACKAGE_STRING "libuv 0.11.27"
| #define PACKAGE_BUGREPORT "https://github.com/joyent/libuv/issues"
| #define PACKAGE_URL ""
| #define PACKAGE "libuv"
| #define VERSION "0.11.27"
| /* end confdefs.h.  */
| #include <ac_nonexistent.h>
configure:7445: result: gcc -E
configure:7465: gcc -E  conftest.c
configure:7465: $? = 0
configure:7479: gcc -E  conftest.c
conftest.c:11:10: fatal error: 'ac_nonexistent.h' file not found
#include <ac_nonexistent.h>
         ^
1 error generated.
configure:7479: $? = 1
configure: failed program was:
| /* confdefs.h */
| #define PACKAGE_NAME "libuv"
| #define PACKAGE_TARNAME "libuv"
| #define PACKAGE_VERSION "0.11.27"
| #define PACKAGE_STRING "libuv 0.11.27"
| #define PACKAGE_BUGREPORT "https://github.com/joyent/libuv/issues"
| #define PACKAGE_URL ""
| #define PACKAGE "libuv"
| #define VERSION "0.11.27"
| /* end confdefs.h.  */
| #include <ac_nonexistent.h>
configure:7508: checking for ANSI C header files
configure:7528: gcc -c -g -O2  conftest.c >&5
configure:7528: $? = 0
configure:7601: gcc -o conftest -g -O2   conftest.c  >&5
configure:7601: $? = 0
configure:7601: ./conftest
configure:7601: $? = 0
configure:7612: result: yes
configure:7625: checking for sys/types.h
configure:7625: gcc -c -g -O2  conftest.c >&5
configure:7625: $? = 0
configure:7625: result: yes
configure:7625: checking for sys/stat.h
configure:7625: gcc -c -g -O2  conftest.c >&5
configure:7625: $? = 0
configure:7625: result: yes
configure:7625: checking for stdlib.h
configure:7625: gcc -c -g -O2  conftest.c >&5
configure:7625: $? = 0
configure:7625: result: yes
configure:7625: checking for string.h
configure:7625: gcc -c -g -O2  conftest.c >&5
configure:7625: $? = 0
configure:7625: result: yes
configure:7625: checking for memory.h
configure:7625: gcc -c -g -O2  conftest.c >&5
configure:7625: $? = 0
configure:7625: result: yes
configure:7625: checking for strings.h
configure:7625: gcc -c -g -O2  conftest.c >&5
configure:7625: $? = 0
configure:7625: result: yes
configure:7625: checking for inttypes.h
configure:7625: gcc -c -g -O2  conftest.c >&5
configure:7625: $? = 0
configure:7625: result: yes
configure:7625: checking for stdint.h
configure:7625: gcc -c -g -O2  conftest.c >&5
configure:7625: $? = 0
configure:7625: result: yes
configure:7625: checking for unistd.h
configure:7625: gcc -c -g -O2  conftest.c >&5
configure:7625: $? = 0
configure:7625: result: yes
configure:7639: checking for dlfcn.h
configure:7639: gcc -c -g -O2  conftest.c >&5
configure:7639: $? = 0
configure:7639: result: yes
configure:7785: checking for objdir
configure:7800: result: .libs
configure:8071: checking if gcc supports -fno-rtti -fno-exceptions
configure:8089: gcc -c -g -O2  -fno-rtti -fno-exceptions conftest.c >&5
configure:8093: $? = 0
configure:8106: result: yes
configure:8433: checking for gcc option to produce PIC
configure:8440: result: -fno-common -DPIC
configure:8448: checking if gcc PIC flag -fno-common -DPIC works
configure:8466: gcc -c -g -O2  -fno-common -DPIC -DPIC conftest.c >&5
configure:8470: $? = 0
configure:8483: result: yes
configure:8512: checking if gcc static flag -static works
configure:8540: result: no
configure:8555: checking if gcc supports -c -o file.o
configure:8576: gcc -c -g -O2  -o out/conftest2.o conftest.c >&5
configure:8580: $? = 0
configure:8602: result: yes
configure:8610: checking if gcc supports -c -o file.o
configure:8657: result: yes
configure:8690: checking whether the gcc linker (/Applications/Xcode.app/Contents/Developer/Toolchains/XcodeDefault.xctoolchain/usr/bin/ld) supports shared libraries
configure:9843: result: yes
configure:10083: checking dynamic linker characteristics
configure:10816: result: darwin13.2.0 dyld
configure:10923: checking how to hardcode library paths into programs
configure:10948: result: immediate
configure:11488: checking whether stripping libraries is possible
configure:11502: result: yes
configure:11528: checking if libtool supports shared libraries
configure:11530: result: yes
configure:11533: checking whether to build shared libraries
configure:11554: result: no
configure:11557: checking whether to build static libraries
configure:11561: result: yes
configure:11599: checking for dlopen in -ldl
configure:11624: gcc -o conftest -g -O2   conftest.c -ldl   >&5
configure:11624: $? = 0
configure:11633: result: yes
configure:11644: checking for kstat_lookup in -lkstat
configure:11669: gcc -o conftest -g -O2   conftest.c -lkstat  -ldl  >&5
ld: library not found for -lkstat
clang: error: linker command failed with exit code 1 (use -v to see invocation)
configure:11669: $? = 1
configure: failed program was:
| /* confdefs.h */
| #define PACKAGE_NAME "libuv"
| #define PACKAGE_TARNAME "libuv"
| #define PACKAGE_VERSION "0.11.27"
| #define PACKAGE_STRING "libuv 0.11.27"
| #define PACKAGE_BUGREPORT "https://github.com/joyent/libuv/issues"
| #define PACKAGE_URL ""
| #define PACKAGE "libuv"
| #define VERSION "0.11.27"
| #define STDC_HEADERS 1
| #define HAVE_SYS_TYPES_H 1
| #define HAVE_SYS_STAT_H 1
| #define HAVE_STDLIB_H 1
| #define HAVE_STRING_H 1
| #define HAVE_MEMORY_H 1
| #define HAVE_STRINGS_H 1
| #define HAVE_INTTYPES_H 1
| #define HAVE_STDINT_H 1
| #define HAVE_UNISTD_H 1
| #define HAVE_DLFCN_H 1
| #define LT_OBJDIR ".libs/"
| #define HAVE_LIBDL 1
| /* end confdefs.h.  */
| 
| /* Override any GCC internal prototype to avoid an error.
|    Use char because int might match the return type of a GCC
|    builtin and then its argument prototype would still apply.  */
| #ifdef __cplusplus
| extern "C"
| #endif
| char kstat_lookup ();
| int
| main ()
| {
| return kstat_lookup ();
|   ;
|   return 0;
| }
configure:11678: result: no
configure:11689: checking for kvm_open in -lkvm
configure:11714: gcc -o conftest -g -O2   conftest.c -lkvm  -ldl  >&5
ld: library not found for -lkvm
clang: error: linker command failed with exit code 1 (use -v to see invocation)
configure:11714: $? = 1
configure: failed program was:
| /* confdefs.h */
| #define PACKAGE_NAME "libuv"
| #define PACKAGE_TARNAME "libuv"
| #define PACKAGE_VERSION "0.11.27"
| #define PACKAGE_STRING "libuv 0.11.27"
| #define PACKAGE_BUGREPORT "https://github.com/joyent/libuv/issues"
| #define PACKAGE_URL ""
| #define PACKAGE "libuv"
| #define VERSION "0.11.27"
| #define STDC_HEADERS 1
| #define HAVE_SYS_TYPES_H 1
| #define HAVE_SYS_STAT_H 1
| #define HAVE_STDLIB_H 1
| #define HAVE_STRING_H 1
| #define HAVE_MEMORY_H 1
| #define HAVE_STRINGS_H 1
| #define HAVE_INTTYPES_H 1
| #define HAVE_STDINT_H 1
| #define HAVE_UNISTD_H 1
| #define HAVE_DLFCN_H 1
| #define LT_OBJDIR ".libs/"
| #define HAVE_LIBDL 1
| /* end confdefs.h.  */
| 
| /* Override any GCC internal prototype to avoid an error.
|    Use char because int might match the return type of a GCC
|    builtin and then its argument prototype would still apply.  */
| #ifdef __cplusplus
| extern "C"
| #endif
| char kvm_open ();
| int
| main ()
| {
| return kvm_open ();
|   ;
|   return 0;
| }
configure:11723: result: no
configure:11734: checking for gethostbyname in -lnsl
configure:11759: gcc -o conftest -g -O2   conftest.c -lnsl  -ldl  >&5
ld: library not found for -lnsl
clang: error: linker command failed with exit code 1 (use -v to see invocation)
configure:11759: $? = 1
configure: failed program was:
| /* confdefs.h */
| #define PACKAGE_NAME "libuv"
| #define PACKAGE_TARNAME "libuv"
| #define PACKAGE_VERSION "0.11.27"
| #define PACKAGE_STRING "libuv 0.11.27"
| #define PACKAGE_BUGREPORT "https://github.com/joyent/libuv/issues"
| #define PACKAGE_URL ""
| #define PACKAGE "libuv"
| #define VERSION "0.11.27"
| #define STDC_HEADERS 1
| #define HAVE_SYS_TYPES_H 1
| #define HAVE_SYS_STAT_H 1
| #define HAVE_STDLIB_H 1
| #define HAVE_STRING_H 1
| #define HAVE_MEMORY_H 1
| #define HAVE_STRINGS_H 1
| #define HAVE_INTTYPES_H 1
| #define HAVE_STDINT_H 1
| #define HAVE_UNISTD_H 1
| #define HAVE_DLFCN_H 1
| #define LT_OBJDIR ".libs/"
| #define HAVE_LIBDL 1
| /* end confdefs.h.  */
| 
| /* Override any GCC internal prototype to avoid an error.
|    Use char because int might match the return type of a GCC
|    builtin and then its argument prototype would still apply.  */
| #ifdef __cplusplus
| extern "C"
| #endif
| char gethostbyname ();
| int
| main ()
| {
| return gethostbyname ();
|   ;
|   return 0;
| }
configure:11768: result: no
configure:11779: checking for perfstat_cpu in -lperfstat
configure:11804: gcc -o conftest -g -O2   conftest.c -lperfstat  -ldl  >&5
ld: library not found for -lperfstat
clang: error: linker command failed with exit code 1 (use -v to see invocation)
configure:11804: $? = 1
configure: failed program was:
| /* confdefs.h */
| #define PACKAGE_NAME "libuv"
| #define PACKAGE_TARNAME "libuv"
| #define PACKAGE_VERSION "0.11.27"
| #define PACKAGE_STRING "libuv 0.11.27"
| #define PACKAGE_BUGREPORT "https://github.com/joyent/libuv/issues"
| #define PACKAGE_URL ""
| #define PACKAGE "libuv"
| #define VERSION "0.11.27"
| #define STDC_HEADERS 1
| #define HAVE_SYS_TYPES_H 1
| #define HAVE_SYS_STAT_H 1
| #define HAVE_STDLIB_H 1
| #define HAVE_STRING_H 1
| #define HAVE_MEMORY_H 1
| #define HAVE_STRINGS_H 1
| #define HAVE_INTTYPES_H 1
| #define HAVE_STDINT_H 1
| #define HAVE_UNISTD_H 1
| #define HAVE_DLFCN_H 1
| #define LT_OBJDIR ".libs/"
| #define HAVE_LIBDL 1
| /* end confdefs.h.  */
| 
| /* Override any GCC internal prototype to avoid an error.
|    Use char because int might match the return type of a GCC
|    builtin and then its argument prototype would still apply.  */
| #ifdef __cplusplus
| extern "C"
| #endif
| char perfstat_cpu ();
| int
| main ()
| {
| return perfstat_cpu ();
|   ;
|   return 0;
| }
configure:11813: result: no
configure:11824: checking for pthread_mutex_init in -lpthread
configure:11849: gcc -o conftest -g -O2   conftest.c -lpthread  -ldl  >&5
configure:11849: $? = 0
configure:11858: result: yes
configure:11869: checking for clock_gettime in -lrt
configure:11894: gcc -o conftest -g -O2   conftest.c -lrt  -lpthread -ldl  >&5
ld: library not found for -lrt
clang: error: linker command failed with exit code 1 (use -v to see invocation)
configure:11894: $? = 1
configure: failed program was:
| /* confdefs.h */
| #define PACKAGE_NAME "libuv"
| #define PACKAGE_TARNAME "libuv"
| #define PACKAGE_VERSION "0.11.27"
| #define PACKAGE_STRING "libuv 0.11.27"
| #define PACKAGE_BUGREPORT "https://github.com/joyent/libuv/issues"
| #define PACKAGE_URL ""
| #define PACKAGE "libuv"
| #define VERSION "0.11.27"
| #define STDC_HEADERS 1
| #define HAVE_SYS_TYPES_H 1
| #define HAVE_SYS_STAT_H 1
| #define HAVE_STDLIB_H 1
| #define HAVE_STRING_H 1
| #define HAVE_MEMORY_H 1
| #define HAVE_STRINGS_H 1
| #define HAVE_INTTYPES_H 1
| #define HAVE_STDINT_H 1
| #define HAVE_UNISTD_H 1
| #define HAVE_DLFCN_H 1
| #define LT_OBJDIR ".libs/"
| #define HAVE_LIBDL 1
| #define HAVE_LIBPTHREAD 1
| /* end confdefs.h.  */
| 
| /* Override any GCC internal prototype to avoid an error.
|    Use char because int might match the return type of a GCC
|    builtin and then its argument prototype would still apply.  */
| #ifdef __cplusplus
| extern "C"
| #endif
| char clock_gettime ();
| int
| main ()
| {
| return clock_gettime ();
|   ;
|   return 0;
| }
configure:11903: result: no
configure:11914: checking for sendfile in -lsendfile
configure:11939: gcc -o conftest -g -O2   conftest.c -lsendfile  -lpthread -ldl  >&5
ld: library not found for -lsendfile
clang: error: linker command failed with exit code 1 (use -v to see invocation)
configure:11939: $? = 1
configure: failed program was:
| /* confdefs.h */
| #define PACKAGE_NAME "libuv"
| #define PACKAGE_TARNAME "libuv"
| #define PACKAGE_VERSION "0.11.27"
| #define PACKAGE_STRING "libuv 0.11.27"
| #define PACKAGE_BUGREPORT "https://github.com/joyent/libuv/issues"
| #define PACKAGE_URL ""
| #define PACKAGE "libuv"
| #define VERSION "0.11.27"
| #define STDC_HEADERS 1
| #define HAVE_SYS_TYPES_H 1
| #define HAVE_SYS_STAT_H 1
| #define HAVE_STDLIB_H 1
| #define HAVE_STRING_H 1
| #define HAVE_MEMORY_H 1
| #define HAVE_STRINGS_H 1
| #define HAVE_INTTYPES_H 1
| #define HAVE_STDINT_H 1
| #define HAVE_UNISTD_H 1
| #define HAVE_DLFCN_H 1
| #define LT_OBJDIR ".libs/"
| #define HAVE_LIBDL 1
| #define HAVE_LIBPTHREAD 1
| /* end confdefs.h.  */
| 
| /* Override any GCC internal prototype to avoid an error.
|    Use char because int might match the return type of a GCC
|    builtin and then its argument prototype would still apply.  */
| #ifdef __cplusplus
| extern "C"
| #endif
| char sendfile ();
| int
| main ()
| {
| return sendfile ();
|   ;
|   return 0;
| }
configure:11948: result: no
configure:11959: checking for socket in -lsocket
configure:11984: gcc -o conftest -g -O2   conftest.c -lsocket  -lpthread -ldl  >&5
ld: library not found for -lsocket
clang: error: linker command failed with exit code 1 (use -v to see invocation)
configure:11984: $? = 1
configure: failed program was:
| /* confdefs.h */
| #define PACKAGE_NAME "libuv"
| #define PACKAGE_TARNAME "libuv"
| #define PACKAGE_VERSION "0.11.27"
| #define PACKAGE_STRING "libuv 0.11.27"
| #define PACKAGE_BUGREPORT "https://github.com/joyent/libuv/issues"
| #define PACKAGE_URL ""
| #define PACKAGE "libuv"
| #define VERSION "0.11.27"
| #define STDC_HEADERS 1
| #define HAVE_SYS_TYPES_H 1
| #define HAVE_SYS_STAT_H 1
| #define HAVE_STDLIB_H 1
| #define HAVE_STRING_H 1
| #define HAVE_MEMORY_H 1
| #define HAVE_STRINGS_H 1
| #define HAVE_INTTYPES_H 1
| #define HAVE_STDINT_H 1
| #define HAVE_UNISTD_H 1
| #define HAVE_DLFCN_H 1
| #define LT_OBJDIR ".libs/"
| #define HAVE_LIBDL 1
| #define HAVE_LIBPTHREAD 1
| /* end confdefs.h.  */
| 
| /* Override any GCC internal prototype to avoid an error.
|    Use char because int might match the return type of a GCC
|    builtin and then its argument prototype would still apply.  */
| #ifdef __cplusplus
| extern "C"
| #endif
| char socket ();
| int
| main ()
| {
| return socket ();
|   ;
|   return 0;
| }
configure:11993: result: no
configure:12011: checking for special C compiler options needed for large files
configure:12056: result: no
configure:12062: checking for _FILE_OFFSET_BITS value needed for large files
configure:12087: gcc -c -g -O2  conftest.c >&5
configure:12087: $? = 0
configure:12119: result: no
configure:12318: checking for dtrace
configure:12334: found /usr/sbin/dtrace
configure:12345: result: dtrace
configure:12359: checking if dtrace works
configure:12379: result: yes
configure:12386: checking if dtrace should instrument object files
configure:12414: result: no
configure:12443: checking for pkg-config
configure:12459: found /usr/local/bin/pkg-config
configure:12470: result: yes
configure:12639: checking that generated files are newer than configure
configure:12645: result: done
configure:12716: creating ./config.status

## ---------------------- ##
## Running config.status. ##
## ---------------------- ##

This file was extended by libuv config.status 0.11.27, which was
generated by GNU Autoconf 2.69.  Invocation command line was

  CONFIG_FILES    = 
  CONFIG_HEADERS  = 
  CONFIG_LINKS    = 
  CONFIG_COMMANDS = 
  $ ./config.status 

on xinjuns-MacBook-Pro.local

config.status:1025: creating libuv.pc
config.status:1025: creating Makefile
config.status:1197: executing depfiles commands
config.status:1197: executing libtool commands

## ---------------- ##
## Cache variables. ##
## ---------------- ##

ac_cv_build=x86_64-apple-darwin13.2.0
ac_cv_c_compiler_gnu=yes
ac_cv_dtrace_needs_objects=no
ac_cv_dtrace_works=yes
ac_cv_enable_dtrace=yes
ac_cv_env_CC_set=
ac_cv_env_CC_value=
ac_cv_env_CFLAGS_set=
ac_cv_env_CFLAGS_value=
ac_cv_env_CPPFLAGS_set=
ac_cv_env_CPPFLAGS_value=
ac_cv_env_CPP_set=
ac_cv_env_CPP_value=
ac_cv_env_LDFLAGS_set=
ac_cv_env_LDFLAGS_value=
ac_cv_env_LIBS_set=
ac_cv_env_LIBS_value=
ac_cv_env_build_alias_set=
ac_cv_env_build_alias_value=
ac_cv_env_host_alias_set=
ac_cv_env_host_alias_value=
ac_cv_env_target_alias_set=
ac_cv_env_target_alias_value=
ac_cv_have_dtrace=yes
ac_cv_header_dlfcn_h=yes
ac_cv_header_inttypes_h=yes
ac_cv_header_memory_h=yes
ac_cv_header_stdc=yes
ac_cv_header_stdint_h=yes
ac_cv_header_stdlib_h=yes
ac_cv_header_string_h=yes
ac_cv_header_strings_h=yes
ac_cv_header_sys_stat_h=yes
ac_cv_header_sys_types_h=yes
ac_cv_header_unistd_h=yes
ac_cv_host=x86_64-apple-darwin13.2.0
ac_cv_lib_dl_dlopen=yes
ac_cv_lib_kstat_kstat_lookup=no
ac_cv_lib_kvm_kvm_open=no
ac_cv_lib_nsl_gethostbyname=no
ac_cv_lib_perfstat_perfstat_cpu=no
ac_cv_lib_pthread_pthread_mutex_init=yes
ac_cv_lib_rt_clock_gettime=no
ac_cv_lib_sendfile_sendfile=no
ac_cv_lib_socket_socket=no
ac_cv_objext=o
ac_cv_path_EGREP='/usr/bin/grep -E'
ac_cv_path_FGREP='/usr/bin/grep -F'
ac_cv_path_GREP=/usr/bin/grep
ac_cv_path_SED=/usr/bin/sed
ac_cv_path_install='/usr/bin/install -c'
ac_cv_prog_AWK=awk
ac_cv_prog_CPP='gcc -E'
ac_cv_prog_DTRACE=dtrace
ac_cv_prog_PKG_CONFIG=yes
ac_cv_prog_ac_ct_AR=ar
ac_cv_prog_ac_ct_CC=gcc
ac_cv_prog_ac_ct_DSYMUTIL=dsymutil
ac_cv_prog_ac_ct_LIPO=lipo
ac_cv_prog_ac_ct_NMEDIT=nmedit
ac_cv_prog_ac_ct_OTOOL=otool
ac_cv_prog_ac_ct_RANLIB=ranlib
ac_cv_prog_ac_ct_STRIP=strip
ac_cv_prog_cc_c89=
ac_cv_prog_cc_g=yes
ac_cv_prog_make_make_set=yes
ac_cv_sys_file_offset_bits=no
ac_cv_sys_largefile_CC=no
am_cv_CC_dependencies_compiler_type=gcc3
am_cv_ar_interface=ar
am_cv_make_support_nested_variables=yes
am_cv_prog_cc_c_o=yes
lt_cv_apple_cc_single_mod=yes
lt_cv_ar_at_file=no
lt_cv_deplibs_check_method=pass_all
lt_cv_file_magic_cmd='$MAGIC_CMD'
lt_cv_file_magic_test_file=
lt_cv_ld_exported_symbols_list=yes
lt_cv_ld_force_load=yes
lt_cv_ld_reload_flag=-r
lt_cv_nm_interface='BSD nm'
lt_cv_objdir=.libs
lt_cv_path_LD=/Applications/Xcode.app/Contents/Developer/Toolchains/XcodeDefault.xctoolchain/usr/bin/ld
lt_cv_path_NM=/usr/bin/nm
lt_cv_path_mainfest_tool=no
lt_cv_prog_compiler_c_o=yes
lt_cv_prog_compiler_pic='-fno-common -DPIC'
lt_cv_prog_compiler_pic_works=yes
lt_cv_prog_compiler_rtti_exceptions=yes
lt_cv_prog_compiler_static_works=no
lt_cv_prog_gnu_ld=no
lt_cv_sharedlib_from_linklib_cmd='printf %s\n'
lt_cv_sys_global_symbol_pipe='sed -n -e '\''s/^.*[	 ]\([BCDEGRST][BCDEGRST]*\)[	 ][	 ]*_\([_A-Za-z][_A-Za-z0-9]*\)$/\1 _\2 \2/p'\'' | sed '\''/ __gnu_lto/d'\'''
lt_cv_sys_global_symbol_to_c_name_address='sed -n -e '\''s/^: \([^ ]*\)[ ]*$/  {\"\1\", (void *) 0},/p'\'' -e '\''s/^[BCDEGRST]* \([^ ]*\) \([^ ]*\)$/  {"\2", (void *) \&\2},/p'\'''
lt_cv_sys_global_symbol_to_c_name_address_lib_prefix='sed -n -e '\''s/^: \([^ ]*\)[ ]*$/  {\"\1\", (void *) 0},/p'\'' -e '\''s/^[BCDEGRST]* \([^ ]*\) \(lib[^ ]*\)$/  {"\2", (void *) \&\2},/p'\'' -e '\''s/^[BCDEGRST]* \([^ ]*\) \([^ ]*\)$/  {"lib\2", (void *) \&\2},/p'\'''
lt_cv_sys_global_symbol_to_cdecl='sed -n -e '\''s/^T .* \(.*\)$/extern int \1();/p'\'' -e '\''s/^[BCDEGRST]* .* \(.*\)$/extern char \1;/p'\'''
lt_cv_sys_max_cmd_len=196608
lt_cv_to_host_file_cmd=func_convert_file_noop
lt_cv_to_tool_file_cmd=func_convert_file_noop

## ----------------- ##
## Output variables. ##
## ----------------- ##

ACLOCAL='${SHELL} /Users/xinjun/workspace/guava/deps/libuv/missing aclocal-1.14'
AIX_FALSE=''
AIX_TRUE='#'
AMDEPBACKSLASH='\'
AMDEP_FALSE='#'
AMDEP_TRUE=''
AMTAR='$${TAR-tar}'
AM_BACKSLASH='\'
AM_DEFAULT_V='$(AM_DEFAULT_VERBOSITY)'
AM_DEFAULT_VERBOSITY='0'
AM_V='$(V)'
ANDROID_FALSE=''
ANDROID_TRUE='#'
AR='ar'
AUTOCONF='${SHELL} /Users/xinjun/workspace/guava/deps/libuv/missing autoconf'
AUTOHEADER='${SHELL} /Users/xinjun/workspace/guava/deps/libuv/missing autoheader'
AUTOMAKE='${SHELL} /Users/xinjun/workspace/guava/deps/libuv/missing automake-1.14'
AWK='awk'
CC='gcc'
CCDEPMODE='depmode=gcc3'
CFLAGS='-g -O2'
CPP='gcc -E'
CPPFLAGS=''
CYGPATH_W='echo'
DARWIN_FALSE='#'
DARWIN_TRUE=''
DEFS='-DPACKAGE_NAME=\"libuv\" -DPACKAGE_TARNAME=\"libuv\" -DPACKAGE_VERSION=\"0.11.27\" -DPACKAGE_STRING=\"libuv\ 0.11.27\" -DPACKAGE_BUGREPORT=\"https://github.com/joyent/libuv/issues\" -DPACKAGE_URL=\"\" -DPACKAGE=\"libuv\" -DVERSION=\"0.11.27\" -DSTDC_HEADERS=1 -DHAVE_SYS_TYPES_H=1 -DHAVE_SYS_STAT_H=1 -DHAVE_STDLIB_H=1 -DHAVE_STRING_H=1 -DHAVE_MEMORY_H=1 -DHAVE_STRINGS_H=1 -DHAVE_INTTYPES_H=1 -DHAVE_STDINT_H=1 -DHAVE_UNISTD_H=1 -DHAVE_DLFCN_H=1 -DLT_OBJDIR=\".libs/\" -DHAVE_LIBDL=1 -DHAVE_LIBPTHREAD=1 -DHAVE_DTRACE=1'
DEPDIR='.deps'
DLLTOOL='false'
DSYMUTIL='dsymutil'
DTRACE='dtrace'
DTRACEFLAGS=''
DTRACE_NEEDS_OBJECTS_FALSE=''
DTRACE_NEEDS_OBJECTS_TRUE='#'
DUMPBIN=''
ECHO_C='\c'
ECHO_N=''
ECHO_T=''
EGREP='/usr/bin/grep -E'
EXEEXT=''
FGREP='/usr/bin/grep -F'
FREEBSD_FALSE=''
FREEBSD_TRUE='#'
GREP='/usr/bin/grep'
HAVE_DTRACE_FALSE='#'
HAVE_DTRACE_TRUE=''
HAVE_PKG_CONFIG_FALSE='#'
HAVE_PKG_CONFIG_TRUE=''
INSTALL_DATA='${INSTALL} -m 644'
INSTALL_PROGRAM='${INSTALL}'
INSTALL_SCRIPT='${INSTALL}'
INSTALL_STRIP_PROGRAM='$(install_sh) -c -s'
LD='/Applications/Xcode.app/Contents/Developer/Toolchains/XcodeDefault.xctoolchain/usr/bin/ld'
LDFLAGS=''
LIBOBJS=''
LIBS='-lpthread -ldl '
LIBTOOL='$(SHELL) $(top_builddir)/libtool'
LINUX_FALSE=''
LINUX_TRUE='#'
LIPO='lipo'
LN_S='ln -s'
LTLIBOBJS=''
MAKEINFO='${SHELL} /Users/xinjun/workspace/guava/deps/libuv/missing makeinfo'
MANIFEST_TOOL=':'
MKDIR_P='./install-sh -c -d'
NETBSD_FALSE=''
NETBSD_TRUE='#'
NM='/usr/bin/nm'
NMEDIT='nmedit'
OBJDUMP='false'
OBJEXT='o'
OPENBSD_FALSE=''
OPENBSD_TRUE='#'
OTOOL64=':'
OTOOL='otool'
PACKAGE='libuv'
PACKAGE_BUGREPORT='https://github.com/joyent/libuv/issues'
PACKAGE_NAME='libuv'
PACKAGE_STRING='libuv 0.11.27'
PACKAGE_TARNAME='libuv'
PACKAGE_URL=''
PACKAGE_VERSION='0.11.27'
PATH_SEPARATOR=':'
PKG_CONFIG='yes'
RANLIB='ranlib'
SED='/usr/bin/sed'
SET_MAKE=''
SHELL='/bin/sh'
STRIP='strip'
SUNOS_FALSE=''
SUNOS_TRUE='#'
VERSION='0.11.27'
WINNT_FALSE=''
WINNT_TRUE='#'
ac_ct_AR='ar'
ac_ct_CC='gcc'
ac_ct_DUMPBIN=''
am__EXEEXT_FALSE=''
am__EXEEXT_TRUE='#'
am__fastdepCC_FALSE='#'
am__fastdepCC_TRUE=''
am__include='include'
am__isrc=''
am__leading_dot='.'
am__nodep='_no'
am__quote=''
am__tar='$${TAR-tar} chof - "$$tardir"'
am__untar='$${TAR-tar} xf -'
bindir='${exec_prefix}/bin'
build='x86_64-apple-darwin13.2.0'
build_alias=''
build_cpu='x86_64'
build_os='darwin13.2.0'
build_vendor='apple'
datadir='${datarootdir}'
datarootdir='${prefix}/share'
docdir='${datarootdir}/doc/${PACKAGE_TARNAME}'
dvidir='${docdir}'
exec_prefix='${prefix}'
host='x86_64-apple-darwin13.2.0'
host_alias=''
host_cpu='x86_64'
host_os='darwin13.2.0'
host_vendor='apple'
htmldir='${docdir}'
includedir='${prefix}/include'
infodir='${datarootdir}/info'
install_sh='${SHELL} /Users/xinjun/workspace/guava/deps/libuv/install-sh'
libdir='${exec_prefix}/lib'
libexecdir='${exec_prefix}/libexec'
localedir='${datarootdir}/locale'
localstatedir='${prefix}/var'
mandir='${datarootdir}/man'
mkdir_p='$(MKDIR_P)'
oldincludedir='/usr/include'
pdfdir='${docdir}'
prefix='/usr/local'
program_transform_name='s,x,x,'
psdir='${docdir}'
sbindir='${exec_prefix}/sbin'
sharedstatedir='${prefix}/com'
sysconfdir='${prefix}/etc'
target_alias=''

## ----------- ##
## confdefs.h. ##
## ----------- ##

/* confdefs.h */
#define PACKAGE_NAME "libuv"
#define PACKAGE_TARNAME "libuv"
#define PACKAGE_VERSION "0.11.27"
#define PACKAGE_STRING "libuv 0.11.27"
#define PACKAGE_BUGREPORT "https://github.com/joyent/libuv/issues"
#define PACKAGE_URL ""
#define PACKAGE "libuv"
#define VERSION "0.11.27"
#define STDC_HEADERS 1
#define HAVE_SYS_TYPES_H 1
#define HAVE_SYS_STAT_H 1
#define HAVE_STDLIB_H 1
#define HAVE_STRING_H 1
#define HAVE_MEMORY_H 1
#define HAVE_STRINGS_H 1
#define HAVE_INTTYPES_H 1
#define HAVE_STDINT_H 1
#define HAVE_UNISTD_H 1
#define HAVE_DLFCN_H 1
#define LT_OBJDIR ".libs/"
#define HAVE_LIBDL 1
#define HAVE_LIBPTHREAD 1
#define HAVE_DTRACE 1

configure: exit 0
