2014-06-24 17:36:24,528 -- repoze.who request started (/manage/) --
2014-06-24 17:36:24,529 request classification: browser
2014-06-24 17:36:24,529 identifier plugins registered [<RedirectingFormPlugin 62533712>, <AuthTktCookiePlugin 62517200>]
2014-06-24 17:36:24,529 identifier plugins matched for classification "browser": [<RedirectingFormPlugin 62533712>, <AuthTktCookiePlugin 62517200>]
2014-06-24 17:36:24,530 no identity returned from <RedirectingFormPlugin 62533712> (None)
2014-06-24 17:36:24,530 no identity returned from <AuthTktCookiePlugin 62517200> (None)
2014-06-24 17:36:24,530 identities found: []
2014-06-24 17:36:24,531 no identities found, not authenticating
2014-06-24 17:36:24,959 challenge required
2014-06-24 17:36:24,960 challengers registered: [<RedirectingFormPlugin 62533712>]
2014-06-24 17:36:24,960 challengers matched for classification "browser": [<RedirectingFormPlugin 62533712>]
2014-06-24 17:36:24,960 challenger plugin <RedirectingFormPlugin 62533712> "challenge" returned an app
2014-06-24 17:36:24,961 executing challenge app
2014-06-24 17:36:24,963 -- repoze.who request ended (/manage/) --
2014-06-24 17:36:24,988 -- repoze.who request started (/account/login) --
2014-06-24 17:36:24,988 request classification: browser
2014-06-24 17:36:24,989 identifier plugins registered [<RedirectingFormPlugin 62533712>, <AuthTktCookiePlugin 62517200>]
2014-06-24 17:36:24,989 identifier plugins matched for classification "browser": [<RedirectingFormPlugin 62533712>, <AuthTktCookiePlugin 62517200>]
2014-06-24 17:36:24,989 no identity returned from <RedirectingFormPlugin 62533712> (None)
2014-06-24 17:36:24,990 no identity returned from <AuthTktCookiePlugin 62517200> (None)
2014-06-24 17:36:24,990 identities found: []
2014-06-24 17:36:24,990 no identities found, not authenticating
2014-06-24 17:36:25,014 no challenge required
2014-06-24 17:36:25,014 -- repoze.who request ended (/account/login) --
2014-06-24 17:36:25,119 -- repoze.who request started (/selfservice/style.css) --
2014-06-24 17:36:25,119 request classification: browser
2014-06-24 17:36:25,120 identifier plugins registered [<RedirectingFormPlugin 62533712>, <AuthTktCookiePlugin 62517200>]
2014-06-24 17:36:25,120 identifier plugins matched for classification "browser": [<RedirectingFormPlugin 62533712>, <AuthTktCookiePlugin 62517200>]
2014-06-24 17:36:25,120 no identity returned from <RedirectingFormPlugin 62533712> (None)
2014-06-24 17:36:25,121 no identity returned from <AuthTktCookiePlugin 62517200> (None)
2014-06-24 17:36:25,121 identities found: []
2014-06-24 17:36:25,121 no identities found, not authenticating
2014-06-24 17:36:25,124 no challenge required
2014-06-24 17:36:25,124 -- repoze.who request ended (/selfservice/style.css) --
2014-06-24 17:36:25,130 -- repoze.who request started (/selfservice/custom-style.css) --
2014-06-24 17:36:25,130 request classification: browser
2014-06-24 17:36:25,131 identifier plugins registered [<RedirectingFormPlugin 62533712>, <AuthTktCookiePlugin 62517200>]
2014-06-24 17:36:25,131 identifier plugins matched for classification "browser": [<RedirectingFormPlugin 62533712>, <AuthTktCookiePlugin 62517200>]
2014-06-24 17:36:25,133 -- repoze.who request started (/js/jquery-1.7.2.min.js) --
2014-06-24 17:36:25,134 no identity returned from <RedirectingFormPlugin 62533712> (None)
2014-06-24 17:36:25,134 request classification: browser
2014-06-24 17:36:25,135 no identity returned from <AuthTktCookiePlugin 62517200> (None)
2014-06-24 17:36:25,135 identifier plugins registered [<RedirectingFormPlugin 62533712>, <AuthTktCookiePlugin 62517200>]
2014-06-24 17:36:25,136 identities found: []
2014-06-24 17:36:25,136 identifier plugins matched for classification "browser": [<RedirectingFormPlugin 62533712>, <AuthTktCookiePlugin 62517200>]
2014-06-24 17:36:25,137 no identities found, not authenticating
2014-06-24 17:36:25,137 no identity returned from <RedirectingFormPlugin 62533712> (None)
2014-06-24 17:36:25,141 no identity returned from <AuthTktCookiePlugin 62517200> (None)
2014-06-24 17:36:25,141 identities found: []
2014-06-24 17:36:25,142 no identities found, not authenticating
2014-06-24 17:36:25,143 no challenge required
2014-06-24 17:36:25,143 -- repoze.who request ended (/js/jquery-1.7.2.min.js) --
2014-06-24 17:36:25,181 challenge required
2014-06-24 17:36:25,181 challengers registered: [<RedirectingFormPlugin 62533712>]
2014-06-24 17:36:25,181 challengers matched for classification "browser": [<RedirectingFormPlugin 62533712>]
2014-06-24 17:36:25,182 challenger plugin <RedirectingFormPlugin 62533712> "challenge" returned an app
2014-06-24 17:36:25,182 executing challenge app
2014-06-24 17:36:25,184 -- repoze.who request ended (/selfservice/custom-style.css) --
2014-06-24 17:36:25,199 -- repoze.who request started (/account/login) --
2014-06-24 17:36:25,199 request classification: browser
2014-06-24 17:36:25,199 identifier plugins registered [<RedirectingFormPlugin 62533712>, <AuthTktCookiePlugin 62517200>]
2014-06-24 17:36:25,200 identifier plugins matched for classification "browser": [<RedirectingFormPlugin 62533712>, <AuthTktCookiePlugin 62517200>]
2014-06-24 17:36:25,200 no identity returned from <RedirectingFormPlugin 62533712> (None)
2014-06-24 17:36:25,200 no identity returned from <AuthTktCookiePlugin 62517200> (None)
2014-06-24 17:36:25,201 identities found: []
2014-06-24 17:36:25,201 no identities found, not authenticating
2014-06-24 17:36:25,222 no challenge required
2014-06-24 17:36:25,222 -- repoze.who request ended (/account/login) --
2014-06-24 17:36:25,332 -- repoze.who request started (/images/ui-bg_highlight-soft_75_cccccc_1x100.png) --
2014-06-24 17:36:25,332 request classification: browser
2014-06-24 17:36:25,332 identifier plugins registered [<RedirectingFormPlugin 62533712>, <AuthTktCookiePlugin 62517200>]
2014-06-24 17:36:25,333 identifier plugins matched for classification "browser": [<RedirectingFormPlugin 62533712>, <AuthTktCookiePlugin 62517200>]
2014-06-24 17:36:25,333 no identity returned from <RedirectingFormPlugin 62533712> (None)
2014-06-24 17:36:25,334 -- repoze.who request started (/images/privacyIDEA-logo-klein.png) --
2014-06-24 17:36:25,335 no identity returned from <AuthTktCookiePlugin 62517200> (None)
2014-06-24 17:36:25,335 request classification: browser
2014-06-24 17:36:25,336 identities found: []
2014-06-24 17:36:25,336 identifier plugins registered [<RedirectingFormPlugin 62533712>, <AuthTktCookiePlugin 62517200>]
2014-06-24 17:36:25,336 no identities found, not authenticating
2014-06-24 17:36:25,337 identifier plugins matched for classification "browser": [<RedirectingFormPlugin 62533712>, <AuthTktCookiePlugin 62517200>]
2014-06-24 17:36:25,337 no identity returned from <RedirectingFormPlugin 62533712> (None)
2014-06-24 17:36:25,338 no identity returned from <AuthTktCookiePlugin 62517200> (None)
2014-06-24 17:36:25,338 identities found: []
2014-06-24 17:36:25,339 no identities found, not authenticating
2014-06-24 17:36:25,349 no challenge required
2014-06-24 17:36:25,349 -- repoze.who request ended (/images/ui-bg_highlight-soft_75_cccccc_1x100.png) --
2014-06-24 17:36:25,359 no challenge required
2014-06-24 17:36:25,359 -- repoze.who request ended (/images/privacyIDEA-logo-klein.png) --
2014-06-24 17:36:31,050 -- repoze.who request started (/account/dologin) --
2014-06-24 17:36:31,050 request classification: browser
2014-06-24 17:36:31,050 identifier plugins registered [<RedirectingFormPlugin 62533712>, <AuthTktCookiePlugin 62517200>]
2014-06-24 17:36:31,051 identifier plugins matched for classification "browser": [<RedirectingFormPlugin 62533712>, <AuthTktCookiePlugin 62517200>]
2014-06-24 17:36:31,052 identity returned from <RedirectingFormPlugin 62533712>: {'login': 'admin2@admin', 'password': 'secret', 'realm': 'scim'}
2014-06-24 17:36:31,052 no identity returned from <AuthTktCookiePlugin 62517200> (None)
2014-06-24 17:36:31,052 identities found: [(<RedirectingFormPlugin 62533712>, {'login': 'admin2@admin', 'password': 'secret', 'realm': 'scim'})]
2014-06-24 17:36:31,053 authenticator plugins registered [<privacyidea.lib.repoze_auth.UserModelPlugin object at 0x3b9ef10>]
2014-06-24 17:36:31,053 authenticator plugins matched for classification "browser": [<privacyidea.lib.repoze_auth.UserModelPlugin object at 0x3b9ef10>]
2014-06-24 17:36:31,171 userid returned from <privacyidea.lib.repoze_auth.UserModelPlugin object at 0x3b9ef10>: "admin2@admin"
2014-06-24 17:36:31,171 identities authenticated: [((0, 0), <privacyidea.lib.repoze_auth.UserModelPlugin object at 0x3b9ef10>, <RedirectingFormPlugin 62533712>, {'login': 'admin2@admin', 'password': 'secret', 'realm': 'scim', 'repoze.who.userid': 'admin2@admin'}, 'admin2@admin')]
2014-06-24 17:36:31,172 static downstream application replaced with 302 Found
The resource was found at
http://localhost:5001/account/login

2014-06-24 17:36:31,173 no challenge required
2014-06-24 17:36:31,173 remembering via headers from <RedirectingFormPlugin 62533712>: [('Set-Cookie', 'privacyidea_session="060d57e3b5913f4cb8022a76ce4cfba053a99affadmin2%40admin!"; Path=/'), ('Set-Cookie', 'privacyidea_session="060d57e3b5913f4cb8022a76ce4cfba053a99affadmin2%40admin!"; Path=/; Domain=localhost:5001'), ('Set-Cookie', 'privacyidea_session="060d57e3b5913f4cb8022a76ce4cfba053a99affadmin2%40admin!"; Path=/; Domain=.localhost:5001')]
2014-06-24 17:36:31,174 -- repoze.who request ended (/account/dologin) --
2014-06-24 17:36:31,197 -- repoze.who request started (/account/login) --
2014-06-24 17:36:31,197 request classification: browser
2014-06-24 17:36:31,197 identifier plugins registered [<RedirectingFormPlugin 62533712>, <AuthTktCookiePlugin 62517200>]
2014-06-24 17:36:31,198 identifier plugins matched for classification "browser": [<RedirectingFormPlugin 62533712>, <AuthTktCookiePlugin 62517200>]
2014-06-24 17:36:31,198 no identity returned from <RedirectingFormPlugin 62533712> (None)
2014-06-24 17:36:31,198 identity returned from <AuthTktCookiePlugin 62517200>: {'tokens': [''], 'timestamp': 1403624191, 'repoze.who.userid': 'admin2@admin', 'userdata': ''}
2014-06-24 17:36:31,199 identities found: [(<AuthTktCookiePlugin 62517200>, {'tokens': [''], 'timestamp': 1403624191, 'repoze.who.userid': 'admin2@admin', 'userdata': ''})]
2014-06-24 17:36:31,199 authenticator plugins registered [<privacyidea.lib.repoze_auth.UserModelPlugin object at 0x3b9ef10>]
2014-06-24 17:36:31,199 authenticator plugins matched for classification "browser": [<privacyidea.lib.repoze_auth.UserModelPlugin object at 0x3b9ef10>]
2014-06-24 17:36:31,199 userid preauthenticated by <AuthTktCookiePlugin 62517200>: "admin2@admin" (repoze.who.userid set)
2014-06-24 17:36:31,200 identities authenticated: [((0, 0), None, <AuthTktCookiePlugin 62517200>, {'tokens': [''], 'timestamp': 1403624191, 'repoze.who.userid': 'admin2@admin', 'userdata': ''}, 'admin2@admin')]
2014-06-24 17:36:31,219 no challenge required
2014-06-24 17:36:31,219 -- repoze.who request ended (/account/login) --
2014-06-24 17:36:31,234 -- repoze.who request started (/manage/) --
2014-06-24 17:36:31,234 request classification: browser
2014-06-24 17:36:31,235 identifier plugins registered [<RedirectingFormPlugin 62533712>, <AuthTktCookiePlugin 62517200>]
2014-06-24 17:36:31,235 identifier plugins matched for classification "browser": [<RedirectingFormPlugin 62533712>, <AuthTktCookiePlugin 62517200>]
2014-06-24 17:36:31,235 no identity returned from <RedirectingFormPlugin 62533712> (None)
2014-06-24 17:36:31,236 identity returned from <AuthTktCookiePlugin 62517200>: {'tokens': [''], 'timestamp': 1403624191, 'repoze.who.userid': 'admin2@admin', 'userdata': ''}
2014-06-24 17:36:31,236 identities found: [(<AuthTktCookiePlugin 62517200>, {'tokens': [''], 'timestamp': 1403624191, 'repoze.who.userid': 'admin2@admin', 'userdata': ''})]
2014-06-24 17:36:31,236 authenticator plugins registered [<privacyidea.lib.repoze_auth.UserModelPlugin object at 0x3b9ef10>]
2014-06-24 17:36:31,237 authenticator plugins matched for classification "browser": [<privacyidea.lib.repoze_auth.UserModelPlugin object at 0x3b9ef10>]
2014-06-24 17:36:31,237 userid preauthenticated by <AuthTktCookiePlugin 62517200>: "admin2@admin" (repoze.who.userid set)
2014-06-24 17:36:31,237 identities authenticated: [((0, 0), None, <AuthTktCookiePlugin 62517200>, {'tokens': [''], 'timestamp': 1403624191, 'repoze.who.userid': 'admin2@admin', 'userdata': ''}, 'admin2@admin')]
2014-06-24 17:36:34,118 no challenge required
2014-06-24 17:36:34,119 -- repoze.who request ended (/manage/) --
2014-06-24 17:36:34,289 -- repoze.who request started (/manage/custom-style.css) --
2014-06-24 17:36:34,289 request classification: browser
2014-06-24 17:36:34,289 identifier plugins registered [<RedirectingFormPlugin 62533712>, <AuthTktCookiePlugin 62517200>]
2014-06-24 17:36:34,290 identifier plugins matched for classification "browser": [<RedirectingFormPlugin 62533712>, <AuthTktCookiePlugin 62517200>]
2014-06-24 17:36:34,290 no identity returned from <RedirectingFormPlugin 62533712> (None)
2014-06-24 17:36:34,291 identity returned from <AuthTktCookiePlugin 62517200>: {'tokens': [''], 'timestamp': 1403624191, 'repoze.who.userid': 'admin2@admin', 'userdata': ''}
2014-06-24 17:36:34,291 identities found: [(<AuthTktCookiePlugin 62517200>, {'tokens': [''], 'timestamp': 1403624191, 'repoze.who.userid': 'admin2@admin', 'userdata': ''})]
2014-06-24 17:36:34,291 authenticator plugins registered [<privacyidea.lib.repoze_auth.UserModelPlugin object at 0x3b9ef10>]
2014-06-24 17:36:34,291 authenticator plugins matched for classification "browser": [<privacyidea.lib.repoze_auth.UserModelPlugin object at 0x3b9ef10>]
2014-06-24 17:36:34,292 userid preauthenticated by <AuthTktCookiePlugin 62517200>: "admin2@admin" (repoze.who.userid set)
2014-06-24 17:36:34,292 identities authenticated: [((0, 0), None, <AuthTktCookiePlugin 62517200>, {'tokens': [''], 'timestamp': 1403624191, 'repoze.who.userid': 'admin2@admin', 'userdata': ''}, 'admin2@admin')]
2014-06-24 17:36:34,330 no challenge required
2014-06-24 17:36:34,331 -- repoze.who request ended (/manage/custom-style.css) --
2014-06-24 17:36:34,526 -- repoze.who request started (/system/getConfig) --
2014-06-24 17:36:34,527 request classification: browser
2014-06-24 17:36:34,527 identifier plugins registered [<RedirectingFormPlugin 62533712>, <AuthTktCookiePlugin 62517200>]
2014-06-24 17:36:34,527 identifier plugins matched for classification "browser": [<RedirectingFormPlugin 62533712>, <AuthTktCookiePlugin 62517200>]
2014-06-24 17:36:34,528 no identity returned from <RedirectingFormPlugin 62533712> (None)
2014-06-24 17:36:34,528 identity returned from <AuthTktCookiePlugin 62517200>: {'tokens': [''], 'timestamp': 1403624191, 'repoze.who.userid': 'admin2@admin', 'userdata': ''}
2014-06-24 17:36:34,528 identities found: [(<AuthTktCookiePlugin 62517200>, {'tokens': [''], 'timestamp': 1403624191, 'repoze.who.userid': 'admin2@admin', 'userdata': ''})]
2014-06-24 17:36:34,529 authenticator plugins registered [<privacyidea.lib.repoze_auth.UserModelPlugin object at 0x3b9ef10>]
2014-06-24 17:36:34,529 authenticator plugins matched for classification "browser": [<privacyidea.lib.repoze_auth.UserModelPlugin object at 0x3b9ef10>]
2014-06-24 17:36:34,529 userid preauthenticated by <AuthTktCookiePlugin 62517200>: "admin2@admin" (repoze.who.userid set)
2014-06-24 17:36:34,530 identities authenticated: [((0, 0), None, <AuthTktCookiePlugin 62517200>, {'tokens': [''], 'timestamp': 1403624191, 'repoze.who.userid': 'admin2@admin', 'userdata': ''}, 'admin2@admin')]
2014-06-24 17:36:34,872 no challenge required
2014-06-24 17:36:34,873 -- repoze.who request ended (/system/getConfig) --
2014-06-24 17:36:35,389 -- repoze.who request started (/system/getConfig) --
2014-06-24 17:36:35,389 request classification: browser
2014-06-24 17:36:35,390 identifier plugins registered [<RedirectingFormPlugin 62533712>, <AuthTktCookiePlugin 62517200>]
2014-06-24 17:36:35,390 identifier plugins matched for classification "browser": [<RedirectingFormPlugin 62533712>, <AuthTktCookiePlugin 62517200>]
2014-06-24 17:36:35,390 no identity returned from <RedirectingFormPlugin 62533712> (None)
2014-06-24 17:36:35,391 identity returned from <AuthTktCookiePlugin 62517200>: {'tokens': [''], 'timestamp': 1403624191, 'repoze.who.userid': 'admin2@admin', 'userdata': ''}
2014-06-24 17:36:35,391 identities found: [(<AuthTktCookiePlugin 62517200>, {'tokens': [''], 'timestamp': 1403624191, 'repoze.who.userid': 'admin2@admin', 'userdata': ''})]
2014-06-24 17:36:35,391 authenticator plugins registered [<privacyidea.lib.repoze_auth.UserModelPlugin object at 0x3b9ef10>]
2014-06-24 17:36:35,392 authenticator plugins matched for classification "browser": [<privacyidea.lib.repoze_auth.UserModelPlugin object at 0x3b9ef10>]
2014-06-24 17:36:35,392 userid preauthenticated by <AuthTktCookiePlugin 62517200>: "admin2@admin" (repoze.who.userid set)
2014-06-24 17:36:35,392 identities authenticated: [((0, 0), None, <AuthTktCookiePlugin 62517200>, {'tokens': [''], 'timestamp': 1403624191, 'repoze.who.userid': 'admin2@admin', 'userdata': ''}, 'admin2@admin')]
2014-06-24 17:36:35,732 no challenge required
2014-06-24 17:36:35,733 -- repoze.who request ended (/system/getConfig) --
2014-06-24 17:36:35,853 -- repoze.who request started (/system/getRealms) --
2014-06-24 17:36:35,853 request classification: browser
2014-06-24 17:36:35,853 identifier plugins registered [<RedirectingFormPlugin 62533712>, <AuthTktCookiePlugin 62517200>]
2014-06-24 17:36:35,854 identifier plugins matched for classification "browser": [<RedirectingFormPlugin 62533712>, <AuthTktCookiePlugin 62517200>]
2014-06-24 17:36:35,854 no identity returned from <RedirectingFormPlugin 62533712> (None)
2014-06-24 17:36:35,854 identity returned from <AuthTktCookiePlugin 62517200>: {'tokens': [''], 'timestamp': 1403624191, 'repoze.who.userid': 'admin2@admin', 'userdata': ''}
2014-06-24 17:36:35,855 identities found: [(<AuthTktCookiePlugin 62517200>, {'tokens': [''], 'timestamp': 1403624191, 'repoze.who.userid': 'admin2@admin', 'userdata': ''})]
2014-06-24 17:36:35,855 authenticator plugins registered [<privacyidea.lib.repoze_auth.UserModelPlugin object at 0x3b9ef10>]
2014-06-24 17:36:35,855 authenticator plugins matched for classification "browser": [<privacyidea.lib.repoze_auth.UserModelPlugin object at 0x3b9ef10>]
2014-06-24 17:36:35,855 userid preauthenticated by <AuthTktCookiePlugin 62517200>: "admin2@admin" (repoze.who.userid set)
2014-06-24 17:36:35,856 identities authenticated: [((0, 0), None, <AuthTktCookiePlugin 62517200>, {'tokens': [''], 'timestamp': 1403624191, 'repoze.who.userid': 'admin2@admin', 'userdata': ''}, 'admin2@admin')]
2014-06-24 17:36:35,878 -- repoze.who request started (/manage/tokenview) --
2014-06-24 17:36:35,879 request classification: browser
2014-06-24 17:36:35,879 identifier plugins registered [<RedirectingFormPlugin 62533712>, <AuthTktCookiePlugin 62517200>]
2014-06-24 17:36:35,879 identifier plugins matched for classification "browser": [<RedirectingFormPlugin 62533712>, <AuthTktCookiePlugin 62517200>]
2014-06-24 17:36:35,880 no identity returned from <RedirectingFormPlugin 62533712> (None)
2014-06-24 17:36:35,880 identity returned from <AuthTktCookiePlugin 62517200>: {'tokens': [''], 'timestamp': 1403624191, 'repoze.who.userid': 'admin2@admin', 'userdata': ''}
2014-06-24 17:36:35,882 identities found: [(<AuthTktCookiePlugin 62517200>, {'tokens': [''], 'timestamp': 1403624191, 'repoze.who.userid': 'admin2@admin', 'userdata': ''})]
2014-06-24 17:36:35,883 authenticator plugins registered [<privacyidea.lib.repoze_auth.UserModelPlugin object at 0x3b9ef10>]
2014-06-24 17:36:35,884 authenticator plugins matched for classification "browser": [<privacyidea.lib.repoze_auth.UserModelPlugin object at 0x3b9ef10>]
2014-06-24 17:36:35,887 userid preauthenticated by <AuthTktCookiePlugin 62517200>: "admin2@admin" (repoze.who.userid set)
2014-06-24 17:36:35,888 identities authenticated: [((0, 0), None, <AuthTktCookiePlugin 62517200>, {'tokens': [''], 'timestamp': 1403624191, 'repoze.who.userid': 'admin2@admin', 'userdata': ''}, 'admin2@admin')]
2014-06-24 17:36:35,955 no challenge required
2014-06-24 17:36:35,956 -- repoze.who request ended (/manage/tokenview) --
2014-06-24 17:36:36,150 -- repoze.who request started (/manage/tokenview_flexi) --
2014-06-24 17:36:36,151 request classification: browser
2014-06-24 17:36:36,151 identifier plugins registered [<RedirectingFormPlugin 62533712>, <AuthTktCookiePlugin 62517200>]
2014-06-24 17:36:36,151 identifier plugins matched for classification "browser": [<RedirectingFormPlugin 62533712>, <AuthTktCookiePlugin 62517200>]
2014-06-24 17:36:36,152 no identity returned from <RedirectingFormPlugin 62533712> (None)
2014-06-24 17:36:36,152 identity returned from <AuthTktCookiePlugin 62517200>: {'tokens': [''], 'timestamp': 1403624191, 'repoze.who.userid': 'admin2@admin', 'userdata': ''}
2014-06-24 17:36:36,153 identities found: [(<AuthTktCookiePlugin 62517200>, {'tokens': [''], 'timestamp': 1403624191, 'repoze.who.userid': 'admin2@admin', 'userdata': ''})]
2014-06-24 17:36:36,153 authenticator plugins registered [<privacyidea.lib.repoze_auth.UserModelPlugin object at 0x3b9ef10>]
2014-06-24 17:36:36,153 authenticator plugins matched for classification "browser": [<privacyidea.lib.repoze_auth.UserModelPlugin object at 0x3b9ef10>]
2014-06-24 17:36:36,154 userid preauthenticated by <AuthTktCookiePlugin 62517200>: "admin2@admin" (repoze.who.userid set)
2014-06-24 17:36:36,154 identities authenticated: [((0, 0), None, <AuthTktCookiePlugin 62517200>, {'tokens': [''], 'timestamp': 1403624191, 'repoze.who.userid': 'admin2@admin', 'userdata': ''}, 'admin2@admin')]
2014-06-24 17:36:36,223 no challenge required
2014-06-24 17:36:36,224 -- repoze.who request ended (/system/getRealms) --
2014-06-24 17:36:37,169 no challenge required
2014-06-24 17:36:37,169 -- repoze.who request ended (/manage/tokenview_flexi) --
ion #189] session: 060d57e3b5913f4cb8022a76ce4cfba053a99aff
2014/06/24 - 17:36:34 INFO  {139998410041088} [privacyidea.lib.util][check_session #190] cookie:  060d57e3b5913f4cb8022a76ce4cfba053a99aff
2014/06/24 - 17:36:34 INFO  {139998410041088} [privacyidea.lib.util][check_session #190] cookie:  060d57e3b5913f4cb8022a76ce4cfba053a99aff
2014/06/24 - 17:36:34 INFO  {139998410041088} [privacyidea.lib.policy][getAuthorization #397] No policies in scope system found. Checking of scope system be disabled.
2014/06/24 - 17:36:34 INFO  {139998410041088} [privacyidea.lib.policy][getAuthorization #397] No policies in scope system found. Checking of scope system be disabled.
2014/06/24 - 17:36:35 ERROR {139998393255680} [privacyidea.lib.audit][readKeys #157] Error reading private key /data/home/corny/src/privacyIDEA.github/config/private.pem: (IOError(2, 'No such file or directory'))
2014/06/24 - 17:36:35 ERROR {139998393255680} [privacyidea.lib.audit][readKeys #157] Error reading private key /data/home/corny/src/privacyIDEA.github/config/private.pem: (IOError(2, 'No such file or directory'))
2014/06/24 - 17:36:35 ERROR {139998393255680} [privacyidea.lib.audit][readKeys #164] Error reading public key /data/home/corny/src/privacyIDEA.github/config/public.pem: (IOError(2, 'No such file or directory'))
2014/06/24 - 17:36:35 ERROR {139998393255680} [privacyidea.lib.audit][readKeys #164] Error reading public key /data/home/corny/src/privacyIDEA.github/config/public.pem: (IOError(2, 'No such file or directory'))
2014/06/24 - 17:36:35 INFO  {139998393255680} [privacyidea.lib.auditmodules.sqlaudit][__init__ #113] using the connect string sqlite:////data/home/corny/src/privacyIDEA.github/config/token.sqlite
2014/06/24 - 17:36:35 INFO  {139998393255680} [privacyidea.lib.auditmodules.sqlaudit][__init__ #113] using the connect string sqlite:////data/home/corny/src/privacyIDEA.github/config/token.sqlite
2014/06/24 - 17:36:35 INFO  {139998393255680} [privacyidea.lib.util][check_session #189] session: 060d57e3b5913f4cb8022a76ce4cfba053a99aff
2014/06/24 - 17:36:35 INFO  {139998393255680} [privacyidea.lib.util][check_session #189] session: 060d57e3b5913f4cb8022a76ce4cfba053a99aff
2014/06/24 - 17:36:35 INFO  {139998393255680} [privacyidea.lib.util][check_session #190] cookie:  060d57e3b5913f4cb8022a76ce4cfba053a99aff
2014/06/24 - 17:36:35 INFO  {139998393255680} [privacyidea.lib.util][check_session #190] cookie:  060d57e3b5913f4cb8022a76ce4cfba053a99aff
2014/06/24 - 17:36:35 INFO  {139998393255680} [privacyidea.lib.policy][getAuthorization #397] No policies in scope system found. Checking of scope system be disabled.
2014/06/24 - 17:36:35 INFO  {139998393255680} [privacyidea.lib.policy][getAuthorization #397] No policies in scope system found. Checking of scope system be disabled.
2014/06/24 - 17:36:35 ERROR {139998401648384} [privacyidea.lib.audit][readKeys #157] Error reading private key /data/home/corny/src/privacyIDEA.github/config/private.pem: (IOError(2, 'No such file or directory'))
2014/06/24 - 17:36:35 ERROR {139998401648384} [privacyidea.lib.audit][readKeys #157] Error reading private key /data/home/corny/src/privacyIDEA.github/config/private.pem: (IOError(2, 'No such file or directory'))
2014/06/24 - 17:36:35 ERROR {139998401648384} [privacyidea.lib.audit][readKeys #164] Error reading public key /data/home/corny/src/privacyIDEA.github/config/public.pem: (IOError(2, 'No such file or directory'))
2014/06/24 - 17:36:35 ERROR {139998401648384} [privacyidea.lib.audit][readKeys #164] Error reading public key /data/home/corny/src/privacyIDEA.github/config/public.pem: (IOError(2, 'No such file or directory'))
2014/06/24 - 17:36:35 INFO  {139998401648384} [privacyidea.lib.auditmodules.sqlaudit][__init__ #113] using the connect string sqlite:////data/home/corny/src/privacyIDEA.github/config/token.sqlite
2014/06/24 - 17:36:35 INFO  {139998401648384} [privacyidea.lib.auditmodules.sqlaudit][__init__ #113] using the connect string sqlite:////data/home/corny/src/privacyIDEA.github/config/token.sqlite
2014/06/24 - 17:36:35 INFO  {139998401648384} [privacyidea.lib.util][check_session #189] session: 060d57e3b5913f4cb8022a76ce4cfba053a99aff
2014/06/24 - 17:36:35 INFO  {139998401648384} [privacyidea.lib.util][check_session #189] session: 060d57e3b5913f4cb8022a76ce4cfba053a99aff
2014/06/24 - 17:36:35 INFO  {139998401648384} [privacyidea.lib.util][check_session #190] cookie:  060d57e3b5913f4cb8022a76ce4cfba053a99aff
2014/06/24 - 17:36:35 INFO  {139998401648384} [privacyidea.lib.util][check_session #190] cookie:  060d57e3b5913f4cb8022a76ce4cfba053a99aff
2014/06/24 - 17:36:35 INFO  {139998401648384} [privacyidea.lib.policy][getAuthorization #397] No policies in scope system found. Checking of scope system be disabled.
2014/06/24 - 17:36:35 INFO  {139998401648384} [privacyidea.lib.policy][getAuthorization #397] No policies in scope system found. Checking of scope system be disabled.
2014/06/24 - 17:36:35 ERROR {139998384862976} [privacyidea.lib.audit][readKeys #157] Error reading private key /data/home/corny/src/privacyIDEA.github/config/private.pem: (IOError(2, 'No such file or directory'))
2014/06/24 - 17:36:35 INFO  {139998401648384} [privacyidea.lib.policy][getAuthorization #397] No policies in scope system found. Checking of scope system be disabled.
2014/06/24 - 17:36:35 ERROR {139998384862976} [privacyidea.lib.audit][readKeys #157] Error reading private key /data/home/corny/src/privacyIDEA.github/config/private.pem: (IOError(2, 'No such file or directory'))
2014/06/24 - 17:36:35 INFO  {139998401648384} [privacyidea.lib.policy][getAuthorization #397] No policies in scope system found. Checking of scope system be disabled.
2014/06/24 - 17:36:35 ERROR {139998384862976} [privacyidea.lib.audit][readKeys #164] Error reading public key /data/home/corny/src/privacyIDEA.github/config/public.pem: (IOError(2, 'No such file or directory'))
2014/06/24 - 17:36:35 ERROR {139998384862976} [privacyidea.lib.audit][readKeys #164] Error reading public key /data/home/corny/src/privacyIDEA.github/config/public.pem: (IOError(2, 'No such file or directory'))
2014/06/24 - 17:36:35 INFO  {139998384862976} [privacyidea.lib.auditmodules.sqlaudit][__init__ #113] using the connect string sqlite:////data/home/corny/src/privacyIDEA.github/config/token.sqlite
2014/06/24 - 17:36:35 INFO  {139998384862976} [privacyidea.lib.auditmodules.sqlaudit][__init__ #113] using the connect string sqlite:////data/home/corny/src/privacyIDEA.github/config/token.sqlite
2014/06/24 - 17:36:35 INFO  {139998384862976} [privacyidea.lib.util][check_session #181] nothing to check
2014/06/24 - 17:36:35 INFO  {139998384862976} [privacyidea.lib.util][check_session #181] nothing to check
2014/06/24 - 17:36:36 ERROR {139998376470272} [privacyidea.lib.audit][readKeys #157] Error reading private key /data/home/corny/src/privacyIDEA.github/config/private.pem: (IOError(2, 'No such file or directory'))
2014/06/24 - 17:36:36 ERROR {139998376470272} [privacyidea.lib.audit][readKeys #157] Error reading private key /data/home/corny/src/privacyIDEA.github/config/private.pem: (IOError(2, 'No such file or directory'))
2014/06/24 - 17:36:36 ERROR {139998376470272} [privacyidea.lib.audit][readKeys #164] Error reading public key /data/home/corny/src/privacyIDEA.github/config/public.pem: (IOError(2, 'No such file or directory'))
2014/06/24 - 17:36:36 ERROR {139998376470272} [privacyidea.lib.audit][readKeys #164] Error reading public key /data/home/corny/src/privacyIDEA.github/config/public.pem: (IOError(2, 'No such file or directory'))
2014/06/24 - 17:36:36 INFO  {139998376470272} [privacyidea.lib.auditmodules.sqlaudit][__init__ #113] using the connect string sqlite:////data/home/corny/src/privacyIDEA.github/config/token.sqlite
2014/06/24 - 17:36:36 INFO  {139998376470272} [privacyidea.lib.auditmodules.sqlaudit][__init__ #113] using the connect string sqlite:////data/home/corny/src/privacyIDEA.github/config/token.sqlite
2014/06/24 - 17:36:36 INFO  {139998376470272} [privacyidea.lib.util][check_session #189] session: 060d57e3b5913f4cb8022a76ce4cfba053a99aff
2014/06/24 - 17:36:36 INFO  {139998376470272} [privacyidea.lib.util][check_session #189] session: 060d57e3b5913f4cb8022a76ce4cfba053a99aff
2014/06/24 - 17:36:36 INFO  {139998376470272} [privacyidea.lib.util][check_session #190] cookie:  060d57e3b5913f4cb8022a76ce4cfba053a99aff
2014/06/24 - 17:36:36 INFO  {139998376470272} [privacyidea.lib.util][check_session #190] cookie:  060d57e3b5913f4cb8022a76ce4cfba053a99aff
2014/06/24 - 17:36:36 INFO  {139998376470272} [privacyidea.lib.policy][getAdminPolicies #329] No policies in scope admin found. Admin authorization will be disabled.
2014/06/24 - 17:36:36 INFO  {139998376470272} [privacyidea.lib.policy][getAdminPolicies #329] No policies in scope admin found. Admin authorization will be disabled.
2014/06/24 - 17:36:36 INFO  {139998376470272} [privacyidea.lib.policy][getAdminPolicies #336] Evaluating policies for the user: admin2@admin
2014/06/24 - 17:36:36 INFO  {139998376470272} [privacyidea.lib.policy][getAdminPolicies #336] Evaluating policies for the user: admin2@admin
2014/06/24 - 17:36:36 INFO  {139998376470272} [privacyidea.lib.policy][getAdminPolicies #329] No policies in scope admin found. Admin authorization will be disabled.
2014/06/24 - 17:36:36 INFO  {139998376470272} [privacyidea.lib.policy][getAdminPolicies #329] No policies in scope admin found. Admin authorization will be disabled.
2014/06/24 - 17:36:36 INFO  {139998376470272} [privacyidea.lib.policy][getAdminPolicies #336] Evaluating policies for the user: admin2@admin
2014/06/24 - 17:36:36 INFO  {139998376470272} [privacyidea.lib.policy][getAdminPolicies #336] Evaluating policies for the user: admin2@admin
2014/06/24 - 17:36:36 ERROR {139998376470272} [privacyidea.lib.user][getUserInfo #668] resolver u'privacyidea.lib.resolvers.SCIMIdResolver.IdResolver.asdfasdf' notfound! :Exception('Could not get access token: 500',)
2014/06/24 - 17:36:36 ERROR {139998376470272} [privacyidea.lib.user][getUserInfo #668] resolver u'privacyidea.lib.resolvers.SCIMIdResolver.IdResolver.asdfasdf' notfound! :Exception('Could not get access token: 500',)
