This file contains any messages produced by compilers while
running configure, to aid debugging if configure makes a mistake.

It was created by ORTHPOLxx configure 1.0, which was
generated by GNU Autoconf 2.68.  Invocation command line was

  $ ./configure 

## --------- ##
## Platform. ##
## --------- ##

hostname = nbdabi
uname -m = x86_64
uname -r = 3.2.0-63-generic
uname -s = Linux
uname -v = #95-Ubuntu SMP Thu May 15 23:05:57 UTC 2014

/usr/bin/uname -p = unknown
/bin/uname -X     = unknown

/bin/arch              = unknown
/usr/bin/arch -k       = unknown
/usr/convex/getsysinfo = unknown
/usr/bin/hostinfo      = unknown
/bin/machine           = unknown
/usr/bin/oslevel       = unknown
/bin/universe          = unknown

PATH: /home/dabi/bin
PATH: /usr/lib/lightdm/lightdm
PATH: /usr/local/sbin
PATH: /usr/local/bin
PATH: /usr/sbin
PATH: /usr/bin
PATH: /sbin
PATH: /bin
PATH: /usr/games
PATH: /opt/thinlinc/bin
PATH: /usr/local/texlive/2011/bin/x86_64-linux


## ----------- ##
## Core tests. ##
## ----------- ##

configure:2502: checking for a BSD-compatible install
configure:2570: result: /usr/bin/install -c
configure:2581: checking whether build environment is sane
configure:2631: result: yes
configure:2772: checking for a thread-safe mkdir -p
configure:2811: result: /bin/mkdir -p
configure:2824: checking for gawk
configure:2840: found /usr/bin/gawk
configure:2851: result: gawk
configure:2862: checking whether make sets $(MAKE)
configure:2884: result: yes
configure:2995: checking build system type
configure:3009: result: x86_64-unknown-linux-gnu
configure:3029: checking host system type
configure:3042: result: x86_64-unknown-linux-gnu
configure:3083: checking how to print strings
configure:3110: result: printf
configure:3143: checking for style of include used by make
configure:3171: result: GNU
configure:3242: checking for gcc
configure:3258: found /usr/bin/gcc
configure:3269: result: gcc
configure:3498: checking for C compiler version
configure:3507: gcc --version >&5
gcc (Ubuntu/Linaro 4.6.4-1ubuntu1~12.04) 4.6.4
Copyright (C) 2011 Free Software Foundation, Inc.
This is free software; see the source for copying conditions.  There is NO
warranty; not even for MERCHANTABILITY or FITNESS FOR A PARTICULAR PURPOSE.

configure:3518: $? = 0
configure:3507: gcc -v >&5
Using built-in specs.
COLLECT_GCC=gcc
COLLECT_LTO_WRAPPER=/usr/lib/gcc/x86_64-linux-gnu/4.6/lto-wrapper
Target: x86_64-linux-gnu
Configured with: ../src/configure -v --with-pkgversion='Ubuntu/Linaro 4.6.4-1ubuntu1~12.04' --with-bugurl=file:///usr/share/doc/gcc-4.6/README.Bugs --enable-languages=c,c++,fortran,objc,obj-c++ --prefix=/usr --program-suffix=-4.6 --enable-shared --enable-linker-build-id --with-system-zlib --libexecdir=/usr/lib --without-included-gettext --enable-threads=posix --with-gxx-include-dir=/usr/include/c++/4.6 --libdir=/usr/lib --enable-nls --with-sysroot=/ --enable-clocale=gnu --enable-libstdcxx-debug --enable-libstdcxx-time=yes --enable-gnu-unique-object --enable-plugin --enable-objc-gc --disable-werror --with-arch-32=i686 --with-tune=generic --enable-checking=release --build=x86_64-linux-gnu --host=x86_64-linux-gnu --target=x86_64-linux-gnu
Thread model: posix
gcc version 4.6.4 (Ubuntu/Linaro 4.6.4-1ubuntu1~12.04) 
configure:3518: $? = 0
configure:3507: gcc -V >&5
gcc: error: unrecognized option '-V'
gcc: fatal error: no input files
compilation terminated.
configure:3518: $? = 4
configure:3507: gcc -qversion >&5
gcc: error: unrecognized option '-qversion'
gcc: fatal error: no input files
compilation terminated.
configure:3518: $? = 4
configure:3538: checking whether the C compiler works
configure:3560: gcc    conftest.c  >&5
configure:3564: $? = 0
configure:3612: result: yes
configure:3615: checking for C compiler default output file name
configure:3617: result: a.out
configure:3623: checking for suffix of executables
configure:3630: gcc -o conftest    conftest.c  >&5
configure:3634: $? = 0
configure:3656: result: 
configure:3678: checking whether we are cross compiling
configure:3686: gcc -o conftest    conftest.c  >&5
configure:3690: $? = 0
configure:3697: ./conftest
configure:3701: $? = 0
configure:3716: result: no
configure:3721: checking for suffix of object files
configure:3743: gcc -c   conftest.c >&5
configure:3747: $? = 0
configure:3768: result: o
configure:3772: checking whether we are using the GNU C compiler
configure:3791: gcc -c   conftest.c >&5
configure:3791: $? = 0
configure:3800: result: yes
configure:3809: checking whether gcc accepts -g
configure:3829: gcc -c -g  conftest.c >&5
configure:3829: $? = 0
configure:3870: result: yes
configure:3887: checking for gcc option to accept ISO C89
configure:3951: gcc  -c -g -O2  conftest.c >&5
configure:3951: $? = 0
configure:3964: result: none needed
configure:3986: checking dependency style of gcc
configure:4097: result: gcc3
configure:4112: checking for a sed that does not truncate output
configure:4176: result: /bin/sed
configure:4194: checking for grep that handles long lines and -e
configure:4252: result: /bin/grep
configure:4257: checking for egrep
configure:4319: result: /bin/grep -E
configure:4324: checking for fgrep
configure:4386: result: /bin/grep -F
configure:4421: checking for ld used by gcc
configure:4488: result: /usr/bin/ld
configure:4495: checking if the linker (/usr/bin/ld) is GNU ld
configure:4510: result: yes
configure:4522: checking for BSD- or MS-compatible name lister (nm)
configure:4571: result: /usr/bin/nm -B
configure:4701: checking the name lister (/usr/bin/nm -B) interface
configure:4708: gcc -c -g -O2  conftest.c >&5
configure:4711: /usr/bin/nm -B "conftest.o"
configure:4714: output
0000000000000000 B some_variable
configure:4721: result: BSD nm
configure:4724: checking whether ln -s works
configure:4728: result: yes
configure:4736: checking the maximum length of command line arguments
configure:4866: result: 1572864
configure:4883: checking whether the shell understands some XSI constructs
configure:4893: result: yes
configure:4897: checking whether the shell understands "+="
configure:4903: result: yes
configure:4938: checking how to convert x86_64-unknown-linux-gnu file names to x86_64-unknown-linux-gnu format
configure:4978: result: func_convert_file_noop
configure:4985: checking how to convert x86_64-unknown-linux-gnu file names to toolchain format
configure:5005: result: func_convert_file_noop
configure:5012: checking for /usr/bin/ld option to reload object files
configure:5019: result: -r
configure:5093: checking for objdump
configure:5109: found /usr/bin/objdump
configure:5120: result: objdump
configure:5152: checking how to recognize dependent libraries
configure:5354: result: pass_all
configure:5439: checking for dlltool
configure:5469: result: no
configure:5499: checking how to associate runtime and link libraries
configure:5526: result: printf %s\n
configure:5587: checking for ar
configure:5603: found /usr/bin/ar
configure:5614: result: ar
configure:5651: checking for archiver @FILE support
configure:5668: gcc -c -g -O2  conftest.c >&5
configure:5668: $? = 0
configure:5671: ar cru libconftest.a @conftest.lst >&5
configure:5674: $? = 0
configure:5679: ar cru libconftest.a @conftest.lst >&5
ar: conftest.o: No such file or directory
configure:5682: $? = 1
configure:5694: result: @
configure:5752: checking for strip
configure:5768: found /usr/bin/strip
configure:5779: result: strip
configure:5851: checking for ranlib
configure:5867: found /usr/bin/ranlib
configure:5878: result: ranlib
configure:5980: checking command to parse /usr/bin/nm -B output from gcc object
configure:6100: gcc -c -g -O2  conftest.c >&5
configure:6103: $? = 0
configure:6107: /usr/bin/nm -B conftest.o \| sed -n -e 's/^.*[ ]\([ABCDGIRSTW][ABCDGIRSTW]*\)[ ][ ]*\([_A-Za-z][_A-Za-z0-9]*\)$/\1 \2 \2/p' | sed '/ __gnu_lto/d' \> conftest.nm
configure:6110: $? = 0
configure:6176: gcc -o conftest -g -O2   conftest.c conftstm.o >&5
configure:6179: $? = 0
configure:6217: result: ok
configure:6254: checking for sysroot
configure:6284: result: no
configure:6361: gcc -c -g -O2  conftest.c >&5
configure:6364: $? = 0
configure:6540: checking for mt
configure:6556: found /bin/mt
configure:6567: result: mt
configure:6590: checking if mt is a manifest tool
configure:6596: mt '-?'
configure:6604: result: no
configure:7246: checking how to run the C preprocessor
configure:7277: gcc -E  conftest.c
configure:7277: $? = 0
configure:7291: gcc -E  conftest.c
conftest.c:11:28: fatal error: ac_nonexistent.h: No such file or directory
compilation terminated.
configure:7291: $? = 1
configure: failed program was:
| /* confdefs.h */
| #define PACKAGE_NAME "ORTHPOLxx"
| #define PACKAGE_TARNAME "orthpolxx"
| #define PACKAGE_VERSION "1.0"
| #define PACKAGE_STRING "ORTHPOLxx 1.0"
| #define PACKAGE_BUGREPORT "dabi@imm.dtu.dk"
| #define PACKAGE_URL ""
| #define PACKAGE "ORTHPOLxx"
| #define VERSION "1.0"
| /* end confdefs.h.  */
| #include <ac_nonexistent.h>
configure:7316: result: gcc -E
configure:7336: gcc -E  conftest.c
configure:7336: $? = 0
configure:7350: gcc -E  conftest.c
conftest.c:11:28: fatal error: ac_nonexistent.h: No such file or directory
compilation terminated.
configure:7350: $? = 1
configure: failed program was:
| /* confdefs.h */
| #define PACKAGE_NAME "ORTHPOLxx"
| #define PACKAGE_TARNAME "orthpolxx"
| #define PACKAGE_VERSION "1.0"
| #define PACKAGE_STRING "ORTHPOLxx 1.0"
| #define PACKAGE_BUGREPORT "dabi@imm.dtu.dk"
| #define PACKAGE_URL ""
| #define PACKAGE "ORTHPOLxx"
| #define VERSION "1.0"
| /* end confdefs.h.  */
| #include <ac_nonexistent.h>
configure:7379: checking for ANSI C header files
configure:7399: gcc -c -g -O2  conftest.c >&5
configure:7399: $? = 0
configure:7472: gcc -o conftest -g -O2   conftest.c  >&5
configure:7472: $? = 0
configure:7472: ./conftest
configure:7472: $? = 0
configure:7483: result: yes
configure:7496: checking for sys/types.h
configure:7496: gcc -c -g -O2  conftest.c >&5
configure:7496: $? = 0
configure:7496: result: yes
configure:7496: checking for sys/stat.h
configure:7496: gcc -c -g -O2  conftest.c >&5
configure:7496: $? = 0
configure:7496: result: yes
configure:7496: checking for stdlib.h
configure:7496: gcc -c -g -O2  conftest.c >&5
configure:7496: $? = 0
configure:7496: result: yes
configure:7496: checking for string.h
configure:7496: gcc -c -g -O2  conftest.c >&5
configure:7496: $? = 0
configure:7496: result: yes
configure:7496: checking for memory.h
configure:7496: gcc -c -g -O2  conftest.c >&5
configure:7496: $? = 0
configure:7496: result: yes
configure:7496: checking for strings.h
configure:7496: gcc -c -g -O2  conftest.c >&5
configure:7496: $? = 0
configure:7496: result: yes
configure:7496: checking for inttypes.h
configure:7496: gcc -c -g -O2  conftest.c >&5
configure:7496: $? = 0
configure:7496: result: yes
configure:7496: checking for stdint.h
configure:7496: gcc -c -g -O2  conftest.c >&5
configure:7496: $? = 0
configure:7496: result: yes
configure:7496: checking for unistd.h
configure:7496: gcc -c -g -O2  conftest.c >&5
configure:7496: $? = 0
configure:7496: result: yes
configure:7510: checking for dlfcn.h
configure:7510: gcc -c -g -O2  conftest.c >&5
configure:7510: $? = 0
configure:7510: result: yes
configure:7716: checking for objdir
configure:7731: result: .libs
configure:7998: checking if gcc supports -fno-rtti -fno-exceptions
configure:8016: gcc -c -g -O2  -fno-rtti -fno-exceptions conftest.c >&5
cc1: warning: command line option '-fno-rtti' is valid for C++/ObjC++ but not for C [enabled by default]
configure:8020: $? = 0
configure:8033: result: no
configure:8360: checking for gcc option to produce PIC
configure:8367: result: -fPIC -DPIC
configure:8375: checking if gcc PIC flag -fPIC -DPIC works
configure:8393: gcc -c -g -O2  -fPIC -DPIC -DPIC conftest.c >&5
configure:8397: $? = 0
configure:8410: result: yes
configure:8439: checking if gcc static flag -static works
configure:8467: result: yes
configure:8482: checking if gcc supports -c -o file.o
configure:8503: gcc -c -g -O2  -o out/conftest2.o conftest.c >&5
configure:8507: $? = 0
configure:8529: result: yes
configure:8537: checking if gcc supports -c -o file.o
configure:8584: result: yes
configure:8617: checking whether the gcc linker (/usr/bin/ld -m elf_x86_64) supports shared libraries
configure:9774: result: yes
configure:9811: checking whether -lc should be explicitly linked in
configure:9819: gcc -c -g -O2  conftest.c >&5
configure:9822: $? = 0
configure:9837: gcc -shared  -fPIC -DPIC conftest.o  -v -Wl,-soname -Wl,conftest -o conftest 2\>\&1 \| /bin/grep  -lc  \>/dev/null 2\>\&1
configure:9840: $? = 0
configure:9854: result: no
configure:10014: checking dynamic linker characteristics
configure:10525: gcc -o conftest -g -O2   -Wl,-rpath -Wl,/foo conftest.c  >&5
configure:10525: $? = 0
configure:10759: result: GNU/Linux ld.so
configure:10866: checking how to hardcode library paths into programs
configure:10891: result: immediate
configure:11431: checking whether stripping libraries is possible
configure:11436: result: yes
configure:11471: checking if libtool supports shared libraries
configure:11473: result: yes
configure:11476: checking whether to build shared libraries
configure:11497: result: yes
configure:11500: checking whether to build static libraries
configure:11504: result: yes
configure:11601: checking for g++
configure:11617: found /usr/bin/g++
configure:11628: result: g++
configure:11655: checking for C++ compiler version
configure:11664: g++ --version >&5
g++ (Ubuntu/Linaro 4.6.4-1ubuntu1~12.04) 4.6.4
Copyright (C) 2011 Free Software Foundation, Inc.
This is free software; see the source for copying conditions.  There is NO
warranty; not even for MERCHANTABILITY or FITNESS FOR A PARTICULAR PURPOSE.

configure:11675: $? = 0
configure:11664: g++ -v >&5
Using built-in specs.
COLLECT_GCC=g++
COLLECT_LTO_WRAPPER=/usr/lib/gcc/x86_64-linux-gnu/4.6/lto-wrapper
Target: x86_64-linux-gnu
Configured with: ../src/configure -v --with-pkgversion='Ubuntu/Linaro 4.6.4-1ubuntu1~12.04' --with-bugurl=file:///usr/share/doc/gcc-4.6/README.Bugs --enable-languages=c,c++,fortran,objc,obj-c++ --prefix=/usr --program-suffix=-4.6 --enable-shared --enable-linker-build-id --with-system-zlib --libexecdir=/usr/lib --without-included-gettext --enable-threads=posix --with-gxx-include-dir=/usr/include/c++/4.6 --libdir=/usr/lib --enable-nls --with-sysroot=/ --enable-clocale=gnu --enable-libstdcxx-debug --enable-libstdcxx-time=yes --enable-gnu-unique-object --enable-plugin --enable-objc-gc --disable-werror --with-arch-32=i686 --with-tune=generic --enable-checking=release --build=x86_64-linux-gnu --host=x86_64-linux-gnu --target=x86_64-linux-gnu
Thread model: posix
gcc version 4.6.4 (Ubuntu/Linaro 4.6.4-1ubuntu1~12.04) 
configure:11675: $? = 0
configure:11664: g++ -V >&5
g++: error: unrecognized option '-V'
g++: fatal error: no input files
compilation terminated.
configure:11675: $? = 4
configure:11664: g++ -qversion >&5
g++: error: unrecognized option '-qversion'
g++: fatal error: no input files
compilation terminated.
configure:11675: $? = 4
configure:11679: checking whether we are using the GNU C++ compiler
configure:11698: g++ -c   conftest.cpp >&5
configure:11698: $? = 0
configure:11707: result: yes
configure:11716: checking whether g++ accepts -g
configure:11736: g++ -c -g  conftest.cpp >&5
configure:11736: $? = 0
configure:11777: result: yes
configure:11802: checking dependency style of g++
configure:11913: result: gcc3
configure:11946: checking how to run the C++ preprocessor
configure:11973: g++ -E  conftest.cpp
configure:11973: $? = 0
configure:11987: g++ -E  conftest.cpp
conftest.cpp:23:28: fatal error: ac_nonexistent.h: No such file or directory
compilation terminated.
configure:11987: $? = 1
configure: failed program was:
| /* confdefs.h */
| #define PACKAGE_NAME "ORTHPOLxx"
| #define PACKAGE_TARNAME "orthpolxx"
| #define PACKAGE_VERSION "1.0"
| #define PACKAGE_STRING "ORTHPOLxx 1.0"
| #define PACKAGE_BUGREPORT "dabi@imm.dtu.dk"
| #define PACKAGE_URL ""
| #define PACKAGE "ORTHPOLxx"
| #define VERSION "1.0"
| #define STDC_HEADERS 1
| #define HAVE_SYS_TYPES_H 1
| #define HAVE_SYS_STAT_H 1
| #define HAVE_STDLIB_H 1
| #define HAVE_STRING_H 1
| #define HAVE_MEMORY_H 1
| #define HAVE_STRINGS_H 1
| #define HAVE_INTTYPES_H 1
| #define HAVE_STDINT_H 1
| #define HAVE_UNISTD_H 1
| #define HAVE_DLFCN_H 1
| #define LT_OBJDIR ".libs/"
| /* end confdefs.h.  */
| #include <ac_nonexistent.h>
configure:12012: result: g++ -E
configure:12032: g++ -E  conftest.cpp
configure:12032: $? = 0
configure:12046: g++ -E  conftest.cpp
conftest.cpp:23:28: fatal error: ac_nonexistent.h: No such file or directory
compilation terminated.
configure:12046: $? = 1
configure: failed program was:
| /* confdefs.h */
| #define PACKAGE_NAME "ORTHPOLxx"
| #define PACKAGE_TARNAME "orthpolxx"
| #define PACKAGE_VERSION "1.0"
| #define PACKAGE_STRING "ORTHPOLxx 1.0"
| #define PACKAGE_BUGREPORT "dabi@imm.dtu.dk"
| #define PACKAGE_URL ""
| #define PACKAGE "ORTHPOLxx"
| #define VERSION "1.0"
| #define STDC_HEADERS 1
| #define HAVE_SYS_TYPES_H 1
| #define HAVE_SYS_STAT_H 1
| #define HAVE_STDLIB_H 1
| #define HAVE_STRING_H 1
| #define HAVE_MEMORY_H 1
| #define HAVE_STRINGS_H 1
| #define HAVE_INTTYPES_H 1
| #define HAVE_STDINT_H 1
| #define HAVE_UNISTD_H 1
| #define HAVE_DLFCN_H 1
| #define LT_OBJDIR ".libs/"
| /* end confdefs.h.  */
| #include <ac_nonexistent.h>
configure:12215: checking for ld used by g++
configure:12282: result: /usr/bin/ld -m elf_x86_64
configure:12289: checking if the linker (/usr/bin/ld -m elf_x86_64) is GNU ld
configure:12304: result: yes
configure:12359: checking whether the g++ linker (/usr/bin/ld -m elf_x86_64) supports shared libraries
configure:13364: result: yes
configure:13400: g++ -c -g -O2  conftest.cpp >&5
configure:13403: $? = 0
configure:13923: checking for g++ option to produce PIC
configure:13930: result: -fPIC -DPIC
configure:13938: checking if g++ PIC flag -fPIC -DPIC works
configure:13956: g++ -c -g -O2  -fPIC -DPIC -DPIC conftest.cpp >&5
configure:13960: $? = 0
configure:13973: result: yes
configure:13996: checking if g++ static flag -static works
configure:14024: result: yes
configure:14036: checking if g++ supports -c -o file.o
configure:14057: g++ -c -g -O2  -o out/conftest2.o conftest.cpp >&5
configure:14061: $? = 0
configure:14083: result: yes
configure:14088: checking if g++ supports -c -o file.o
configure:14135: result: yes
configure:14165: checking whether the g++ linker (/usr/bin/ld -m elf_x86_64) supports shared libraries
configure:14204: result: yes
configure:14345: checking dynamic linker characteristics
configure:15024: result: GNU/Linux ld.so
configure:15077: checking how to hardcode library paths into programs
configure:15102: result: immediate
configure:15190: checking for gcc
configure:15217: result: gcc
configure:15446: checking for C compiler version
configure:15455: gcc --version >&5
gcc (Ubuntu/Linaro 4.6.4-1ubuntu1~12.04) 4.6.4
Copyright (C) 2011 Free Software Foundation, Inc.
This is free software; see the source for copying conditions.  There is NO
warranty; not even for MERCHANTABILITY or FITNESS FOR A PARTICULAR PURPOSE.

configure:15466: $? = 0
configure:15455: gcc -v >&5
Using built-in specs.
COLLECT_GCC=gcc
COLLECT_LTO_WRAPPER=/usr/lib/gcc/x86_64-linux-gnu/4.6/lto-wrapper
Target: x86_64-linux-gnu
Configured with: ../src/configure -v --with-pkgversion='Ubuntu/Linaro 4.6.4-1ubuntu1~12.04' --with-bugurl=file:///usr/share/doc/gcc-4.6/README.Bugs --enable-languages=c,c++,fortran,objc,obj-c++ --prefix=/usr --program-suffix=-4.6 --enable-shared --enable-linker-build-id --with-system-zlib --libexecdir=/usr/lib --without-included-gettext --enable-threads=posix --with-gxx-include-dir=/usr/include/c++/4.6 --libdir=/usr/lib --enable-nls --with-sysroot=/ --enable-clocale=gnu --enable-libstdcxx-debug --enable-libstdcxx-time=yes --enable-gnu-unique-object --enable-plugin --enable-objc-gc --disable-werror --with-arch-32=i686 --with-tune=generic --enable-checking=release --build=x86_64-linux-gnu --host=x86_64-linux-gnu --target=x86_64-linux-gnu
Thread model: posix
gcc version 4.6.4 (Ubuntu/Linaro 4.6.4-1ubuntu1~12.04) 
configure:15466: $? = 0
configure:15455: gcc -V >&5
gcc: error: unrecognized option '-V'
gcc: fatal error: no input files
compilation terminated.
configure:15466: $? = 4
configure:15455: gcc -qversion >&5
gcc: error: unrecognized option '-qversion'
gcc: fatal error: no input files
compilation terminated.
configure:15466: $? = 4
configure:15470: checking whether we are using the GNU C compiler
configure:15498: result: yes
configure:15507: checking whether gcc accepts -g
configure:15568: result: yes
configure:15585: checking for gcc option to accept ISO C89
configure:15662: result: none needed
configure:15684: checking dependency style of gcc
configure:15795: result: gcc3
configure:15863: checking for g77
configure:15893: result: no
configure:15863: checking for xlf
configure:15893: result: no
configure:15863: checking for f77
configure:15879: found /usr/bin/f77
configure:15890: result: f77
configure:15916: checking for Fortran 77 compiler version
configure:15925: f77 --version >&5
GNU Fortran (Ubuntu/Linaro 4.6.4-1ubuntu1~12.04) 4.6.4
Copyright (C) 2011 Free Software Foundation, Inc.

GNU Fortran comes with NO WARRANTY, to the extent permitted by law.
You may redistribute copies of GNU Fortran
under the terms of the GNU General Public License.
For more information about these matters, see the file named COPYING

configure:15936: $? = 0
configure:15925: f77 -v >&5
Using built-in specs.
COLLECT_GCC=f77
COLLECT_LTO_WRAPPER=/usr/lib/gcc/x86_64-linux-gnu/4.6/lto-wrapper
Target: x86_64-linux-gnu
Configured with: ../src/configure -v --with-pkgversion='Ubuntu/Linaro 4.6.4-1ubuntu1~12.04' --with-bugurl=file:///usr/share/doc/gcc-4.6/README.Bugs --enable-languages=c,c++,fortran,objc,obj-c++ --prefix=/usr --program-suffix=-4.6 --enable-shared --enable-linker-build-id --with-system-zlib --libexecdir=/usr/lib --without-included-gettext --enable-threads=posix --with-gxx-include-dir=/usr/include/c++/4.6 --libdir=/usr/lib --enable-nls --with-sysroot=/ --enable-clocale=gnu --enable-libstdcxx-debug --enable-libstdcxx-time=yes --enable-gnu-unique-object --enable-plugin --enable-objc-gc --disable-werror --with-arch-32=i686 --with-tune=generic --enable-checking=release --build=x86_64-linux-gnu --host=x86_64-linux-gnu --target=x86_64-linux-gnu
Thread model: posix
gcc version 4.6.4 (Ubuntu/Linaro 4.6.4-1ubuntu1~12.04) 
configure:15936: $? = 0
configure:15925: f77 -V >&5
f77: error: unrecognized option '-V'
f77: fatal error: no input files
compilation terminated.
configure:15936: $? = 4
configure:15925: f77 -qversion >&5
f77: error: unrecognized option '-qversion'
f77: fatal error: no input files
compilation terminated.
configure:15936: $? = 4
configure:15945: checking whether we are using the GNU Fortran 77 compiler
configure:15958: f77 -c  conftest.F >&5
configure:15958: $? = 0
configure:15967: result: yes
configure:15973: checking whether f77 accepts -g
configure:15984: f77 -c -g conftest.f >&5
configure:15984: $? = 0
configure:15992: result: yes
configure:16128: checking if libtool supports shared libraries
configure:16130: result: yes
configure:16133: checking whether to build shared libraries
configure:16153: result: yes
configure:16156: checking whether to build static libraries
configure:16160: result: yes
configure:16481: checking for f77 option to produce PIC
configure:16488: result: -fPIC
configure:16496: checking if f77 PIC flag -fPIC works
configure:16514: f77 -c -g -O2 -fPIC conftest.f >&5
configure:16518: $? = 0
configure:16531: result: yes
configure:16554: checking if f77 static flag -static works
configure:16582: result: yes
configure:16594: checking if f77 supports -c -o file.o
configure:16615: f77 -c -g -O2 -o out/conftest2.o conftest.f >&5
configure:16619: $? = 0
configure:16641: result: yes
configure:16646: checking if f77 supports -c -o file.o
configure:16693: result: yes
configure:16723: checking whether the f77 linker (/usr/bin/ld -m elf_x86_64) supports shared libraries
configure:17830: result: yes
configure:17971: checking dynamic linker characteristics
configure:18644: result: GNU/Linux ld.so
configure:18697: checking how to hardcode library paths into programs
configure:18722: result: immediate
configure:18761: checking for string.h
configure:18761: result: yes
configure:18773: checking for inline
configure:18789: gcc -c -g -O2  conftest.c >&5
configure:18789: $? = 0
configure:18797: result: inline
configure:18815: checking for size_t
configure:18815: gcc -c -g -O2  conftest.c >&5
configure:18815: $? = 0
configure:18815: gcc -c -g -O2  conftest.c >&5
conftest.c: In function 'main':
conftest.c:60:21: error: expected expression before ')' token
configure:18815: $? = 1
configure: failed program was:
| /* confdefs.h */
| #define PACKAGE_NAME "ORTHPOLxx"
| #define PACKAGE_TARNAME "orthpolxx"
| #define PACKAGE_VERSION "1.0"
| #define PACKAGE_STRING "ORTHPOLxx 1.0"
| #define PACKAGE_BUGREPORT "dabi@imm.dtu.dk"
| #define PACKAGE_URL ""
| #define PACKAGE "ORTHPOLxx"
| #define VERSION "1.0"
| #define STDC_HEADERS 1
| #define HAVE_SYS_TYPES_H 1
| #define HAVE_SYS_STAT_H 1
| #define HAVE_STDLIB_H 1
| #define HAVE_STRING_H 1
| #define HAVE_MEMORY_H 1
| #define HAVE_STRINGS_H 1
| #define HAVE_INTTYPES_H 1
| #define HAVE_STDINT_H 1
| #define HAVE_UNISTD_H 1
| #define HAVE_DLFCN_H 1
| #define LT_OBJDIR ".libs/"
| #define HAVE_STRING_H 1
| /* end confdefs.h.  */
| #include <stdio.h>
| #ifdef HAVE_SYS_TYPES_H
| # include <sys/types.h>
| #endif
| #ifdef HAVE_SYS_STAT_H
| # include <sys/stat.h>
| #endif
| #ifdef STDC_HEADERS
| # include <stdlib.h>
| # include <stddef.h>
| #else
| # ifdef HAVE_STDLIB_H
| #  include <stdlib.h>
| # endif
| #endif
| #ifdef HAVE_STRING_H
| # if !defined STDC_HEADERS && defined HAVE_MEMORY_H
| #  include <memory.h>
| # endif
| # include <string.h>
| #endif
| #ifdef HAVE_STRINGS_H
| # include <strings.h>
| #endif
| #ifdef HAVE_INTTYPES_H
| # include <inttypes.h>
| #endif
| #ifdef HAVE_STDINT_H
| # include <stdint.h>
| #endif
| #ifdef HAVE_UNISTD_H
| # include <unistd.h>
| #endif
| int
| main ()
| {
| if (sizeof ((size_t)))
| 	    return 0;
|   ;
|   return 0;
| }
configure:18815: result: yes
configure:18969: creating ./config.status

## ---------------------- ##
## Running config.status. ##
## ---------------------- ##

This file was extended by ORTHPOLxx config.status 1.0, which was
generated by GNU Autoconf 2.68.  Invocation command line was

  CONFIG_FILES    = 
  CONFIG_HEADERS  = 
  CONFIG_LINKS    = 
  CONFIG_COMMANDS = 
  $ ./config.status 

on nbdabi

config.status:1209: creating Makefile
config.status:1209: creating liborthpol-1.0.pc
config.status:1209: creating config.h
config.status:1438: executing depfiles commands
config.status:1438: executing libtool commands

## ---------------- ##
## Cache variables. ##
## ---------------- ##

ac_cv_build=x86_64-unknown-linux-gnu
ac_cv_c_compiler_gnu=yes
ac_cv_c_inline=inline
ac_cv_cxx_compiler_gnu=yes
ac_cv_env_CCC_set=
ac_cv_env_CCC_value=
ac_cv_env_CC_set=
ac_cv_env_CC_value=
ac_cv_env_CFLAGS_set=
ac_cv_env_CFLAGS_value=
ac_cv_env_CPPFLAGS_set=
ac_cv_env_CPPFLAGS_value=
ac_cv_env_CPP_set=
ac_cv_env_CPP_value=
ac_cv_env_CXXCPP_set=
ac_cv_env_CXXCPP_value=
ac_cv_env_CXXFLAGS_set=
ac_cv_env_CXXFLAGS_value=
ac_cv_env_CXX_set=
ac_cv_env_CXX_value=
ac_cv_env_F77_set=
ac_cv_env_F77_value=
ac_cv_env_FFLAGS_set=
ac_cv_env_FFLAGS_value=
ac_cv_env_LDFLAGS_set=
ac_cv_env_LDFLAGS_value=
ac_cv_env_LIBS_set=
ac_cv_env_LIBS_value=
ac_cv_env_build_alias_set=
ac_cv_env_build_alias_value=
ac_cv_env_host_alias_set=
ac_cv_env_host_alias_value=
ac_cv_env_target_alias_set=
ac_cv_env_target_alias_value=
ac_cv_f77_compiler_gnu=yes
ac_cv_header_dlfcn_h=yes
ac_cv_header_inttypes_h=yes
ac_cv_header_memory_h=yes
ac_cv_header_stdc=yes
ac_cv_header_stdint_h=yes
ac_cv_header_stdlib_h=yes
ac_cv_header_string_h=yes
ac_cv_header_strings_h=yes
ac_cv_header_sys_stat_h=yes
ac_cv_header_sys_types_h=yes
ac_cv_header_unistd_h=yes
ac_cv_host=x86_64-unknown-linux-gnu
ac_cv_objext=o
ac_cv_path_EGREP='/bin/grep -E'
ac_cv_path_FGREP='/bin/grep -F'
ac_cv_path_GREP=/bin/grep
ac_cv_path_SED=/bin/sed
ac_cv_path_install='/usr/bin/install -c'
ac_cv_path_mkdir=/bin/mkdir
ac_cv_prog_AWK=gawk
ac_cv_prog_CPP='gcc -E'
ac_cv_prog_CXXCPP='g++ -E'
ac_cv_prog_ac_ct_AR=ar
ac_cv_prog_ac_ct_CC=gcc
ac_cv_prog_ac_ct_CXX=g++
ac_cv_prog_ac_ct_F77=f77
ac_cv_prog_ac_ct_MANIFEST_TOOL=mt
ac_cv_prog_ac_ct_OBJDUMP=objdump
ac_cv_prog_ac_ct_RANLIB=ranlib
ac_cv_prog_ac_ct_STRIP=strip
ac_cv_prog_cc_c89=
ac_cv_prog_cc_g=yes
ac_cv_prog_cxx_g=yes
ac_cv_prog_f77_g=yes
ac_cv_prog_make_make_set=yes
ac_cv_type_size_t=yes
am_cv_CC_dependencies_compiler_type=gcc3
am_cv_CXX_dependencies_compiler_type=gcc3
lt_cv_ar_at_file=@
lt_cv_archive_cmds_need_lc=no
lt_cv_deplibs_check_method=pass_all
lt_cv_file_magic_cmd='$MAGIC_CMD'
lt_cv_file_magic_test_file=
lt_cv_ld_reload_flag=-r
lt_cv_nm_interface='BSD nm'
lt_cv_objdir=.libs
lt_cv_path_LD=/usr/bin/ld
lt_cv_path_LDCXX='/usr/bin/ld -m elf_x86_64'
lt_cv_path_NM='/usr/bin/nm -B'
lt_cv_path_mainfest_tool=no
lt_cv_prog_compiler_c_o=yes
lt_cv_prog_compiler_c_o_CXX=yes
lt_cv_prog_compiler_c_o_F77=yes
lt_cv_prog_compiler_pic='-fPIC -DPIC'
lt_cv_prog_compiler_pic_CXX='-fPIC -DPIC'
lt_cv_prog_compiler_pic_F77=-fPIC
lt_cv_prog_compiler_pic_works=yes
lt_cv_prog_compiler_pic_works_CXX=yes
lt_cv_prog_compiler_pic_works_F77=yes
lt_cv_prog_compiler_rtti_exceptions=no
lt_cv_prog_compiler_static_works=yes
lt_cv_prog_compiler_static_works_CXX=yes
lt_cv_prog_compiler_static_works_F77=yes
lt_cv_prog_gnu_ld=yes
lt_cv_prog_gnu_ldcxx=yes
lt_cv_sharedlib_from_linklib_cmd='printf %s\n'
lt_cv_shlibpath_overrides_runpath=no
lt_cv_sys_global_symbol_pipe='sed -n -e '\''s/^.*[	 ]\([ABCDGIRSTW][ABCDGIRSTW]*\)[	 ][	 ]*\([_A-Za-z][_A-Za-z0-9]*\)$/\1 \2 \2/p'\'' | sed '\''/ __gnu_lto/d'\'''
lt_cv_sys_global_symbol_to_c_name_address='sed -n -e '\''s/^: \([^ ]*\)[ ]*$/  {\"\1\", (void *) 0},/p'\'' -e '\''s/^[ABCDGIRSTW]* \([^ ]*\) \([^ ]*\)$/  {"\2", (void *) \&\2},/p'\'''
lt_cv_sys_global_symbol_to_c_name_address_lib_prefix='sed -n -e '\''s/^: \([^ ]*\)[ ]*$/  {\"\1\", (void *) 0},/p'\'' -e '\''s/^[ABCDGIRSTW]* \([^ ]*\) \(lib[^ ]*\)$/  {"\2", (void *) \&\2},/p'\'' -e '\''s/^[ABCDGIRSTW]* \([^ ]*\) \([^ ]*\)$/  {"lib\2", (void *) \&\2},/p'\'''
lt_cv_sys_global_symbol_to_cdecl='sed -n -e '\''s/^T .* \(.*\)$/extern int \1();/p'\'' -e '\''s/^[ABCDGIRSTW]* .* \(.*\)$/extern char \1;/p'\'''
lt_cv_sys_max_cmd_len=1572864
lt_cv_to_host_file_cmd=func_convert_file_noop
lt_cv_to_tool_file_cmd=func_convert_file_noop

## ----------------- ##
## Output variables. ##
## ----------------- ##

ACLOCAL='${SHELL} /home/dabi/Documents/universita/SVN-Project/dtu-uq/PyORTHPOL/ORTHPOLxx/missing --run aclocal-1.11'
AMDEPBACKSLASH='\'
AMDEP_FALSE='#'
AMDEP_TRUE=''
AMTAR='$${TAR-tar}'
AR='ar'
AUTOCONF='${SHELL} /home/dabi/Documents/universita/SVN-Project/dtu-uq/PyORTHPOL/ORTHPOLxx/missing --run autoconf'
AUTOHEADER='${SHELL} /home/dabi/Documents/universita/SVN-Project/dtu-uq/PyORTHPOL/ORTHPOLxx/missing --run autoheader'
AUTOMAKE='${SHELL} /home/dabi/Documents/universita/SVN-Project/dtu-uq/PyORTHPOL/ORTHPOLxx/missing --run automake-1.11'
AWK='gawk'
CC='gcc'
CCDEPMODE='depmode=gcc3'
CFLAGS='-g -O2'
CPP='gcc -E'
CPPFLAGS=''
CXX='g++'
CXXCPP='g++ -E'
CXXDEPMODE='depmode=gcc3'
CXXFLAGS='-g -O2'
CYGPATH_W='echo'
DEFS='-DHAVE_CONFIG_H'
DEPDIR='.deps'
DLLTOOL='false'
DSYMUTIL=''
DUMPBIN=''
ECHO_C=''
ECHO_N='-n'
ECHO_T=''
EGREP='/bin/grep -E'
EXEEXT=''
F77='f77'
FFLAGS='-g -O2'
FGREP='/bin/grep -F'
GREP='/bin/grep'
INSTALL_DATA='${INSTALL} -m 644'
INSTALL_PROGRAM='${INSTALL}'
INSTALL_SCRIPT='${INSTALL}'
INSTALL_STRIP_PROGRAM='$(install_sh) -c -s'
LD='/usr/bin/ld -m elf_x86_64'
LDFLAGS=''
LIBOBJS=''
LIBS=''
LIBTOOL='$(SHELL) $(top_builddir)/libtool'
LIPO=''
LN_S='ln -s'
LTLIBOBJS=''
MAKEINFO='${SHELL} /home/dabi/Documents/universita/SVN-Project/dtu-uq/PyORTHPOL/ORTHPOLxx/missing --run makeinfo'
MANIFEST_TOOL=':'
MKDIR_P='/bin/mkdir -p'
NM='/usr/bin/nm -B'
NMEDIT=''
OBJDUMP='objdump'
OBJEXT='o'
OTOOL64=''
OTOOL=''
PACKAGE='ORTHPOLxx'
PACKAGE_BUGREPORT='dabi@imm.dtu.dk'
PACKAGE_NAME='ORTHPOLxx'
PACKAGE_STRING='ORTHPOLxx 1.0'
PACKAGE_TARNAME='orthpolxx'
PACKAGE_URL=''
PACKAGE_VERSION='1.0'
PATH_SEPARATOR=':'
RANLIB='ranlib'
SED='/bin/sed'
SET_MAKE=''
SHELL='/bin/bash'
STRIP='strip'
VERSION='1.0'
ac_ct_AR='ar'
ac_ct_CC='gcc'
ac_ct_CXX='g++'
ac_ct_DUMPBIN=''
ac_ct_F77='f77'
am__EXEEXT_FALSE=''
am__EXEEXT_TRUE='#'
am__fastdepCC_FALSE='#'
am__fastdepCC_TRUE=''
am__fastdepCXX_FALSE='#'
am__fastdepCXX_TRUE=''
am__include='include'
am__isrc=''
am__leading_dot='.'
am__nodep='_no'
am__quote=''
am__tar='$${TAR-tar} chof - "$$tardir"'
am__untar='$${TAR-tar} xf -'
bindir='${exec_prefix}/bin'
build='x86_64-unknown-linux-gnu'
build_alias=''
build_cpu='x86_64'
build_os='linux-gnu'
build_vendor='unknown'
datadir='${datarootdir}'
datarootdir='${prefix}/share'
docdir='${datarootdir}/doc/${PACKAGE_TARNAME}'
dvidir='${docdir}'
exec_prefix='${prefix}'
host='x86_64-unknown-linux-gnu'
host_alias=''
host_cpu='x86_64'
host_os='linux-gnu'
host_vendor='unknown'
htmldir='${docdir}'
includedir='${prefix}/include'
infodir='${datarootdir}/info'
install_sh='${SHELL} /home/dabi/Documents/universita/SVN-Project/dtu-uq/PyORTHPOL/ORTHPOLxx/install-sh'
libdir='${exec_prefix}/lib'
libexecdir='${exec_prefix}/libexec'
localedir='${datarootdir}/locale'
localstatedir='${prefix}/var'
mandir='${datarootdir}/man'
mkdir_p='/bin/mkdir -p'
oldincludedir='/usr/include'
pdfdir='${docdir}'
prefix='/usr/local'
program_transform_name='s,x,x,'
psdir='${docdir}'
sbindir='${exec_prefix}/sbin'
sharedstatedir='${prefix}/com'
sysconfdir='${prefix}/etc'
target_alias=''

## ----------- ##
## confdefs.h. ##
## ----------- ##

/* confdefs.h */
#define PACKAGE_NAME "ORTHPOLxx"
#define PACKAGE_TARNAME "orthpolxx"
#define PACKAGE_VERSION "1.0"
#define PACKAGE_STRING "ORTHPOLxx 1.0"
#define PACKAGE_BUGREPORT "dabi@imm.dtu.dk"
#define PACKAGE_URL ""
#define PACKAGE "ORTHPOLxx"
#define VERSION "1.0"
#define STDC_HEADERS 1
#define HAVE_SYS_TYPES_H 1
#define HAVE_SYS_STAT_H 1
#define HAVE_STDLIB_H 1
#define HAVE_STRING_H 1
#define HAVE_MEMORY_H 1
#define HAVE_STRINGS_H 1
#define HAVE_INTTYPES_H 1
#define HAVE_STDINT_H 1
#define HAVE_UNISTD_H 1
#define HAVE_DLFCN_H 1
#define LT_OBJDIR ".libs/"
#define HAVE_STRING_H 1

configure: exit 0
