This file contains any messages produced by compilers while
running configure, to aid debugging if configure makes a mistake.

It was created by NANOCAP configure DEV, which was
generated by GNU Autoconf 2.69.  Invocation command line was

  $ ./configure 

## --------- ##
## Platform. ##
## --------- ##

hostname = Marcs-MacBook-Pro.local
uname -m = x86_64
uname -r = 11.4.2
uname -s = Darwin
uname -v = Darwin Kernel Version 11.4.2: Thu Aug 23 16:25:48 PDT 2012; root:xnu-1699.32.7~1/RELEASE_X86_64

/usr/bin/uname -p = i386
/bin/uname -X     = unknown

/bin/arch              = unknown
/usr/bin/arch -k       = unknown
/usr/convex/getsysinfo = unknown
/usr/bin/hostinfo      = Mach kernel version:
	 Darwin Kernel Version 11.4.2: Thu Aug 23 16:25:48 PDT 2012; root:xnu-1699.32.7~1/RELEASE_X86_64
Kernel configured for up to 4 processors.
2 processors are physically available.
4 processors are logically available.
Processor type: i486 (Intel 80486)
Processors active: 0 1 2 3
Primary memory available: 8.00 gigabytes
Default processor set: 263 tasks, 1637 threads, 4 processors
Load average: 2.14, Mach factor: 2.01
/bin/machine           = unknown
/usr/bin/oslevel       = unknown
/bin/universe          = unknown

PATH: /opt/local/bin
PATH: /usr/local/share/python
PATH: /usr/local/bin
PATH: /usr/local/bin
PATH: /usr/bin
PATH: /bin
PATH: /usr/sbin
PATH: /sbin
PATH: /usr/local/bin
PATH: /usr/X11/bin
PATH: /usr/texbin


## ----------- ##
## Core tests. ##
## ----------- ##

configure:2440: checking for a BSD-compatible install
configure:2508: result: /usr/bin/install -c
configure:2519: checking whether build environment is sane
configure:2574: result: yes
configure:2725: checking for a thread-safe mkdir -p
configure:2764: result: ./install-sh -c -d
configure:2771: checking for gawk
configure:2801: result: no
configure:2771: checking for mawk
configure:2801: result: no
configure:2771: checking for nawk
configure:2801: result: no
configure:2771: checking for awk
configure:2787: found /usr/bin/awk
configure:2798: result: awk
configure:2809: checking whether make sets $(MAKE)
configure:2831: result: yes
configure:2860: checking whether make supports nested variables
configure:2877: result: yes
configure:3032: checking build system type
configure:3046: result: x86_64-apple-darwin11.4.2
configure:3066: checking host system type
configure:3079: result: x86_64-apple-darwin11.4.2
configure:3120: checking how to print strings
configure:3147: result: printf
configure:3180: checking for style of include used by make
configure:3208: result: GNU
configure:3279: checking for gcc
configure:3295: found /usr/bin/gcc
configure:3306: result: gcc
configure:3535: checking for C compiler version
configure:3544: gcc --version >&5
i686-apple-darwin11-llvm-gcc-4.2 (GCC) 4.2.1 (Based on Apple Inc. build 5658) (LLVM build 2336.9.00)
Copyright (C) 2007 Free Software Foundation, Inc.
This is free software; see the source for copying conditions.  There is NO
warranty; not even for MERCHANTABILITY or FITNESS FOR A PARTICULAR PURPOSE.

configure:3555: $? = 0
configure:3544: gcc -v >&5
Using built-in specs.
Target: i686-apple-darwin11
Configured with: /private/var/tmp/llvmgcc42/llvmgcc42-2336.9~22/src/configure --disable-checking --enable-werror --prefix=/Applications/Xcode.app/Contents/Developer/usr/llvm-gcc-4.2 --mandir=/share/man --enable-languages=c,objc,c++,obj-c++ --program-prefix=llvm- --program-transform-name=/^[cg][^.-]*$/s/$/-4.2/ --with-slibdir=/usr/lib --build=i686-apple-darwin11 --enable-llvm=/private/var/tmp/llvmgcc42/llvmgcc42-2336.9~22/dst-llvmCore/Developer/usr/local --program-prefix=i686-apple-darwin11- --host=x86_64-apple-darwin11 --target=i686-apple-darwin11 --with-gxx-include-dir=/usr/include/c++/4.2.1
Thread model: posix
gcc version 4.2.1 (Based on Apple Inc. build 5658) (LLVM build 2336.9.00)
configure:3555: $? = 0
configure:3544: gcc -V >&5
llvm-gcc-4.2: argument to `-V' is missing
configure:3555: $? = 1
configure:3544: gcc -qversion >&5
i686-apple-darwin11-llvm-gcc-4.2: no input files
configure:3555: $? = 1
configure:3575: checking whether the C compiler works
configure:3597: gcc    conftest.c  >&5
configure:3601: $? = 0
configure:3649: result: yes
configure:3652: checking for C compiler default output file name
configure:3654: result: a.out
configure:3660: checking for suffix of executables
configure:3667: gcc -o conftest    conftest.c  >&5
configure:3671: $? = 0
configure:3693: result: 
configure:3715: checking whether we are cross compiling
configure:3723: gcc -o conftest    conftest.c  >&5

## ---------------- ##
## Cache variables. ##
## ---------------- ##

ac_cv_build=x86_64-apple-darwin11.4.2
ac_cv_env_CCC_set=
ac_cv_env_CCC_value=
ac_cv_env_CC_set=
ac_cv_env_CC_value=
ac_cv_env_CFLAGS_set=
ac_cv_env_CFLAGS_value=
ac_cv_env_CPPFLAGS_set=
ac_cv_env_CPPFLAGS_value=
ac_cv_env_CPP_set=
ac_cv_env_CPP_value=
ac_cv_env_CXXCPP_set=
ac_cv_env_CXXCPP_value=
ac_cv_env_CXXFLAGS_set=
ac_cv_env_CXXFLAGS_value=
ac_cv_env_CXX_set=
ac_cv_env_CXX_value=
ac_cv_env_LDFLAGS_set=
ac_cv_env_LDFLAGS_value=
ac_cv_env_LIBS_set=
ac_cv_env_LIBS_value=
ac_cv_env_build_alias_set=
ac_cv_env_build_alias_value=
ac_cv_env_host_alias_set=
ac_cv_env_host_alias_value=
ac_cv_env_target_alias_set=
ac_cv_env_target_alias_value=
ac_cv_host=x86_64-apple-darwin11.4.2
ac_cv_path_install='/usr/bin/install -c'
ac_cv_prog_AWK=awk
ac_cv_prog_ac_ct_CC=gcc
ac_cv_prog_make_make_set=yes
am_cv_make_support_nested_variables=yes

## ----------------- ##
## Output variables. ##
## ----------------- ##

ACLOCAL='${SHELL} /Users/marc/Dropbox/SourceCode/NanoCap/dev/src-dev/nanocap/clib/missing aclocal-1.14'
AMDEPBACKSLASH='\'
AMDEP_FALSE='#'
AMDEP_TRUE=''
AMTAR='$${TAR-tar}'
AM_BACKSLASH='\'
AM_DEFAULT_V='$(AM_DEFAULT_VERBOSITY)'
AM_DEFAULT_VERBOSITY='1'
AM_V='$(V)'
AR=''
AUTOCONF='${SHELL} /Users/marc/Dropbox/SourceCode/NanoCap/dev/src-dev/nanocap/clib/missing autoconf'
AUTOHEADER='${SHELL} /Users/marc/Dropbox/SourceCode/NanoCap/dev/src-dev/nanocap/clib/missing autoheader'
AUTOMAKE='${SHELL} /Users/marc/Dropbox/SourceCode/NanoCap/dev/src-dev/nanocap/clib/missing automake-1.14'
AWK='awk'
CC='gcc'
CCDEPMODE=''
CFLAGS=''
CPP=''
CPPFLAGS=''
CXX=''
CXXCPP=''
CXXDEPMODE=''
CXXFLAGS=''
CYGPATH_W='echo'
DEFS=''
DEPDIR='.deps'
DLLTOOL=''
DSYMUTIL=''
DUMPBIN=''
ECHO_C='\c'
ECHO_N=''
ECHO_T=''
EGREP=''
EXEEXT=''
FGREP=''
GREP=''
INSTALL_DATA='${INSTALL} -m 644'
INSTALL_PROGRAM='${INSTALL}'
INSTALL_SCRIPT='${INSTALL}'
INSTALL_STRIP_PROGRAM='$(install_sh) -c -s'
LD=''
LDFLAGS=''
LIBOBJS=''
LIBS=''
LIBTOOL=''
LIPO=''
LN_S=''
LTLIBOBJS=''
MAKEINFO='${SHELL} /Users/marc/Dropbox/SourceCode/NanoCap/dev/src-dev/nanocap/clib/missing makeinfo'
MANIFEST_TOOL=''
MKDIR_P='./install-sh -c -d'
NM=''
NMEDIT=''
OBJDUMP=''
OBJEXT=''
OTOOL64=''
OTOOL=''
PACKAGE='nanocap'
PACKAGE_BUGREPORT='BUG-REPORT-ADDRESS'
PACKAGE_NAME='NANOCAP'
PACKAGE_STRING='NANOCAP DEV'
PACKAGE_TARNAME='nanocap'
PACKAGE_URL=''
PACKAGE_VERSION='DEV'
PATH_SEPARATOR=':'
RANLIB=''
SED=''
SET_MAKE=''
SHELL='/bin/sh'
STRIP=''
VERSION='DEV'
ac_ct_AR=''
ac_ct_CC='gcc'
ac_ct_CXX=''
ac_ct_DUMPBIN=''
am__EXEEXT_FALSE=''
am__EXEEXT_TRUE=''
am__fastdepCC_FALSE=''
am__fastdepCC_TRUE=''
am__fastdepCXX_FALSE=''
am__fastdepCXX_TRUE=''
am__include='include'
am__isrc=''
am__leading_dot='.'
am__nodep='_no'
am__quote=''
am__tar='$${TAR-tar} chof - "$$tardir"'
am__untar='$${TAR-tar} xf -'
bindir='${exec_prefix}/bin'
build='x86_64-apple-darwin11.4.2'
build_alias=''
build_cpu='x86_64'
build_os='darwin11.4.2'
build_vendor='apple'
datadir='${datarootdir}'
datarootdir='${prefix}/share'
docdir='${datarootdir}/doc/${PACKAGE_TARNAME}'
dvidir='${docdir}'
exec_prefix='NONE'
host='x86_64-apple-darwin11.4.2'
host_alias=''
host_cpu='x86_64'
host_os='darwin11.4.2'
host_vendor='apple'
htmldir='${docdir}'
includedir='${prefix}/include'
infodir='${datarootdir}/info'
install_sh='${SHELL} /Users/marc/Dropbox/SourceCode/NanoCap/dev/src-dev/nanocap/clib/install-sh'
libdir='${exec_prefix}/lib'
libexecdir='${exec_prefix}/libexec'
localedir='${datarootdir}/locale'
localstatedir='${prefix}/var'
mandir='${datarootdir}/man'
mkdir_p='$(MKDIR_P)'
oldincludedir='/usr/include'
pdfdir='${docdir}'
prefix='NONE'
program_transform_name='s,x,x,'
psdir='${docdir}'
sbindir='${exec_prefix}/sbin'
sharedstatedir='${prefix}/com'
sysconfdir='${prefix}/etc'
target_alias=''

## ----------- ##
## confdefs.h. ##
## ----------- ##

/* confdefs.h */
#define PACKAGE_NAME "NANOCAP"
#define PACKAGE_TARNAME "nanocap"
#define PACKAGE_VERSION "DEV"
#define PACKAGE_STRING "NANOCAP DEV"
#define PACKAGE_BUGREPORT "BUG-REPORT-ADDRESS"
#define PACKAGE_URL ""
#define PACKAGE "nanocap"
#define VERSION "DEV"

configure: caught signal 15
configure: exit 1
