2014-07-18 18:16:06,974 -- repoze.who request started (/account/dologin) --
2014-07-18 18:16:06,975 request classification: browser
2014-07-18 18:16:06,975 identifier plugins registered [<RedirectingFormPlugin 140005686337616>, <AuthTktCookiePlugin 140005686247376>, <BasicAuthPlugin 140005686247184>]
2014-07-18 18:16:06,975 identifier plugins matched for classification "browser": [<RedirectingFormPlugin 140005686337616>, <AuthTktCookiePlugin 140005686247376>]
2014-07-18 18:16:06,976 identity returned from <RedirectingFormPlugin 140005686337616>: {'login': 'admin2@admin', 'password': 'secret', 'realm': ''}
2014-07-18 18:16:06,976 no identity returned from <AuthTktCookiePlugin 140005686247376> (None)
2014-07-18 18:16:06,977 identities found: [(<RedirectingFormPlugin 140005686337616>, {'login': 'admin2@admin', 'password': 'secret', 'realm': ''})]
2014-07-18 18:16:06,977 authenticator plugins registered [<privacyidea.lib.repoze_auth.UserModelPlugin object at 0x7f559d31fe90>]
2014-07-18 18:16:06,977 authenticator plugins matched for classification "browser": [<privacyidea.lib.repoze_auth.UserModelPlugin object at 0x7f559d31fe90>]
2014-07-18 18:16:07,069 userid returned from <privacyidea.lib.repoze_auth.UserModelPlugin object at 0x7f559d31fe90>: "admin2@admin"
2014-07-18 18:16:07,069 identities authenticated: [((0, 0), <privacyidea.lib.repoze_auth.UserModelPlugin object at 0x7f559d31fe90>, <RedirectingFormPlugin 140005686337616>, {'login': 'admin2@admin', 'password': 'secret', 'realm': '', 'repoze.who.userid': 'admin2@admin'}, 'admin2@admin')]
2014-07-18 18:16:07,069 static downstream application replaced with 302 Found
The resource was found at
/

2014-07-18 18:16:07,070 no challenge required
2014-07-18 18:16:07,070 remembering via headers from <RedirectingFormPlugin 140005686337616>: [('Set-Cookie', 'privacyidea_session="9ab25b2fb9f290f94e84e67f17ed60cf53c94847admin2%40admin!"; Path=/'), ('Set-Cookie', 'privacyidea_session="9ab25b2fb9f290f94e84e67f17ed60cf53c94847admin2%40admin!"; Path=/; Domain=localhost:5001'), ('Set-Cookie', 'privacyidea_session="9ab25b2fb9f290f94e84e67f17ed60cf53c94847admin2%40admin!"; Path=/; Domain=.localhost:5001')]
2014-07-18 18:16:07,070 -- repoze.who request ended (/account/dologin) --
2014-07-18 18:16:07,072 -- repoze.who request started (/) --
2014-07-18 18:16:07,073 request classification: browser
2014-07-18 18:16:07,073 identifier plugins registered [<RedirectingFormPlugin 140005686337616>, <AuthTktCookiePlugin 140005686247376>, <BasicAuthPlugin 140005686247184>]
2014-07-18 18:16:07,073 identifier plugins matched for classification "browser": [<RedirectingFormPlugin 140005686337616>, <AuthTktCookiePlugin 140005686247376>]
2014-07-18 18:16:07,073 no identity returned from <RedirectingFormPlugin 140005686337616> (None)
2014-07-18 18:16:07,073 identity returned from <AuthTktCookiePlugin 140005686247376>: {'tokens': [''], 'timestamp': 1405700167, 'repoze.who.userid': 'admin2@admin', 'userdata': ''}
2014-07-18 18:16:07,074 identities found: [(<AuthTktCookiePlugin 140005686247376>, {'tokens': [''], 'timestamp': 1405700167, 'repoze.who.userid': 'admin2@admin', 'userdata': ''})]
2014-07-18 18:16:07,074 authenticator plugins registered [<privacyidea.lib.repoze_auth.UserModelPlugin object at 0x7f559d31fe90>]
2014-07-18 18:16:07,074 authenticator plugins matched for classification "browser": [<privacyidea.lib.repoze_auth.UserModelPlugin object at 0x7f559d31fe90>]
2014-07-18 18:16:07,074 userid preauthenticated by <AuthTktCookiePlugin 140005686247376>: "admin2@admin" (repoze.who.userid set)
2014-07-18 18:16:07,074 identities authenticated: [((0, 0), None, <AuthTktCookiePlugin 140005686247376>, {'tokens': [''], 'timestamp': 1405700167, 'repoze.who.userid': 'admin2@admin', 'userdata': ''}, 'admin2@admin')]
2014-07-18 18:16:07,647 no challenge required
2014-07-18 18:16:07,647 -- repoze.who request ended (/) --
2014-07-18 18:16:07,649 -- repoze.who request started (/machine/gettokenapps) --
2014-07-18 18:16:07,650 request classification: browser
2014-07-18 18:16:07,650 identifier plugins registered [<RedirectingFormPlugin 140005686337616>, <AuthTktCookiePlugin 140005686247376>, <BasicAuthPlugin 140005686247184>]
2014-07-18 18:16:07,650 identifier plugins matched for classification "browser": [<RedirectingFormPlugin 140005686337616>, <AuthTktCookiePlugin 140005686247376>]
2014-07-18 18:16:07,650 no identity returned from <RedirectingFormPlugin 140005686337616> (None)
2014-07-18 18:16:07,651 identity returned from <AuthTktCookiePlugin 140005686247376>: {'tokens': [''], 'timestamp': 1405700167, 'repoze.who.userid': 'admin2@admin', 'userdata': ''}
2014-07-18 18:16:07,651 identities found: [(<AuthTktCookiePlugin 140005686247376>, {'tokens': [''], 'timestamp': 1405700167, 'repoze.who.userid': 'admin2@admin', 'userdata': ''})]
2014-07-18 18:16:07,651 authenticator plugins registered [<privacyidea.lib.repoze_auth.UserModelPlugin object at 0x7f559d31fe90>]
2014-07-18 18:16:07,651 authenticator plugins matched for classification "browser": [<privacyidea.lib.repoze_auth.UserModelPlugin object at 0x7f559d31fe90>]
2014-07-18 18:16:07,651 userid preauthenticated by <AuthTktCookiePlugin 140005686247376>: "admin2@admin" (repoze.who.userid set)
2014-07-18 18:16:07,652 identities authenticated: [((0, 0), None, <AuthTktCookiePlugin 140005686247376>, {'tokens': [''], 'timestamp': 1405700167, 'repoze.who.userid': 'admin2@admin', 'userdata': ''}, 'admin2@admin')]
2014-07-18 18:16:15,176 no challenge required
2014-07-18 18:16:15,178 -- repoze.who request ended (/machine/gettokenapps) --
ivacyidea.lib.base][setup_app #236] privacyideaSecretFile: /home/cornelius/src/privacyidea/config/dummy-encKey
2014/07/18 - 18:16:07 INFO  {140005599082240} [privacyidea.lib.base][setup_app #236] privacyideaSecretFile: /home/cornelius/src/privacyidea/config/dummy-encKey
2014/07/18 - 18:16:07 INFO  {140005599082240} [privacyidea.lib.base][setup_app #240] Successfully set up.
2014/07/18 - 18:16:07 INFO  {140005599082240} [privacyidea.lib.base][setup_app #240] Successfully set up.
2014/07/18 - 18:16:07 INFO  {140005599082240} [privacyidea.lib.resolvers.PasswdIdResolver][setup #98] Setting up the PasswdResolver
2014/07/18 - 18:16:07 INFO  {140005599082240} [privacyidea.lib.resolvers.PasswdIdResolver][setup #98] Setting up the PasswdResolver
2014/07/18 - 18:16:07 INFO  {140005599082240} [privacyidea.lib.resolvers.SCIMIdResolver][setup #65] Setting up the SCIMResolver
2014/07/18 - 18:16:07 INFO  {140005599082240} [privacyidea.lib.resolvers.SCIMIdResolver][setup #65] Setting up the SCIMResolver
2014/07/18 - 18:16:07 INFO  {140005599082240} [privacyidea.lib.resolvers.LDAPIdResolver][setup #52] Setting up the LDAPResolver
2014/07/18 - 18:16:07 INFO  {140005599082240} [privacyidea.lib.resolvers.LDAPIdResolver][setup #52] Setting up the LDAPResolver
2014/07/18 - 18:16:07 INFO  {140005599082240} [privacyidea.lib.util][check_session #182] nothing to check
2014/07/18 - 18:16:07 INFO  {140005599082240} [privacyidea.lib.util][check_session #182] nothing to check
2014/07/18 - 18:16:07 INFO  {140005599082240} [privacyidea.weblib.selfservice][get_imprint #58] can not read imprint file: /etc/privacyidea/imprint/admin.imprint. (IOError(2, 'No such file or directory'))
2014/07/18 - 18:16:07 INFO  {140005599082240} [privacyidea.weblib.selfservice][get_imprint #58] can not read imprint file: /etc/privacyidea/imprint/admin.imprint. (IOError(2, 'No such file or directory'))
2014/07/18 - 18:16:07 WARNI {140005599082240} [privacyidea.lib.user][getUserId #567] No uid found for the user >u'admin2'< in realm u'admin'
2014/07/18 - 18:16:07 WARNI {140005599082240} [privacyidea.lib.user][getUserId #567] No uid found for the user >u'admin2'< in realm u'admin'
2014/07/18 - 18:16:07 INFO  {140005599082240} [privacyidea.controllers.selfservice][add_dynamic_selfservice_enrollment #1814] no policy for tokentype sms found (TypeError("argument of type 'NoneType' is not iterable",))
2014/07/18 - 18:16:07 INFO  {140005599082240} [privacyidea.controllers.selfservice][add_dynamic_selfservice_enrollment #1814] no policy for tokentype sms found (TypeError("argument of type 'NoneType' is not iterable",))
2014/07/18 - 18:16:07 INFO  {140005599082240} [privacyidea.controllers.selfservice][add_dynamic_selfservice_enrollment #1814] no policy for tokentype vasco found (TypeError("argument of type 'NoneType' is not iterable",))
2014/07/18 - 18:16:07 INFO  {140005599082240} [privacyidea.controllers.selfservice][add_dynamic_selfservice_enrollment #1814] no policy for tokentype vasco found (TypeError("argument of type 'NoneType' is not iterable",))
2014/07/18 - 18:16:07 INFO  {140005599082240} [privacyidea.controllers.selfservice][add_dynamic_selfservice_enrollment #1814] no policy for tokentype motp found (TypeError("argument of type 'NoneType' is not iterable",))
2014/07/18 - 18:16:07 INFO  {140005599082240} [privacyidea.controllers.selfservice][add_dynamic_selfservice_enrollment #1814] no policy for tokentype motp found (TypeError("argument of type 'NoneType' is not iterable",))
2014/07/18 - 18:16:07 ERROR {140005590689536} [privacyidea.lib.auth][is_client_in_basic_auth #58] Can not be determined: AddrFormatError('invalid IPNetwork ',)
2014/07/18 - 18:16:07 ERROR {140005590689536} [privacyidea.lib.auth][is_client_in_basic_auth #58] Can not be determined: AddrFormatError('invalid IPNetwork ',)
2014/07/18 - 18:16:07 ERROR {140005590689536} [privacyidea.lib.audit][readKeys #157] Error reading private key /home/cornelius/src/privacyidea/config/private.pem: (IOError(2, 'No such file or directory'))
2014/07/18 - 18:16:07 ERROR {140005590689536} [privacyidea.lib.audit][readKeys #157] Error reading private key /home/cornelius/src/privacyidea/config/private.pem: (IOError(2, 'No such file or directory'))
2014/07/18 - 18:16:07 ERROR {140005590689536} [privacyidea.lib.audit][readKeys #164] Error reading public key /home/cornelius/src/privacyidea/config/public.pem: (IOError(2, 'No such file or directory'))
2014/07/18 - 18:16:07 ERROR {140005590689536} [privacyidea.lib.audit][readKeys #164] Error reading public key /home/cornelius/src/privacyidea/config/public.pem: (IOError(2, 'No such file or directory'))
2014/07/18 - 18:16:07 INFO  {140005590689536} [privacyidea.lib.auditmodules.sqlaudit][__init__ #113] using the connect string sqlite:////home/cornelius/src/privacyidea/config/token.sqlite
2014/07/18 - 18:16:07 INFO  {140005590689536} [privacyidea.lib.auditmodules.sqlaudit][__init__ #113] using the connect string sqlite:////home/cornelius/src/privacyidea/config/token.sqlite
2014/07/18 - 18:16:07 INFO  {140005590689536} [privacyidea.lib.util][check_session #191] session: 9ab25b2fb9f290f94e84e67f17ed60cf53c94847
2014/07/18 - 18:16:07 INFO  {140005590689536} [privacyidea.lib.util][check_session #191] session: 9ab25b2fb9f290f94e84e67f17ed60cf53c94847
2014/07/18 - 18:16:07 INFO  {140005590689536} [privacyidea.lib.util][check_session #192] cookie:  9ab25b2fb9f290f94e84e67f17ed60cf53c94847
2014/07/18 - 18:16:07 INFO  {140005590689536} [privacyidea.lib.util][check_session #192] cookie:  9ab25b2fb9f290f94e84e67f17ed60cf53c94847
2014/07/18 - 18:16:07 INFO  {140005590689536} [privacyidea.lib.applications.ssh][get_authentication_item #37] Token u'OATH00013752', type u'HMAC' is not supported bySSH application module
2014/07/18 - 18:16:07 INFO  {140005590689536} [privacyidea.lib.applications.ssh][get_authentication_item #37] Token u'OATH00013752', type u'HMAC' is not supported bySSH application module
2014/07/18 - 18:16:10 WARNI {140005590689536} [privacyidea.lib.crypto][getKey #105] Requesting secret key - verify the usage scope and zero + free 
2014/07/18 - 18:16:10 WARNI {140005590689536} [privacyidea.lib.crypto][getKey #105] Requesting secret key - verify the usage scope and zero + free 
2014/07/18 - 18:16:14 INFO  {140005590689536} [privacyidea.lib.applications.ssh][get_authentication_item #37] Token u'OATH00013752', type u'HMAC' is not supported bySSH application module
2014/07/18 - 18:16:14 INFO  {140005590689536} [privacyidea.lib.applications.ssh][get_authentication_item #37] Token u'OATH00013752', type u'HMAC' is not supported bySSH application module
