2014-08-12 18:26:14,510 -- repoze.who request started (/account/dologin) --
2014-08-12 18:26:14,511 request classification: browser
2014-08-12 18:26:14,511 identifier plugins registered [<RedirectingFormPlugin 140097465265872>, <AuthTktCookiePlugin 140097465265808>, <BasicAuthPlugin 140097465265680>]
2014-08-12 18:26:14,511 identifier plugins matched for classification "browser": [<RedirectingFormPlugin 140097465265872>, <AuthTktCookiePlugin 140097465265808>]
2014-08-12 18:26:14,512 identity returned from <RedirectingFormPlugin 140097465265872>: {'login': 'admin@admin', 'password': 'test', 'realm': ''}
2014-08-12 18:26:14,512 no identity returned from <AuthTktCookiePlugin 140097465265808> (None)
2014-08-12 18:26:14,512 identities found: [(<RedirectingFormPlugin 140097465265872>, {'login': 'admin@admin', 'password': 'test', 'realm': ''})]
2014-08-12 18:26:14,512 authenticator plugins registered [<privacyidea.lib.repoze_auth.UserModelPlugin object at 0x7f6afba6add0>]
2014-08-12 18:26:14,512 authenticator plugins matched for classification "browser": [<privacyidea.lib.repoze_auth.UserModelPlugin object at 0x7f6afba6add0>]
2014-08-12 18:26:14,592 userid returned from <privacyidea.lib.repoze_auth.UserModelPlugin object at 0x7f6afba6add0>: "admin@admin"
2014-08-12 18:26:14,592 identities authenticated: [((0, 0), <privacyidea.lib.repoze_auth.UserModelPlugin object at 0x7f6afba6add0>, <RedirectingFormPlugin 140097465265872>, {'login': 'admin@admin', 'password': 'test', 'realm': '', 'repoze.who.userid': 'admin@admin'}, 'admin@admin')]
2014-08-12 18:26:14,592 static downstream application replaced with 302 Found
The resource was found at
/

2014-08-12 18:26:14,593 no challenge required
2014-08-12 18:26:14,593 remembering via headers from <RedirectingFormPlugin 140097465265872>: [('Set-Cookie', 'privacyidea_session="0edebf6f71ff78a70dc4c06e5623d06c53ea4026admin%40admin!"; Path=/'), ('Set-Cookie', 'privacyidea_session="0edebf6f71ff78a70dc4c06e5623d06c53ea4026admin%40admin!"; Path=/; Domain=localhost:5001'), ('Set-Cookie', 'privacyidea_session="0edebf6f71ff78a70dc4c06e5623d06c53ea4026admin%40admin!"; Path=/; Domain=.localhost:5001')]
2014-08-12 18:26:14,593 -- repoze.who request ended (/account/dologin) --
2014-08-12 18:26:14,596 -- repoze.who request started (/) --
2014-08-12 18:26:14,596 request classification: browser
2014-08-12 18:26:14,596 identifier plugins registered [<RedirectingFormPlugin 140097465265872>, <AuthTktCookiePlugin 140097465265808>, <BasicAuthPlugin 140097465265680>]
2014-08-12 18:26:14,597 identifier plugins matched for classification "browser": [<RedirectingFormPlugin 140097465265872>, <AuthTktCookiePlugin 140097465265808>]
2014-08-12 18:26:14,597 no identity returned from <RedirectingFormPlugin 140097465265872> (None)
2014-08-12 18:26:14,597 identity returned from <AuthTktCookiePlugin 140097465265808>: {'tokens': [''], 'timestamp': 1407860774, 'repoze.who.userid': 'admin@admin', 'userdata': ''}
2014-08-12 18:26:14,597 identities found: [(<AuthTktCookiePlugin 140097465265808>, {'tokens': [''], 'timestamp': 1407860774, 'repoze.who.userid': 'admin@admin', 'userdata': ''})]
2014-08-12 18:26:14,597 authenticator plugins registered [<privacyidea.lib.repoze_auth.UserModelPlugin object at 0x7f6afba6add0>]
2014-08-12 18:26:14,597 authenticator plugins matched for classification "browser": [<privacyidea.lib.repoze_auth.UserModelPlugin object at 0x7f6afba6add0>]
2014-08-12 18:26:14,598 userid preauthenticated by <AuthTktCookiePlugin 140097465265808>: "admin@admin" (repoze.who.userid set)
2014-08-12 18:26:14,598 identities authenticated: [((0, 0), None, <AuthTktCookiePlugin 140097465265808>, {'tokens': [''], 'timestamp': 1407860774, 'repoze.who.userid': 'admin@admin', 'userdata': ''}, 'admin@admin')]
2014-08-12 18:26:15,066 no challenge required
2014-08-12 18:26:15,067 -- repoze.who request ended (/) --
2014-08-12 18:26:16,715 -- repoze.who request started (/admin/init) --
2014-08-12 18:26:16,717 request classification: browser
2014-08-12 18:26:16,718 identifier plugins registered [<RedirectingFormPlugin 140097465265872>, <AuthTktCookiePlugin 140097465265808>, <BasicAuthPlugin 140097465265680>]
2014-08-12 18:26:16,718 identifier plugins matched for classification "browser": [<RedirectingFormPlugin 140097465265872>, <AuthTktCookiePlugin 140097465265808>]
2014-08-12 18:26:16,718 no identity returned from <RedirectingFormPlugin 140097465265872> (None)
2014-08-12 18:26:16,719 identity returned from <AuthTktCookiePlugin 140097465265808>: {'tokens': [''], 'timestamp': 1407860774, 'repoze.who.userid': 'admin@admin', 'userdata': ''}
2014-08-12 18:26:16,719 identities found: [(<AuthTktCookiePlugin 140097465265808>, {'tokens': [''], 'timestamp': 1407860774, 'repoze.who.userid': 'admin@admin', 'userdata': ''})]
2014-08-12 18:26:16,719 authenticator plugins registered [<privacyidea.lib.repoze_auth.UserModelPlugin object at 0x7f6afba6add0>]
2014-08-12 18:26:16,719 authenticator plugins matched for classification "browser": [<privacyidea.lib.repoze_auth.UserModelPlugin object at 0x7f6afba6add0>]
2014-08-12 18:26:16,720 userid preauthenticated by <AuthTktCookiePlugin 140097465265808>: "admin@admin" (repoze.who.userid set)
2014-08-12 18:26:16,720 identities authenticated: [((0, 0), None, <AuthTktCookiePlugin 140097465265808>, {'tokens': [''], 'timestamp': 1407860774, 'repoze.who.userid': 'admin@admin', 'userdata': ''}, 'admin@admin')]
2014-08-12 18:26:17,780 no challenge required
2014-08-12 18:26:17,781 -- repoze.who request ended (/admin/init) --
2014-08-12 18:26:28,839 -- repoze.who request started (/validate/check) --
2014-08-12 18:26:28,840 request classification: browser
2014-08-12 18:26:28,840 identifier plugins registered [<RedirectingFormPlugin 140097465265872>, <AuthTktCookiePlugin 140097465265808>, <BasicAuthPlugin 140097465265680>]
2014-08-12 18:26:28,840 identifier plugins matched for classification "browser": [<RedirectingFormPlugin 140097465265872>, <AuthTktCookiePlugin 140097465265808>]
2014-08-12 18:26:28,841 no identity returned from <RedirectingFormPlugin 140097465265872> (None)
2014-08-12 18:26:28,841 no identity returned from <AuthTktCookiePlugin 140097465265808> (None)
2014-08-12 18:26:28,841 identities found: []
2014-08-12 18:26:28,842 no identities found, not authenticating
2014-08-12 18:26:54,255 no challenge required
2014-08-12 18:26:54,255 -- repoze.who request ended (/validate/check) --
2014-08-12 18:27:08,790 -- repoze.who request started (/validate/check) --
2014-08-12 18:27:08,790 request classification: browser
2014-08-12 18:27:08,791 identifier plugins registered [<RedirectingFormPlugin 140097465265872>, <AuthTktCookiePlugin 140097465265808>, <BasicAuthPlugin 140097465265680>]
2014-08-12 18:27:08,791 identifier plugins matched for classification "browser": [<RedirectingFormPlugin 140097465265872>, <AuthTktCookiePlugin 140097465265808>]
2014-08-12 18:27:08,791 no identity returned from <RedirectingFormPlugin 140097465265872> (None)
2014-08-12 18:27:08,791 no identity returned from <AuthTktCookiePlugin 140097465265808> (None)
2014-08-12 18:27:08,791 identities found: []
2014-08-12 18:27:08,792 no identities found, not authenticating
2014-08-12 18:27:36,155 no challenge required
2014-08-12 18:27:36,155 -- repoze.who request ended (/validate/check) --
2014-08-13 23:52:22,149 -- repoze.who request started (/account/dologin) --
2014-08-13 23:52:22,150 request classification: browser
2014-08-13 23:52:22,150 identifier plugins registered [<RedirectingFormPlugin 140097465265872>, <AuthTktCookiePlugin 140097465265808>, <BasicAuthPlugin 140097465265680>]
2014-08-13 23:52:22,150 identifier plugins matched for classification "browser": [<RedirectingFormPlugin 140097465265872>, <AuthTktCookiePlugin 140097465265808>]
2014-08-13 23:52:22,150 identity returned from <RedirectingFormPlugin 140097465265872>: {'login': 'admin@admin', 'password': 'test', 'realm': ''}
2014-08-13 23:52:22,151 no identity returned from <AuthTktCookiePlugin 140097465265808> (None)
2014-08-13 23:52:22,151 identities found: [(<RedirectingFormPlugin 140097465265872>, {'login': 'admin@admin', 'password': 'test', 'realm': ''})]
2014-08-13 23:52:22,151 authenticator plugins registered [<privacyidea.lib.repoze_auth.UserModelPlugin object at 0x7f6afba6add0>]
2014-08-13 23:52:22,151 authenticator plugins matched for classification "browser": [<privacyidea.lib.repoze_auth.UserModelPlugin object at 0x7f6afba6add0>]
2014-08-13 23:52:22,197 userid returned from <privacyidea.lib.repoze_auth.UserModelPlugin object at 0x7f6afba6add0>: "admin@admin"
2014-08-13 23:52:22,197 identities authenticated: [((0, 0), <privacyidea.lib.repoze_auth.UserModelPlugin object at 0x7f6afba6add0>, <RedirectingFormPlugin 140097465265872>, {'login': 'admin@admin', 'password': 'test', 'realm': '', 'repoze.who.userid': 'admin@admin'}, 'admin@admin')]
2014-08-13 23:52:22,197 static downstream application replaced with 302 Found
The resource was found at
/

2014-08-13 23:52:22,198 no challenge required
2014-08-13 23:52:22,198 remembering via headers from <RedirectingFormPlugin 140097465265872>: [('Set-Cookie', 'privacyidea_session="951ee1dd0423647fabdfcd6542cc8cf953ebde16admin%40admin!"; Path=/'), ('Set-Cookie', 'privacyidea_session="951ee1dd0423647fabdfcd6542cc8cf953ebde16admin%40admin!"; Path=/; Domain=localhost:5001'), ('Set-Cookie', 'privacyidea_session="951ee1dd0423647fabdfcd6542cc8cf953ebde16admin%40admin!"; Path=/; Domain=.localhost:5001')]
2014-08-13 23:52:22,198 -- repoze.who request ended (/account/dologin) --
2014-08-13 23:52:22,200 -- repoze.who request started (/) --
2014-08-13 23:52:22,201 request classification: browser
2014-08-13 23:52:22,201 identifier plugins registered [<RedirectingFormPlugin 140097465265872>, <AuthTktCookiePlugin 140097465265808>, <BasicAuthPlugin 140097465265680>]
2014-08-13 23:52:22,201 identifier plugins matched for classification "browser": [<RedirectingFormPlugin 140097465265872>, <AuthTktCookiePlugin 140097465265808>]
2014-08-13 23:52:22,201 no identity returned from <RedirectingFormPlugin 140097465265872> (None)
2014-08-13 23:52:22,202 identity returned from <AuthTktCookiePlugin 140097465265808>: {'tokens': [''], 'timestamp': 1407966742, 'repoze.who.userid': 'admin@admin', 'userdata': ''}
2014-08-13 23:52:22,202 identities found: [(<AuthTktCookiePlugin 140097465265808>, {'tokens': [''], 'timestamp': 1407966742, 'repoze.who.userid': 'admin@admin', 'userdata': ''})]
2014-08-13 23:52:22,202 authenticator plugins registered [<privacyidea.lib.repoze_auth.UserModelPlugin object at 0x7f6afba6add0>]
2014-08-13 23:52:22,202 authenticator plugins matched for classification "browser": [<privacyidea.lib.repoze_auth.UserModelPlugin object at 0x7f6afba6add0>]
2014-08-13 23:52:22,202 userid preauthenticated by <AuthTktCookiePlugin 140097465265808>: "admin@admin" (repoze.who.userid set)
2014-08-13 23:52:22,202 identities authenticated: [((0, 0), None, <AuthTktCookiePlugin 140097465265808>, {'tokens': [''], 'timestamp': 1407966742, 'repoze.who.userid': 'admin@admin', 'userdata': ''}, 'admin@admin')]
2014-08-13 23:52:22,559 no challenge required
2014-08-13 23:52:22,559 -- repoze.who request ended (/) --
2014-08-13 23:54:11,499 -- repoze.who request started (/account/dologin) --
2014-08-13 23:54:11,500 request classification: browser
2014-08-13 23:54:11,500 identifier plugins registered [<RedirectingFormPlugin 140097465265872>, <AuthTktCookiePlugin 140097465265808>, <BasicAuthPlugin 140097465265680>]
2014-08-13 23:54:11,500 identifier plugins matched for classification "browser": [<RedirectingFormPlugin 140097465265872>, <AuthTktCookiePlugin 140097465265808>]
2014-08-13 23:54:11,501 identity returned from <RedirectingFormPlugin 140097465265872>: {'login': 'admin@admin', 'password': 'test', 'realm': ''}
2014-08-13 23:54:11,501 no identity returned from <AuthTktCookiePlugin 140097465265808> (None)
2014-08-13 23:54:11,501 identities found: [(<RedirectingFormPlugin 140097465265872>, {'login': 'admin@admin', 'password': 'test', 'realm': ''})]
2014-08-13 23:54:11,501 authenticator plugins registered [<privacyidea.lib.repoze_auth.UserModelPlugin object at 0x7f6afba6add0>]
2014-08-13 23:54:11,501 authenticator plugins matched for classification "browser": [<privacyidea.lib.repoze_auth.UserModelPlugin object at 0x7f6afba6add0>]
2014-08-13 23:54:11,542 userid returned from <privacyidea.lib.repoze_auth.UserModelPlugin object at 0x7f6afba6add0>: "admin@admin"
2014-08-13 23:54:11,542 identities authenticated: [((0, 0), <privacyidea.lib.repoze_auth.UserModelPlugin object at 0x7f6afba6add0>, <RedirectingFormPlugin 140097465265872>, {'login': 'admin@admin', 'password': 'test', 'realm': '', 'repoze.who.userid': 'admin@admin'}, 'admin@admin')]
2014-08-13 23:54:11,542 static downstream application replaced with 302 Found
The resource was found at
/

2014-08-13 23:54:11,543 no challenge required
2014-08-13 23:54:11,543 remembering via headers from <RedirectingFormPlugin 140097465265872>: [('Set-Cookie', 'privacyidea_session="186b3f1b37189d5e7ed176cebca5ce8553ebde83admin%40admin!"; Path=/'), ('Set-Cookie', 'privacyidea_session="186b3f1b37189d5e7ed176cebca5ce8553ebde83admin%40admin!"; Path=/; Domain=localhost:5001'), ('Set-Cookie', 'privacyidea_session="186b3f1b37189d5e7ed176cebca5ce8553ebde83admin%40admin!"; Path=/; Domain=.localhost:5001')]
2014-08-13 23:54:11,543 -- repoze.who request ended (/account/dologin) --
2014-08-13 23:54:11,545 -- repoze.who request started (/) --
2014-08-13 23:54:11,546 request classification: browser
2014-08-13 23:54:11,546 identifier plugins registered [<RedirectingFormPlugin 140097465265872>, <AuthTktCookiePlugin 140097465265808>, <BasicAuthPlugin 140097465265680>]
2014-08-13 23:54:11,546 identifier plugins matched for classification "browser": [<RedirectingFormPlugin 140097465265872>, <AuthTktCookiePlugin 140097465265808>]
2014-08-13 23:54:11,546 no identity returned from <RedirectingFormPlugin 140097465265872> (None)
2014-08-13 23:54:11,546 identity returned from <AuthTktCookiePlugin 140097465265808>: {'tokens': [''], 'timestamp': 1407966851, 'repoze.who.userid': 'admin@admin', 'userdata': ''}
2014-08-13 23:54:11,547 identities found: [(<AuthTktCookiePlugin 140097465265808>, {'tokens': [''], 'timestamp': 1407966851, 'repoze.who.userid': 'admin@admin', 'userdata': ''})]
2014-08-13 23:54:11,547 authenticator plugins registered [<privacyidea.lib.repoze_auth.UserModelPlugin object at 0x7f6afba6add0>]
2014-08-13 23:54:11,547 authenticator plugins matched for classification "browser": [<privacyidea.lib.repoze_auth.UserModelPlugin object at 0x7f6afba6add0>]
2014-08-13 23:54:11,547 userid preauthenticated by <AuthTktCookiePlugin 140097465265808>: "admin@admin" (repoze.who.userid set)
2014-08-13 23:54:11,548 identities authenticated: [((0, 0), None, <AuthTktCookiePlugin 140097465265808>, {'tokens': [''], 'timestamp': 1407966851, 'repoze.who.userid': 'admin@admin', 'userdata': ''}, 'admin@admin')]
2014-08-13 23:54:11,842 no challenge required
2014-08-13 23:54:11,843 -- repoze.who request ended (/) --
[privacyidea.lib.user][getResolversOfUser #488] userid resolved to '1000' 
2014/08/12 - 18:26:28 INFO  {140097437861632} [privacyidea.lib.user][getResolversOfUser #488] userid resolved to '1000' 
2014/08/12 - 18:26:53 WARNI {140097437861632} [privacyidea.lib.token][finish_check_TokenList #1409] user u'corny'@u'r2' failed to authenticate.
2014/08/12 - 18:26:53 WARNI {140097437861632} [privacyidea.lib.token][finish_check_TokenList #1409] user u'corny'@u'r2' failed to authenticate.
2014/08/12 - 18:27:08 ERROR {140097429468928} [privacyidea.lib.auth][is_client_in_basic_auth #58] Can not be determined: AddrFormatError('invalid IPNetwork ',)
2014/08/12 - 18:27:08 ERROR {140097429468928} [privacyidea.lib.auth][is_client_in_basic_auth #58] Can not be determined: AddrFormatError('invalid IPNetwork ',)
2014/08/12 - 18:27:08 ERROR {140097429468928} [privacyidea.lib.audit][readKeys #157] Error reading private key /home/cornelius/src/privacyidea/config/private.pem: (IOError(2, 'No such file or directory'))
2014/08/12 - 18:27:08 ERROR {140097429468928} [privacyidea.lib.audit][readKeys #157] Error reading private key /home/cornelius/src/privacyidea/config/private.pem: (IOError(2, 'No such file or directory'))
2014/08/12 - 18:27:08 ERROR {140097429468928} [privacyidea.lib.audit][readKeys #164] Error reading public key /home/cornelius/src/privacyidea/config/public.pem: (IOError(2, 'No such file or directory'))
2014/08/12 - 18:27:08 ERROR {140097429468928} [privacyidea.lib.audit][readKeys #164] Error reading public key /home/cornelius/src/privacyidea/config/public.pem: (IOError(2, 'No such file or directory'))
2014/08/12 - 18:27:08 INFO  {140097429468928} [privacyidea.lib.auditmodules.sqlaudit][__init__ #113] using the connect string sqlite:////home/cornelius/src/privacyidea/config/token.sqlite
2014/08/12 - 18:27:08 INFO  {140097429468928} [privacyidea.lib.auditmodules.sqlaudit][__init__ #113] using the connect string sqlite:////home/cornelius/src/privacyidea/config/token.sqlite
2014/08/12 - 18:27:08 INFO  {140097429468928} [privacyidea.lib.resolvers.PasswdIdResolver][loadFile #136] loading users from file /home/corny/src/privacyIDEA.github/my-users
2014/08/12 - 18:27:08 INFO  {140097429468928} [privacyidea.lib.resolvers.PasswdIdResolver][loadFile #136] loading users from file /home/corny/src/privacyIDEA.github/my-users
2014/08/12 - 18:27:08 INFO  {140097429468928} [privacyidea.lib.user][getResolversOfUser #487] user u'corny' found in resolver u'privacyidea.lib.resolvers.PasswdIdResolver.IdResolver.local'
2014/08/12 - 18:27:08 INFO  {140097429468928} [privacyidea.lib.user][getResolversOfUser #487] user u'corny' found in resolver u'privacyidea.lib.resolvers.PasswdIdResolver.IdResolver.local'
2014/08/12 - 18:27:08 INFO  {140097429468928} [privacyidea.lib.user][getResolversOfUser #488] userid resolved to '1000' 
2014/08/12 - 18:27:08 INFO  {140097429468928} [privacyidea.lib.user][getResolversOfUser #488] userid resolved to '1000' 
2014/08/12 - 18:27:35 INFO  {140097429468928} [privacyidea.lib.token][finish_check_TokenList #1398] user u'corny'@u'r2' successfully authenticated.
2014/08/12 - 18:27:35 INFO  {140097429468928} [privacyidea.lib.token][finish_check_TokenList #1398] user u'corny'@u'r2' successfully authenticated.
2014/08/13 - 23:52:22 ERROR {140096925853440} [privacyidea.lib.auth][is_client_in_basic_auth #58] Can not be determined: AddrFormatError('invalid IPNetwork ',)
2014/08/13 - 23:52:22 ERROR {140096925853440} [privacyidea.lib.auth][is_client_in_basic_auth #58] Can not be determined: AddrFormatError('invalid IPNetwork ',)
2014/08/13 - 23:52:22 WARNI {140096925853440} [privacyidea.lib.util][get_client_from_request #226] TypeError('No object (name: request) has been registered for this thread',)
2014/08/13 - 23:52:22 WARNI {140096925853440} [privacyidea.lib.util][get_client_from_request #226] TypeError('No object (name: request) has been registered for this thread',)
2014/08/13 - 23:52:22 INFO  {140096925853440} [privacyidea.lib.user][check_user_password #712] User 'admin' from realm 'admin' tries to authenticate to selfservice
2014/08/13 - 23:52:22 INFO  {140096925853440} [privacyidea.lib.user][check_user_password #712] User 'admin' from realm 'admin' tries to authenticate to selfservice
2014/08/13 - 23:52:22 ERROR {140096925853440} [privacyidea.lib.user][check_user_password #745] The username u'admin' exists in NO resolver within the realm 'admin'.
2014/08/13 - 23:52:22 ERROR {140096925853440} [privacyidea.lib.user][check_user_password #745] The username u'admin' exists in NO resolver within the realm 'admin'.
2014/08/13 - 23:52:22 INFO  {140096925853440} [privacyidea.lib.repoze_auth][authenticate #102] User 'admin@admin' authenticated
2014/08/13 - 23:52:22 INFO  {140096925853440} [privacyidea.lib.repoze_auth][authenticate #102] User 'admin@admin' authenticated
2014/08/13 - 23:52:22 ERROR {140096917460736} [privacyidea.lib.auth][is_client_in_basic_auth #58] Can not be determined: AddrFormatError('invalid IPNetwork ',)
2014/08/13 - 23:52:22 ERROR {140096917460736} [privacyidea.lib.auth][is_client_in_basic_auth #58] Can not be determined: AddrFormatError('invalid IPNetwork ',)
2014/08/13 - 23:52:22 ERROR {140096917460736} [privacyidea.lib.audit][readKeys #157] Error reading private key /home/cornelius/src/privacyidea/config/private.pem: (IOError(2, 'No such file or directory'))
2014/08/13 - 23:52:22 ERROR {140096917460736} [privacyidea.lib.audit][readKeys #157] Error reading private key /home/cornelius/src/privacyidea/config/private.pem: (IOError(2, 'No such file or directory'))
2014/08/13 - 23:52:22 ERROR {140096917460736} [privacyidea.lib.audit][readKeys #164] Error reading public key /home/cornelius/src/privacyidea/config/public.pem: (IOError(2, 'No such file or directory'))
2014/08/13 - 23:52:22 ERROR {140096917460736} [privacyidea.lib.audit][readKeys #164] Error reading public key /home/cornelius/src/privacyidea/config/public.pem: (IOError(2, 'No such file or directory'))
2014/08/13 - 23:52:22 INFO  {140096917460736} [privacyidea.lib.auditmodules.sqlaudit][__init__ #113] using the connect string sqlite:////home/cornelius/src/privacyidea/config/token.sqlite
2014/08/13 - 23:52:22 INFO  {140096917460736} [privacyidea.lib.auditmodules.sqlaudit][__init__ #113] using the connect string sqlite:////home/cornelius/src/privacyidea/config/token.sqlite
2014/08/13 - 23:52:22 INFO  {140096917460736} [privacyidea.lib.util][check_session #182] nothing to check
2014/08/13 - 23:52:22 INFO  {140096917460736} [privacyidea.lib.util][check_session #182] nothing to check
2014/08/13 - 23:52:22 INFO  {140096917460736} [privacyidea.weblib.selfservice][get_imprint #58] can not read imprint file: /etc/privacyidea/imprint/admin.imprint. (IOError(2, 'No such file or directory'))
2014/08/13 - 23:52:22 INFO  {140096917460736} [privacyidea.weblib.selfservice][get_imprint #58] can not read imprint file: /etc/privacyidea/imprint/admin.imprint. (IOError(2, 'No such file or directory'))
2014/08/13 - 23:52:22 WARNI {140096917460736} [privacyidea.lib.user][getUserId #567] No uid found for the user >u'admin'< in realm u'admin'
2014/08/13 - 23:52:22 WARNI {140096917460736} [privacyidea.lib.user][getUserId #567] No uid found for the user >u'admin'< in realm u'admin'
2014/08/13 - 23:52:22 INFO  {140096917460736} [privacyidea.controllers.selfservice][add_dynamic_selfservice_enrollment #1814] no policy for tokentype daplug found (AttributeError("'NoneType' object has no attribute 'has_key'",))
2014/08/13 - 23:52:22 INFO  {140096917460736} [privacyidea.controllers.selfservice][add_dynamic_selfservice_enrollment #1814] no policy for tokentype daplug found (AttributeError("'NoneType' object has no attribute 'has_key'",))
2014/08/13 - 23:52:22 INFO  {140096917460736} [privacyidea.controllers.selfservice][add_dynamic_selfservice_enrollment #1814] no policy for tokentype sms found (TypeError("argument of type 'NoneType' is not iterable",))
2014/08/13 - 23:52:22 INFO  {140096917460736} [privacyidea.controllers.selfservice][add_dynamic_selfservice_enrollment #1814] no policy for tokentype sms found (TypeError("argument of type 'NoneType' is not iterable",))
2014/08/13 - 23:52:22 INFO  {140096917460736} [privacyidea.controllers.selfservice][add_dynamic_selfservice_enrollment #1814] no policy for tokentype vasco found (TypeError("argument of type 'NoneType' is not iterable",))
2014/08/13 - 23:52:22 INFO  {140096917460736} [privacyidea.controllers.selfservice][add_dynamic_selfservice_enrollment #1814] no policy for tokentype vasco found (TypeError("argument of type 'NoneType' is not iterable",))
2014/08/13 - 23:52:22 INFO  {140096917460736} [privacyidea.controllers.selfservice][add_dynamic_selfservice_enrollment #1814] no policy for tokentype motp found (TypeError("argument of type 'NoneType' is not iterable",))
2014/08/13 - 23:52:22 INFO  {140096917460736} [privacyidea.controllers.selfservice][add_dynamic_selfservice_enrollment #1814] no policy for tokentype motp found (TypeError("argument of type 'NoneType' is not iterable",))
2014/08/13 - 23:54:11 ERROR {140097463039744} [privacyidea.lib.auth][is_client_in_basic_auth #58] Can not be determined: AddrFormatError('invalid IPNetwork ',)
2014/08/13 - 23:54:11 ERROR {140097463039744} [privacyidea.lib.auth][is_client_in_basic_auth #58] Can not be determined: AddrFormatError('invalid IPNetwork ',)
2014/08/13 - 23:54:11 WARNI {140097463039744} [privacyidea.lib.util][get_client_from_request #226] TypeError('No object (name: request) has been registered for this thread',)
2014/08/13 - 23:54:11 WARNI {140097463039744} [privacyidea.lib.util][get_client_from_request #226] TypeError('No object (name: request) has been registered for this thread',)
2014/08/13 - 23:54:11 INFO  {140097463039744} [privacyidea.lib.user][check_user_password #712] User 'admin' from realm 'admin' tries to authenticate to selfservice
2014/08/13 - 23:54:11 INFO  {140097463039744} [privacyidea.lib.user][check_user_password #712] User 'admin' from realm 'admin' tries to authenticate to selfservice
2014/08/13 - 23:54:11 ERROR {140097463039744} [privacyidea.lib.user][check_user_password #745] The username u'admin' exists in NO resolver within the realm 'admin'.
2014/08/13 - 23:54:11 ERROR {140097463039744} [privacyidea.lib.user][check_user_password #745] The username u'admin' exists in NO resolver within the realm 'admin'.
2014/08/13 - 23:54:11 INFO  {140097463039744} [privacyidea.lib.repoze_auth][authenticate #102] User 'admin@admin' authenticated
2014/08/13 - 23:54:11 INFO  {140097463039744} [privacyidea.lib.repoze_auth][authenticate #102] User 'admin@admin' authenticated
2014/08/13 - 23:54:11 ERROR {140097454647040} [privacyidea.lib.auth][is_client_in_basic_auth #58] Can not be determined: AddrFormatError('invalid IPNetwork ',)
2014/08/13 - 23:54:11 ERROR {140097454647040} [privacyidea.lib.auth][is_client_in_basic_auth #58] Can not be determined: AddrFormatError('invalid IPNetwork ',)
2014/08/13 - 23:54:11 ERROR {140097454647040} [privacyidea.lib.audit][readKeys #157] Error reading private key /home/cornelius/src/privacyidea/config/private.pem: (IOError(2, 'No such file or directory'))
2014/08/13 - 23:54:11 ERROR {140097454647040} [privacyidea.lib.audit][readKeys #157] Error reading private key /home/cornelius/src/privacyidea/config/private.pem: (IOError(2, 'No such file or directory'))
2014/08/13 - 23:54:11 ERROR {140097454647040} [privacyidea.lib.audit][readKeys #164] Error reading public key /home/cornelius/src/privacyidea/config/public.pem: (IOError(2, 'No such file or directory'))
2014/08/13 - 23:54:11 ERROR {140097454647040} [privacyidea.lib.audit][readKeys #164] Error reading public key /home/cornelius/src/privacyidea/config/public.pem: (IOError(2, 'No such file or directory'))
2014/08/13 - 23:54:11 INFO  {140097454647040} [privacyidea.lib.auditmodules.sqlaudit][__init__ #113] using the connect string sqlite:////home/cornelius/src/privacyidea/config/token.sqlite
2014/08/13 - 23:54:11 INFO  {140097454647040} [privacyidea.lib.auditmodules.sqlaudit][__init__ #113] using the connect string sqlite:////home/cornelius/src/privacyidea/config/token.sqlite
2014/08/13 - 23:54:11 INFO  {140097454647040} [privacyidea.lib.util][check_session #182] nothing to check
2014/08/13 - 23:54:11 INFO  {140097454647040} [privacyidea.lib.util][check_session #182] nothing to check
2014/08/13 - 23:54:11 INFO  {140097454647040} [privacyidea.weblib.selfservice][get_imprint #58] can not read imprint file: /etc/privacyidea/imprint/admin.imprint. (IOError(2, 'No such file or directory'))
2014/08/13 - 23:54:11 INFO  {140097454647040} [privacyidea.weblib.selfservice][get_imprint #58] can not read imprint file: /etc/privacyidea/imprint/admin.imprint. (IOError(2, 'No such file or directory'))
2014/08/13 - 23:54:11 WARNI {140097454647040} [privacyidea.lib.user][getUserId #567] No uid found for the user >u'admin'< in realm u'admin'
2014/08/13 - 23:54:11 WARNI {140097454647040} [privacyidea.lib.user][getUserId #567] No uid found for the user >u'admin'< in realm u'admin'
2014/08/13 - 23:54:11 INFO  {140097454647040} [privacyidea.controllers.selfservice][add_dynamic_selfservice_enrollment #1814] no policy for tokentype daplug found (AttributeError("'NoneType' object has no attribute 'has_key'",))
2014/08/13 - 23:54:11 INFO  {140097454647040} [privacyidea.controllers.selfservice][add_dynamic_selfservice_enrollment #1814] no policy for tokentype daplug found (AttributeError("'NoneType' object has no attribute 'has_key'",))
2014/08/13 - 23:54:11 INFO  {140097454647040} [privacyidea.controllers.selfservice][add_dynamic_selfservice_enrollment #1814] no policy for tokentype sms found (TypeError("argument of type 'NoneType' is not iterable",))
2014/08/13 - 23:54:11 INFO  {140097454647040} [privacyidea.controllers.selfservice][add_dynamic_selfservice_enrollment #1814] no policy for tokentype sms found (TypeError("argument of type 'NoneType' is not iterable",))
2014/08/13 - 23:54:11 INFO  {140097454647040} [privacyidea.controllers.selfservice][add_dynamic_selfservice_enrollment #1814] no policy for tokentype vasco found (TypeError("argument of type 'NoneType' is not iterable",))
2014/08/13 - 23:54:11 INFO  {140097454647040} [privacyidea.controllers.selfservice][add_dynamic_selfservice_enrollment #1814] no policy for tokentype vasco found (TypeError("argument of type 'NoneType' is not iterable",))
2014/08/13 - 23:54:11 INFO  {140097454647040} [privacyidea.controllers.selfservice][add_dynamic_selfservice_enrollment #1814] no policy for tokentype motp found (TypeError("argument of type 'NoneType' is not iterable",))
2014/08/13 - 23:54:11 INFO  {140097454647040} [privacyidea.controllers.selfservice][add_dynamic_selfservice_enrollment #1814] no policy for tokentype motp found (TypeError("argument of type 'NoneType' is not iterable",))
