2014-06-11 23:36:19,746 -- repoze.who request started (/manage/) --
2014-06-11 23:36:19,746 request classification: browser
2014-06-11 23:36:19,746 identifier plugins registered [<RedirectingFormPlugin 48084688>, <AuthTktCookiePlugin 48084624>]
2014-06-11 23:36:19,747 identifier plugins matched for classification "browser": [<RedirectingFormPlugin 48084688>, <AuthTktCookiePlugin 48084624>]
2014-06-11 23:36:19,747 no identity returned from <RedirectingFormPlugin 48084688> (None)
2014-06-11 23:36:19,748 no identity returned from <AuthTktCookiePlugin 48084624> (None)
2014-06-11 23:36:19,748 identities found: []
2014-06-11 23:36:19,748 no identities found, not authenticating
2014-06-11 23:36:20,218 challenge required
2014-06-11 23:36:20,218 challengers registered: [<RedirectingFormPlugin 48084688>]
2014-06-11 23:36:20,218 challengers matched for classification "browser": [<RedirectingFormPlugin 48084688>]
2014-06-11 23:36:20,219 challenger plugin <RedirectingFormPlugin 48084688> "challenge" returned an app
2014-06-11 23:36:20,219 executing challenge app
2014-06-11 23:36:20,222 -- repoze.who request ended (/manage/) --
2014-06-11 23:36:20,252 -- repoze.who request started (/account/login) --
2014-06-11 23:36:20,252 request classification: browser
2014-06-11 23:36:20,253 identifier plugins registered [<RedirectingFormPlugin 48084688>, <AuthTktCookiePlugin 48084624>]
2014-06-11 23:36:20,253 identifier plugins matched for classification "browser": [<RedirectingFormPlugin 48084688>, <AuthTktCookiePlugin 48084624>]
2014-06-11 23:36:20,253 no identity returned from <RedirectingFormPlugin 48084688> (None)
2014-06-11 23:36:20,254 no identity returned from <AuthTktCookiePlugin 48084624> (None)
2014-06-11 23:36:20,254 identities found: []
2014-06-11 23:36:20,254 no identities found, not authenticating
2014-06-11 23:36:20,279 no challenge required
2014-06-11 23:36:20,279 -- repoze.who request ended (/account/login) --
2014-06-11 23:36:20,398 -- repoze.who request started (/selfservice/style.css) --
2014-06-11 23:36:20,398 request classification: browser
2014-06-11 23:36:20,399 identifier plugins registered [<RedirectingFormPlugin 48084688>, <AuthTktCookiePlugin 48084624>]
2014-06-11 23:36:20,399 identifier plugins matched for classification "browser": [<RedirectingFormPlugin 48084688>, <AuthTktCookiePlugin 48084624>]
2014-06-11 23:36:20,399 no identity returned from <RedirectingFormPlugin 48084688> (None)
2014-06-11 23:36:20,400 no identity returned from <AuthTktCookiePlugin 48084624> (None)
2014-06-11 23:36:20,400 identities found: []
2014-06-11 23:36:20,401 no identities found, not authenticating
2014-06-11 23:36:20,403 -- repoze.who request started (/js/jquery-1.7.2.min.js) --
2014-06-11 23:36:20,403 request classification: browser
2014-06-11 23:36:20,405 identifier plugins registered [<RedirectingFormPlugin 48084688>, <AuthTktCookiePlugin 48084624>]
2014-06-11 23:36:20,405 identifier plugins matched for classification "browser": [<RedirectingFormPlugin 48084688>, <AuthTktCookiePlugin 48084624>]
2014-06-11 23:36:20,404 -- repoze.who request started (/selfservice/custom-style.css) --
2014-06-11 23:36:20,405 no identity returned from <RedirectingFormPlugin 48084688> (None)
2014-06-11 23:36:20,407 request classification: browser
2014-06-11 23:36:20,408 no challenge required
2014-06-11 23:36:20,408 no identity returned from <AuthTktCookiePlugin 48084624> (None)
2014-06-11 23:36:20,408 identifier plugins registered [<RedirectingFormPlugin 48084688>, <AuthTktCookiePlugin 48084624>]
2014-06-11 23:36:20,409 -- repoze.who request ended (/selfservice/style.css) --
2014-06-11 23:36:20,409 identities found: []
2014-06-11 23:36:20,410 no identities found, not authenticating
2014-06-11 23:36:20,409 identifier plugins matched for classification "browser": [<RedirectingFormPlugin 48084688>, <AuthTktCookiePlugin 48084624>]
2014-06-11 23:36:20,411 no identity returned from <RedirectingFormPlugin 48084688> (None)
2014-06-11 23:36:20,411 no identity returned from <AuthTktCookiePlugin 48084624> (None)
2014-06-11 23:36:20,412 identities found: []
2014-06-11 23:36:20,412 no identities found, not authenticating
2014-06-11 23:36:20,415 no challenge required
2014-06-11 23:36:20,416 -- repoze.who request ended (/js/jquery-1.7.2.min.js) --
2014-06-11 23:36:20,456 challenge required
2014-06-11 23:36:20,456 challengers registered: [<RedirectingFormPlugin 48084688>]
2014-06-11 23:36:20,456 challengers matched for classification "browser": [<RedirectingFormPlugin 48084688>]
2014-06-11 23:36:20,457 challenger plugin <RedirectingFormPlugin 48084688> "challenge" returned an app
2014-06-11 23:36:20,457 executing challenge app
2014-06-11 23:36:20,459 -- repoze.who request ended (/selfservice/custom-style.css) --
2014-06-11 23:36:20,474 -- repoze.who request started (/account/login) --
2014-06-11 23:36:20,474 request classification: browser
2014-06-11 23:36:20,475 identifier plugins registered [<RedirectingFormPlugin 48084688>, <AuthTktCookiePlugin 48084624>]
2014-06-11 23:36:20,475 identifier plugins matched for classification "browser": [<RedirectingFormPlugin 48084688>, <AuthTktCookiePlugin 48084624>]
2014-06-11 23:36:20,475 no identity returned from <RedirectingFormPlugin 48084688> (None)
2014-06-11 23:36:20,476 no identity returned from <AuthTktCookiePlugin 48084624> (None)
2014-06-11 23:36:20,476 identities found: []
2014-06-11 23:36:20,476 no identities found, not authenticating
2014-06-11 23:36:20,498 no challenge required
2014-06-11 23:36:20,499 -- repoze.who request ended (/account/login) --
2014-06-11 23:36:20,633 -- repoze.who request started (/images/ui-bg_highlight-soft_75_cccccc_1x100.png) --
2014-06-11 23:36:20,633 request classification: browser
2014-06-11 23:36:20,635 -- repoze.who request started (/images/privacyIDEA-logo-klein.png) --
2014-06-11 23:36:20,636 identifier plugins registered [<RedirectingFormPlugin 48084688>, <AuthTktCookiePlugin 48084624>]
2014-06-11 23:36:20,636 request classification: browser
2014-06-11 23:36:20,637 identifier plugins matched for classification "browser": [<RedirectingFormPlugin 48084688>, <AuthTktCookiePlugin 48084624>]
2014-06-11 23:36:20,637 identifier plugins registered [<RedirectingFormPlugin 48084688>, <AuthTktCookiePlugin 48084624>]
2014-06-11 23:36:20,637 no identity returned from <RedirectingFormPlugin 48084688> (None)
2014-06-11 23:36:20,638 identifier plugins matched for classification "browser": [<RedirectingFormPlugin 48084688>, <AuthTktCookiePlugin 48084624>]
2014-06-11 23:36:20,639 no identity returned from <AuthTktCookiePlugin 48084624> (None)
2014-06-11 23:36:20,639 no identity returned from <RedirectingFormPlugin 48084688> (None)
2014-06-11 23:36:20,640 identities found: []
2014-06-11 23:36:20,640 no identity returned from <AuthTktCookiePlugin 48084624> (None)
2014-06-11 23:36:20,641 no identities found, not authenticating
2014-06-11 23:36:20,641 identities found: []
2014-06-11 23:36:20,642 no identities found, not authenticating
2014-06-11 23:36:20,647 no challenge required
2014-06-11 23:36:20,648 -- repoze.who request ended (/images/ui-bg_highlight-soft_75_cccccc_1x100.png) --
2014-06-11 23:36:20,663 no challenge required
2014-06-11 23:36:20,663 -- repoze.who request ended (/images/privacyIDEA-logo-klein.png) --
2014-06-11 23:36:24,515 -- repoze.who request started (/account/dologin) --
2014-06-11 23:36:24,516 request classification: browser
2014-06-11 23:36:24,516 identifier plugins registered [<RedirectingFormPlugin 48084688>, <AuthTktCookiePlugin 48084624>]
2014-06-11 23:36:24,516 identifier plugins matched for classification "browser": [<RedirectingFormPlugin 48084688>, <AuthTktCookiePlugin 48084624>]
2014-06-11 23:36:24,517 identity returned from <RedirectingFormPlugin 48084688>: {'login': 'admin2@admin', 'password': 'secret', 'realm': 'scim'}
2014-06-11 23:36:24,518 no identity returned from <AuthTktCookiePlugin 48084624> (None)
2014-06-11 23:36:24,518 identities found: [(<RedirectingFormPlugin 48084688>, {'login': 'admin2@admin', 'password': 'secret', 'realm': 'scim'})]
2014-06-11 23:36:24,518 authenticator plugins registered [<privacyidea.lib.repoze_auth.UserModelPlugin object at 0x2ddb5d0>]
2014-06-11 23:36:24,518 authenticator plugins matched for classification "browser": [<privacyidea.lib.repoze_auth.UserModelPlugin object at 0x2ddb5d0>]
2014-06-11 23:36:24,661 userid returned from <privacyidea.lib.repoze_auth.UserModelPlugin object at 0x2ddb5d0>: "admin2@admin"
2014-06-11 23:36:24,662 identities authenticated: [((0, 0), <privacyidea.lib.repoze_auth.UserModelPlugin object at 0x2ddb5d0>, <RedirectingFormPlugin 48084688>, {'login': 'admin2@admin', 'password': 'secret', 'realm': 'scim', 'repoze.who.userid': 'admin2@admin'}, 'admin2@admin')]
2014-06-11 23:36:24,662 static downstream application replaced with 302 Found
The resource was found at
http://localhost:5001/account/login

2014-06-11 23:36:24,663 no challenge required
2014-06-11 23:36:24,664 remembering via headers from <RedirectingFormPlugin 48084688>: [('Set-Cookie', 'privacyidea_session="8f57f0f5a8045e436eddd4ec3dcb9dea5398cbd8admin2%40admin!"; Path=/'), ('Set-Cookie', 'privacyidea_session="8f57f0f5a8045e436eddd4ec3dcb9dea5398cbd8admin2%40admin!"; Path=/; Domain=localhost:5001'), ('Set-Cookie', 'privacyidea_session="8f57f0f5a8045e436eddd4ec3dcb9dea5398cbd8admin2%40admin!"; Path=/; Domain=.localhost:5001')]
2014-06-11 23:36:24,664 -- repoze.who request ended (/account/dologin) --
2014-06-11 23:36:24,687 -- repoze.who request started (/account/login) --
2014-06-11 23:36:24,688 request classification: browser
2014-06-11 23:36:24,688 identifier plugins registered [<RedirectingFormPlugin 48084688>, <AuthTktCookiePlugin 48084624>]
2014-06-11 23:36:24,688 identifier plugins matched for classification "browser": [<RedirectingFormPlugin 48084688>, <AuthTktCookiePlugin 48084624>]
2014-06-11 23:36:24,689 no identity returned from <RedirectingFormPlugin 48084688> (None)
2014-06-11 23:36:24,689 identity returned from <AuthTktCookiePlugin 48084624>: {'tokens': [''], 'timestamp': 1402522584, 'repoze.who.userid': 'admin2@admin', 'userdata': ''}
2014-06-11 23:36:24,689 identities found: [(<AuthTktCookiePlugin 48084624>, {'tokens': [''], 'timestamp': 1402522584, 'repoze.who.userid': 'admin2@admin', 'userdata': ''})]
2014-06-11 23:36:24,690 authenticator plugins registered [<privacyidea.lib.repoze_auth.UserModelPlugin object at 0x2ddb5d0>]
2014-06-11 23:36:24,690 authenticator plugins matched for classification "browser": [<privacyidea.lib.repoze_auth.UserModelPlugin object at 0x2ddb5d0>]
2014-06-11 23:36:24,690 userid preauthenticated by <AuthTktCookiePlugin 48084624>: "admin2@admin" (repoze.who.userid set)
2014-06-11 23:36:24,690 identities authenticated: [((0, 0), None, <AuthTktCookiePlugin 48084624>, {'tokens': [''], 'timestamp': 1402522584, 'repoze.who.userid': 'admin2@admin', 'userdata': ''}, 'admin2@admin')]
2014-06-11 23:36:24,710 no challenge required
2014-06-11 23:36:24,711 -- repoze.who request ended (/account/login) --
2014-06-11 23:36:24,721 -- repoze.who request started (/manage/) --
2014-06-11 23:36:24,721 request classification: browser
2014-06-11 23:36:24,722 identifier plugins registered [<RedirectingFormPlugin 48084688>, <AuthTktCookiePlugin 48084624>]
2014-06-11 23:36:24,722 identifier plugins matched for classification "browser": [<RedirectingFormPlugin 48084688>, <AuthTktCookiePlugin 48084624>]
2014-06-11 23:36:24,722 no identity returned from <RedirectingFormPlugin 48084688> (None)
2014-06-11 23:36:24,723 identity returned from <AuthTktCookiePlugin 48084624>: {'tokens': [''], 'timestamp': 1402522584, 'repoze.who.userid': 'admin2@admin', 'userdata': ''}
2014-06-11 23:36:24,723 identities found: [(<AuthTktCookiePlugin 48084624>, {'tokens': [''], 'timestamp': 1402522584, 'repoze.who.userid': 'admin2@admin', 'userdata': ''})]
2014-06-11 23:36:24,723 authenticator plugins registered [<privacyidea.lib.repoze_auth.UserModelPlugin object at 0x2ddb5d0>]
2014-06-11 23:36:24,724 authenticator plugins matched for classification "browser": [<privacyidea.lib.repoze_auth.UserModelPlugin object at 0x2ddb5d0>]
2014-06-11 23:36:24,724 userid preauthenticated by <AuthTktCookiePlugin 48084624>: "admin2@admin" (repoze.who.userid set)
2014-06-11 23:36:24,724 identities authenticated: [((0, 0), None, <AuthTktCookiePlugin 48084624>, {'tokens': [''], 'timestamp': 1402522584, 'repoze.who.userid': 'admin2@admin', 'userdata': ''}, 'admin2@admin')]
2014-06-11 23:36:25,071 no challenge required
2014-06-11 23:36:25,072 -- repoze.who request ended (/manage/) --
2014-06-11 23:36:25,254 -- repoze.who request started (/manage/custom-style.css) --
2014-06-11 23:36:25,254 request classification: browser
2014-06-11 23:36:25,255 identifier plugins registered [<RedirectingFormPlugin 48084688>, <AuthTktCookiePlugin 48084624>]
2014-06-11 23:36:25,255 identifier plugins matched for classification "browser": [<RedirectingFormPlugin 48084688>, <AuthTktCookiePlugin 48084624>]
2014-06-11 23:36:25,255 no identity returned from <RedirectingFormPlugin 48084688> (None)
2014-06-11 23:36:25,256 identity returned from <AuthTktCookiePlugin 48084624>: {'tokens': [''], 'timestamp': 1402522584, 'repoze.who.userid': 'admin2@admin', 'userdata': ''}
2014-06-11 23:36:25,256 identities found: [(<AuthTktCookiePlugin 48084624>, {'tokens': [''], 'timestamp': 1402522584, 'repoze.who.userid': 'admin2@admin', 'userdata': ''})]
2014-06-11 23:36:25,256 authenticator plugins registered [<privacyidea.lib.repoze_auth.UserModelPlugin object at 0x2ddb5d0>]
2014-06-11 23:36:25,257 authenticator plugins matched for classification "browser": [<privacyidea.lib.repoze_auth.UserModelPlugin object at 0x2ddb5d0>]
2014-06-11 23:36:25,257 userid preauthenticated by <AuthTktCookiePlugin 48084624>: "admin2@admin" (repoze.who.userid set)
2014-06-11 23:36:25,257 identities authenticated: [((0, 0), None, <AuthTktCookiePlugin 48084624>, {'tokens': [''], 'timestamp': 1402522584, 'repoze.who.userid': 'admin2@admin', 'userdata': ''}, 'admin2@admin')]
2014-06-11 23:36:25,290 no challenge required
2014-06-11 23:36:25,290 -- repoze.who request ended (/manage/custom-style.css) --
2014-06-11 23:36:25,494 -- repoze.who request started (/system/getConfig) --
2014-06-11 23:36:25,494 request classification: browser
2014-06-11 23:36:25,494 identifier plugins registered [<RedirectingFormPlugin 48084688>, <AuthTktCookiePlugin 48084624>]
2014-06-11 23:36:25,495 identifier plugins matched for classification "browser": [<RedirectingFormPlugin 48084688>, <AuthTktCookiePlugin 48084624>]
2014-06-11 23:36:25,495 no identity returned from <RedirectingFormPlugin 48084688> (None)
2014-06-11 23:36:25,495 identity returned from <AuthTktCookiePlugin 48084624>: {'tokens': [''], 'timestamp': 1402522584, 'repoze.who.userid': 'admin2@admin', 'userdata': ''}
2014-06-11 23:36:25,496 identities found: [(<AuthTktCookiePlugin 48084624>, {'tokens': [''], 'timestamp': 1402522584, 'repoze.who.userid': 'admin2@admin', 'userdata': ''})]
2014-06-11 23:36:25,496 authenticator plugins registered [<privacyidea.lib.repoze_auth.UserModelPlugin object at 0x2ddb5d0>]
2014-06-11 23:36:25,496 authenticator plugins matched for classification "browser": [<privacyidea.lib.repoze_auth.UserModelPlugin object at 0x2ddb5d0>]
2014-06-11 23:36:25,497 userid preauthenticated by <AuthTktCookiePlugin 48084624>: "admin2@admin" (repoze.who.userid set)
2014-06-11 23:36:25,497 identities authenticated: [((0, 0), None, <AuthTktCookiePlugin 48084624>, {'tokens': [''], 'timestamp': 1402522584, 'repoze.who.userid': 'admin2@admin', 'userdata': ''}, 'admin2@admin')]
2014-06-11 23:36:25,843 no challenge required
2014-06-11 23:36:25,843 -- repoze.who request ended (/system/getConfig) --
2014-06-11 23:36:26,379 -- repoze.who request started (/system/getConfig) --
2014-06-11 23:36:26,380 request classification: browser
2014-06-11 23:36:26,380 identifier plugins registered [<RedirectingFormPlugin 48084688>, <AuthTktCookiePlugin 48084624>]
2014-06-11 23:36:26,380 identifier plugins matched for classification "browser": [<RedirectingFormPlugin 48084688>, <AuthTktCookiePlugin 48084624>]
2014-06-11 23:36:26,381 no identity returned from <RedirectingFormPlugin 48084688> (None)
2014-06-11 23:36:26,381 identity returned from <AuthTktCookiePlugin 48084624>: {'tokens': [''], 'timestamp': 1402522584, 'repoze.who.userid': 'admin2@admin', 'userdata': ''}
2014-06-11 23:36:26,382 identities found: [(<AuthTktCookiePlugin 48084624>, {'tokens': [''], 'timestamp': 1402522584, 'repoze.who.userid': 'admin2@admin', 'userdata': ''})]
2014-06-11 23:36:26,382 authenticator plugins registered [<privacyidea.lib.repoze_auth.UserModelPlugin object at 0x2ddb5d0>]
2014-06-11 23:36:26,382 authenticator plugins matched for classification "browser": [<privacyidea.lib.repoze_auth.UserModelPlugin object at 0x2ddb5d0>]
2014-06-11 23:36:26,383 userid preauthenticated by <AuthTktCookiePlugin 48084624>: "admin2@admin" (repoze.who.userid set)
2014-06-11 23:36:26,383 identities authenticated: [((0, 0), None, <AuthTktCookiePlugin 48084624>, {'tokens': [''], 'timestamp': 1402522584, 'repoze.who.userid': 'admin2@admin', 'userdata': ''}, 'admin2@admin')]
2014-06-11 23:36:26,746 no challenge required
2014-06-11 23:36:26,747 -- repoze.who request ended (/system/getConfig) --
2014-06-11 23:36:26,867 -- repoze.who request started (/system/getRealms) --
2014-06-11 23:36:26,868 request classification: browser
2014-06-11 23:36:26,868 identifier plugins registered [<RedirectingFormPlugin 48084688>, <AuthTktCookiePlugin 48084624>]
2014-06-11 23:36:26,868 identifier plugins matched for classification "browser": [<RedirectingFormPlugin 48084688>, <AuthTktCookiePlugin 48084624>]
2014-06-11 23:36:26,868 no identity returned from <RedirectingFormPlugin 48084688> (None)
2014-06-11 23:36:26,869 identity returned from <AuthTktCookiePlugin 48084624>: {'tokens': [''], 'timestamp': 1402522584, 'repoze.who.userid': 'admin2@admin', 'userdata': ''}
2014-06-11 23:36:26,869 identities found: [(<AuthTktCookiePlugin 48084624>, {'tokens': [''], 'timestamp': 1402522584, 'repoze.who.userid': 'admin2@admin', 'userdata': ''})]
2014-06-11 23:36:26,870 authenticator plugins registered [<privacyidea.lib.repoze_auth.UserModelPlugin object at 0x2ddb5d0>]
2014-06-11 23:36:26,870 authenticator plugins matched for classification "browser": [<privacyidea.lib.repoze_auth.UserModelPlugin object at 0x2ddb5d0>]
2014-06-11 23:36:26,870 userid preauthenticated by <AuthTktCookiePlugin 48084624>: "admin2@admin" (repoze.who.userid set)
2014-06-11 23:36:26,871 identities authenticated: [((0, 0), None, <AuthTktCookiePlugin 48084624>, {'tokens': [''], 'timestamp': 1402522584, 'repoze.who.userid': 'admin2@admin', 'userdata': ''}, 'admin2@admin')]
2014-06-11 23:36:26,908 -- repoze.who request started (/manage/tokenview) --
2014-06-11 23:36:26,909 request classification: browser
2014-06-11 23:36:26,909 identifier plugins registered [<RedirectingFormPlugin 48084688>, <AuthTktCookiePlugin 48084624>]
2014-06-11 23:36:26,909 identifier plugins matched for classification "browser": [<RedirectingFormPlugin 48084688>, <AuthTktCookiePlugin 48084624>]
2014-06-11 23:36:26,910 no identity returned from <RedirectingFormPlugin 48084688> (None)
2014-06-11 23:36:26,910 identity returned from <AuthTktCookiePlugin 48084624>: {'tokens': [''], 'timestamp': 1402522584, 'repoze.who.userid': 'admin2@admin', 'userdata': ''}
2014-06-11 23:36:26,910 identities found: [(<AuthTktCookiePlugin 48084624>, {'tokens': [''], 'timestamp': 1402522584, 'repoze.who.userid': 'admin2@admin', 'userdata': ''})]
2014-06-11 23:36:26,911 authenticator plugins registered [<privacyidea.lib.repoze_auth.UserModelPlugin object at 0x2ddb5d0>]
2014-06-11 23:36:26,911 authenticator plugins matched for classification "browser": [<privacyidea.lib.repoze_auth.UserModelPlugin object at 0x2ddb5d0>]
2014-06-11 23:36:26,911 userid preauthenticated by <AuthTktCookiePlugin 48084624>: "admin2@admin" (repoze.who.userid set)
2014-06-11 23:36:26,911 identities authenticated: [((0, 0), None, <AuthTktCookiePlugin 48084624>, {'tokens': [''], 'timestamp': 1402522584, 'repoze.who.userid': 'admin2@admin', 'userdata': ''}, 'admin2@admin')]
2014-06-11 23:36:26,972 no challenge required
2014-06-11 23:36:26,973 -- repoze.who request ended (/manage/tokenview) --
2014-06-11 23:36:27,168 -- repoze.who request started (/manage/tokenview_flexi) --
2014-06-11 23:36:27,169 request classification: browser
2014-06-11 23:36:27,169 identifier plugins registered [<RedirectingFormPlugin 48084688>, <AuthTktCookiePlugin 48084624>]
2014-06-11 23:36:27,169 identifier plugins matched for classification "browser": [<RedirectingFormPlugin 48084688>, <AuthTktCookiePlugin 48084624>]
2014-06-11 23:36:27,170 no identity returned from <RedirectingFormPlugin 48084688> (None)
2014-06-11 23:36:27,170 identity returned from <AuthTktCookiePlugin 48084624>: {'tokens': [''], 'timestamp': 1402522584, 'repoze.who.userid': 'admin2@admin', 'userdata': ''}
2014-06-11 23:36:27,171 identities found: [(<AuthTktCookiePlugin 48084624>, {'tokens': [''], 'timestamp': 1402522584, 'repoze.who.userid': 'admin2@admin', 'userdata': ''})]
2014-06-11 23:36:27,171 authenticator plugins registered [<privacyidea.lib.repoze_auth.UserModelPlugin object at 0x2ddb5d0>]
2014-06-11 23:36:27,171 authenticator plugins matched for classification "browser": [<privacyidea.lib.repoze_auth.UserModelPlugin object at 0x2ddb5d0>]
2014-06-11 23:36:27,171 userid preauthenticated by <AuthTktCookiePlugin 48084624>: "admin2@admin" (repoze.who.userid set)
2014-06-11 23:36:27,172 identities authenticated: [((0, 0), None, <AuthTktCookiePlugin 48084624>, {'tokens': [''], 'timestamp': 1402522584, 'repoze.who.userid': 'admin2@admin', 'userdata': ''}, 'admin2@admin')]
2014-06-11 23:36:27,220 no challenge required
2014-06-11 23:36:27,220 -- repoze.who request ended (/system/getRealms) --
2014-06-11 23:36:28,131 no challenge required
2014-06-11 23:36:28,132 -- repoze.who request ended (/manage/tokenview_flexi) --
2014-06-11 23:36:29,571 -- repoze.who request started (/system/getConfig) --
2014-06-11 23:36:29,571 request classification: browser
2014-06-11 23:36:29,572 identifier plugins registered [<RedirectingFormPlugin 48084688>, <AuthTktCookiePlugin 48084624>]
2014-06-11 23:36:29,572 identifier plugins matched for classification "browser": [<RedirectingFormPlugin 48084688>, <AuthTktCookiePlugin 48084624>]
2014-06-11 23:36:29,572 no identity returned from <RedirectingFormPlugin 48084688> (None)
2014-06-11 23:36:29,573 identity returned from <AuthTktCookiePlugin 48084624>: {'tokens': [''], 'timestamp': 1402522584, 'repoze.who.userid': 'admin2@admin', 'userdata': ''}
2014-06-11 23:36:29,573 identities found: [(<AuthTktCookiePlugin 48084624>, {'tokens': [''], 'timestamp': 1402522584, 'repoze.who.userid': 'admin2@admin', 'userdata': ''})]
2014-06-11 23:36:29,573 authenticator plugins registered [<privacyidea.lib.repoze_auth.UserModelPlugin object at 0x2ddb5d0>]
2014-06-11 23:36:29,573 authenticator plugins matched for classification "browser": [<privacyidea.lib.repoze_auth.UserModelPlugin object at 0x2ddb5d0>]
2014-06-11 23:36:29,574 userid preauthenticated by <AuthTktCookiePlugin 48084624>: "admin2@admin" (repoze.who.userid set)
2014-06-11 23:36:29,574 identities authenticated: [((0, 0), None, <AuthTktCookiePlugin 48084624>, {'tokens': [''], 'timestamp': 1402522584, 'repoze.who.userid': 'admin2@admin', 'userdata': ''}, 'admin2@admin')]
2014-06-11 23:36:29,964 no challenge required
2014-06-11 23:36:29,965 -- repoze.who request ended (/system/getConfig) --
2014-06-11 23:37:06,537 -- repoze.who request started (/) --
2014-06-11 23:37:06,537 request classification: browser
2014-06-11 23:37:06,537 identifier plugins registered [<RedirectingFormPlugin 48084688>, <AuthTktCookiePlugin 48084624>]
2014-06-11 23:37:06,538 identifier plugins matched for classification "browser": [<RedirectingFormPlugin 48084688>, <AuthTktCookiePlugin 48084624>]
2014-06-11 23:37:06,538 no identity returned from <RedirectingFormPlugin 48084688> (None)
2014-06-11 23:37:06,538 no identity returned from <AuthTktCookiePlugin 48084624> (None)
2014-06-11 23:37:06,539 identities found: []
2014-06-11 23:37:06,539 no identities found, not authenticating
2014-06-11 23:37:06,621 challenge required
2014-06-11 23:37:06,621 challengers registered: [<RedirectingFormPlugin 48084688>]
2014-06-11 23:37:06,622 challengers matched for classification "browser": [<RedirectingFormPlugin 48084688>]
2014-06-11 23:37:06,622 challenger plugin <RedirectingFormPlugin 48084688> "challenge" returned an app
2014-06-11 23:37:06,622 executing challenge app
2014-06-11 23:37:06,625 -- repoze.who request ended (/) --
2014-06-11 23:37:06,826 -- repoze.who request started (/account/login) --
2014-06-11 23:37:06,827 request classification: browser
2014-06-11 23:37:06,827 identifier plugins registered [<RedirectingFormPlugin 48084688>, <AuthTktCookiePlugin 48084624>]
2014-06-11 23:37:06,827 identifier plugins matched for classification "browser": [<RedirectingFormPlugin 48084688>, <AuthTktCookiePlugin 48084624>]
2014-06-11 23:37:06,828 no identity returned from <RedirectingFormPlugin 48084688> (None)
2014-06-11 23:37:06,828 no identity returned from <AuthTktCookiePlugin 48084624> (None)
2014-06-11 23:37:06,828 identities found: []
2014-06-11 23:37:06,829 no identities found, not authenticating
2014-06-11 23:37:06,850 no challenge required
2014-06-11 23:37:06,851 -- repoze.who request ended (/account/login) --
2014-06-11 23:37:06,930 -- repoze.who request started (/selfservice/custom-style.css) --
2014-06-11 23:37:06,930 request classification: browser
2014-06-11 23:37:06,931 identifier plugins registered [<RedirectingFormPlugin 48084688>, <AuthTktCookiePlugin 48084624>]
2014-06-11 23:37:06,931 identifier plugins matched for classification "browser": [<RedirectingFormPlugin 48084688>, <AuthTktCookiePlugin 48084624>]
2014-06-11 23:37:06,931 no identity returned from <RedirectingFormPlugin 48084688> (None)
2014-06-11 23:37:06,932 no identity returned from <AuthTktCookiePlugin 48084624> (None)
2014-06-11 23:37:06,932 identities found: []
2014-06-11 23:37:06,932 no identities found, not authenticating
2014-06-11 23:37:06,933 -- repoze.who request started (/selfservice/style.css) --
2014-06-11 23:37:06,934 request classification: browser
2014-06-11 23:37:06,935 identifier plugins registered [<RedirectingFormPlugin 48084688>, <AuthTktCookiePlugin 48084624>]
2014-06-11 23:37:06,935 identifier plugins matched for classification "browser": [<RedirectingFormPlugin 48084688>, <AuthTktCookiePlugin 48084624>]
2014-06-11 23:37:06,935 no identity returned from <RedirectingFormPlugin 48084688> (None)
2014-06-11 23:37:06,936 no identity returned from <AuthTktCookiePlugin 48084624> (None)
2014-06-11 23:37:06,936 identities found: []
2014-06-11 23:37:06,936 no identities found, not authenticating
2014-06-11 23:37:06,970 no challenge required
2014-06-11 23:37:06,972 -- repoze.who request ended (/selfservice/style.css) --
2014-06-11 23:37:06,982 challenge required
2014-06-11 23:37:06,983 challengers registered: [<RedirectingFormPlugin 48084688>]
2014-06-11 23:37:06,983 challengers matched for classification "browser": [<RedirectingFormPlugin 48084688>]
2014-06-11 23:37:06,984 challenger plugin <RedirectingFormPlugin 48084688> "challenge" returned an app
2014-06-11 23:37:06,984 executing challenge app
2014-06-11 23:37:06,987 -- repoze.who request ended (/selfservice/custom-style.css) --
2014-06-11 23:37:07,039 -- repoze.who request started (/account/login) --
2014-06-11 23:37:07,039 request classification: browser
2014-06-11 23:37:07,040 identifier plugins registered [<RedirectingFormPlugin 48084688>, <AuthTktCookiePlugin 48084624>]
2014-06-11 23:37:07,040 identifier plugins matched for classification "browser": [<RedirectingFormPlugin 48084688>, <AuthTktCookiePlugin 48084624>]
2014-06-11 23:37:07,040 no identity returned from <RedirectingFormPlugin 48084688> (None)
2014-06-11 23:37:07,041 no identity returned from <AuthTktCookiePlugin 48084624> (None)
2014-06-11 23:37:07,041 identities found: []
2014-06-11 23:37:07,041 no identities found, not authenticating
2014-06-11 23:37:07,063 no challenge required
2014-06-11 23:37:07,063 -- repoze.who request ended (/account/login) --
2014-06-11 23:37:07,138 -- repoze.who request started (/images/privacyIDEA-logo-klein.png) --
2014-06-11 23:37:07,139 request classification: browser
2014-06-11 23:37:07,139 identifier plugins registered [<RedirectingFormPlugin 48084688>, <AuthTktCookiePlugin 48084624>]
2014-06-11 23:37:07,139 identifier plugins matched for classification "browser": [<RedirectingFormPlugin 48084688>, <AuthTktCookiePlugin 48084624>]
2014-06-11 23:37:07,140 no identity returned from <RedirectingFormPlugin 48084688> (None)
2014-06-11 23:37:07,140 no identity returned from <AuthTktCookiePlugin 48084624> (None)
2014-06-11 23:37:07,140 identities found: []
2014-06-11 23:37:07,141 no identities found, not authenticating
2014-06-11 23:37:07,157 no challenge required
2014-06-11 23:37:07,158 -- repoze.who request ended (/images/privacyIDEA-logo-klein.png) --
2014-06-11 23:37:12,115 -- repoze.who request started (/account/dologin) --
2014-06-11 23:37:12,116 request classification: browser
2014-06-11 23:37:12,116 identifier plugins registered [<RedirectingFormPlugin 48084688>, <AuthTktCookiePlugin 48084624>]
2014-06-11 23:37:12,116 identifier plugins matched for classification "browser": [<RedirectingFormPlugin 48084688>, <AuthTktCookiePlugin 48084624>]
2014-06-11 23:37:12,117 identity returned from <RedirectingFormPlugin 48084688>: {'login': 'admin2@admin', 'password': 'secret', 'realm': 'scim'}
2014-06-11 23:37:12,118 no identity returned from <AuthTktCookiePlugin 48084624> (None)
2014-06-11 23:37:12,118 identities found: [(<RedirectingFormPlugin 48084688>, {'login': 'admin2@admin', 'password': 'secret', 'realm': 'scim'})]
2014-06-11 23:37:12,118 authenticator plugins registered [<privacyidea.lib.repoze_auth.UserModelPlugin object at 0x2ddb5d0>]
2014-06-11 23:37:12,118 authenticator plugins matched for classification "browser": [<privacyidea.lib.repoze_auth.UserModelPlugin object at 0x2ddb5d0>]
2014-06-11 23:37:12,259 userid returned from <privacyidea.lib.repoze_auth.UserModelPlugin object at 0x2ddb5d0>: "admin2@admin"
2014-06-11 23:37:12,259 identities authenticated: [((0, 0), <privacyidea.lib.repoze_auth.UserModelPlugin object at 0x2ddb5d0>, <RedirectingFormPlugin 48084688>, {'login': 'admin2@admin', 'password': 'secret', 'realm': 'scim', 'repoze.who.userid': 'admin2@admin'}, 'admin2@admin')]
2014-06-11 23:37:12,259 static downstream application replaced with 302 Found
The resource was found at
http://localhost:5001/account/login

2014-06-11 23:37:12,261 no challenge required
2014-06-11 23:37:12,261 remembering via headers from <RedirectingFormPlugin 48084688>: [('Set-Cookie', 'privacyidea_session="2babac4b259bfa5eff7758347b968a2e5398cc08admin2%40admin!"; Path=/'), ('Set-Cookie', 'privacyidea_session="2babac4b259bfa5eff7758347b968a2e5398cc08admin2%40admin!"; Path=/; Domain=localhost:5001'), ('Set-Cookie', 'privacyidea_session="2babac4b259bfa5eff7758347b968a2e5398cc08admin2%40admin!"; Path=/; Domain=.localhost:5001')]
2014-06-11 23:37:12,261 -- repoze.who request ended (/account/dologin) --
2014-06-11 23:37:12,265 -- repoze.who request started (/account/login) --
2014-06-11 23:37:12,266 request classification: browser
2014-06-11 23:37:12,266 identifier plugins registered [<RedirectingFormPlugin 48084688>, <AuthTktCookiePlugin 48084624>]
2014-06-11 23:37:12,266 identifier plugins matched for classification "browser": [<RedirectingFormPlugin 48084688>, <AuthTktCookiePlugin 48084624>]
2014-06-11 23:37:12,267 no identity returned from <RedirectingFormPlugin 48084688> (None)
2014-06-11 23:37:12,267 identity returned from <AuthTktCookiePlugin 48084624>: {'tokens': [''], 'timestamp': 1402522632, 'repoze.who.userid': 'admin2@admin', 'userdata': ''}
2014-06-11 23:37:12,268 identities found: [(<AuthTktCookiePlugin 48084624>, {'tokens': [''], 'timestamp': 1402522632, 'repoze.who.userid': 'admin2@admin', 'userdata': ''})]
2014-06-11 23:37:12,268 authenticator plugins registered [<privacyidea.lib.repoze_auth.UserModelPlugin object at 0x2ddb5d0>]
2014-06-11 23:37:12,268 authenticator plugins matched for classification "browser": [<privacyidea.lib.repoze_auth.UserModelPlugin object at 0x2ddb5d0>]
2014-06-11 23:37:12,268 userid preauthenticated by <AuthTktCookiePlugin 48084624>: "admin2@admin" (repoze.who.userid set)
2014-06-11 23:37:12,269 identities authenticated: [((0, 0), None, <AuthTktCookiePlugin 48084624>, {'tokens': [''], 'timestamp': 1402522632, 'repoze.who.userid': 'admin2@admin', 'userdata': ''}, 'admin2@admin')]
2014-06-11 23:37:12,289 no challenge required
2014-06-11 23:37:12,289 -- repoze.who request ended (/account/login) --
2014-06-11 23:37:12,293 -- repoze.who request started (/manage/) --
2014-06-11 23:37:12,294 request classification: browser
2014-06-11 23:37:12,294 identifier plugins registered [<RedirectingFormPlugin 48084688>, <AuthTktCookiePlugin 48084624>]
2014-06-11 23:37:12,294 identifier plugins matched for classification "browser": [<RedirectingFormPlugin 48084688>, <AuthTktCookiePlugin 48084624>]
2014-06-11 23:37:12,294 no identity returned from <RedirectingFormPlugin 48084688> (None)
2014-06-11 23:37:12,295 identity returned from <AuthTktCookiePlugin 48084624>: {'tokens': [''], 'timestamp': 1402522632, 'repoze.who.userid': 'admin2@admin', 'userdata': ''}
2014-06-11 23:37:12,295 identities found: [(<AuthTktCookiePlugin 48084624>, {'tokens': [''], 'timestamp': 1402522632, 'repoze.who.userid': 'admin2@admin', 'userdata': ''})]
2014-06-11 23:37:12,296 authenticator plugins registered [<privacyidea.lib.repoze_auth.UserModelPlugin object at 0x2ddb5d0>]
2014-06-11 23:37:12,296 authenticator plugins matched for classification "browser": [<privacyidea.lib.repoze_auth.UserModelPlugin object at 0x2ddb5d0>]
2014-06-11 23:37:12,296 userid preauthenticated by <AuthTktCookiePlugin 48084624>: "admin2@admin" (repoze.who.userid set)
2014-06-11 23:37:12,296 identities authenticated: [((0, 0), None, <AuthTktCookiePlugin 48084624>, {'tokens': [''], 'timestamp': 1402522632, 'repoze.who.userid': 'admin2@admin', 'userdata': ''}, 'admin2@admin')]
2014-06-11 23:37:12,463 no challenge required
2014-06-11 23:37:12,463 -- repoze.who request ended (/manage/) --
2014-06-11 23:37:12,500 -- repoze.who request started (/manage/style.css) --
2014-06-11 23:37:12,500 request classification: browser
2014-06-11 23:37:12,501 identifier plugins registered [<RedirectingFormPlugin 48084688>, <AuthTktCookiePlugin 48084624>]
2014-06-11 23:37:12,501 identifier plugins matched for classification "browser": [<RedirectingFormPlugin 48084688>, <AuthTktCookiePlugin 48084624>]
2014-06-11 23:37:12,501 no identity returned from <RedirectingFormPlugin 48084688> (None)
2014-06-11 23:37:12,502 identity returned from <AuthTktCookiePlugin 48084624>: {'tokens': [''], 'timestamp': 1402522632, 'repoze.who.userid': 'admin2@admin', 'userdata': ''}
2014-06-11 23:37:12,502 identities found: [(<AuthTktCookiePlugin 48084624>, {'tokens': [''], 'timestamp': 1402522632, 'repoze.who.userid': 'admin2@admin', 'userdata': ''})]
2014-06-11 23:37:12,503 authenticator plugins registered [<privacyidea.lib.repoze_auth.UserModelPlugin object at 0x2ddb5d0>]
2014-06-11 23:37:12,503 authenticator plugins matched for classification "browser": [<privacyidea.lib.repoze_auth.UserModelPlugin object at 0x2ddb5d0>]
2014-06-11 23:37:12,503 userid preauthenticated by <AuthTktCookiePlugin 48084624>: "admin2@admin" (repoze.who.userid set)
2014-06-11 23:37:12,504 identities authenticated: [((0, 0), None, <AuthTktCookiePlugin 48084624>, {'tokens': [''], 'timestamp': 1402522632, 'repoze.who.userid': 'admin2@admin', 'userdata': ''}, 'admin2@admin')]
2014-06-11 23:37:12,506 no challenge required
2014-06-11 23:37:12,506 -- repoze.who request ended (/manage/style.css) --
2014-06-11 23:37:12,509 -- repoze.who request started (/css/superfish.css) --
2014-06-11 23:37:12,510 request classification: browser
2014-06-11 23:37:12,511 identifier plugins registered [<RedirectingFormPlugin 48084688>, <AuthTktCookiePlugin 48084624>]
2014-06-11 23:37:12,512 identifier plugins matched for classification "browser": [<RedirectingFormPlugin 48084688>, <AuthTktCookiePlugin 48084624>]
2014-06-11 23:37:12,512 no identity returned from <RedirectingFormPlugin 48084688> (None)
2014-06-11 23:37:12,513 identity returned from <AuthTktCookiePlugin 48084624>: {'tokens': [''], 'timestamp': 1402522632, 'repoze.who.userid': 'admin2@admin', 'userdata': ''}
2014-06-11 23:37:12,513 identities found: [(<AuthTktCookiePlugin 48084624>, {'tokens': [''], 'timestamp': 1402522632, 'repoze.who.userid': 'admin2@admin', 'userdata': ''})]
2014-06-11 23:37:12,513 authenticator plugins registered [<privacyidea.lib.repoze_auth.UserModelPlugin object at 0x2ddb5d0>]
2014-06-11 23:37:12,513 authenticator plugins matched for classification "browser": [<privacyidea.lib.repoze_auth.UserModelPlugin object at 0x2ddb5d0>]
2014-06-11 23:37:12,514 userid preauthenticated by <AuthTktCookiePlugin 48084624>: "admin2@admin" (repoze.who.userid set)
2014-06-11 23:37:12,514 identities authenticated: [((0, 0), None, <AuthTktCookiePlugin 48084624>, {'tokens': [''], 'timestamp': 1402522632, 'repoze.who.userid': 'admin2@admin', 'userdata': ''}, 'admin2@admin')]
2014-06-11 23:37:12,516 no challenge required
2014-06-11 23:37:12,516 -- repoze.who request ended (/css/superfish.css) --
2014-06-11 23:37:12,537 -- repoze.who request started (/manage/custom-style.css) --
2014-06-11 23:37:12,537 request classification: browser
2014-06-11 23:37:12,538 identifier plugins registered [<RedirectingFormPlugin 48084688>, <AuthTktCookiePlugin 48084624>]
2014-06-11 23:37:12,538 identifier plugins matched for classification "browser": [<RedirectingFormPlugin 48084688>, <AuthTktCookiePlugin 48084624>]
2014-06-11 23:37:12,538 no identity returned from <RedirectingFormPlugin 48084688> (None)
2014-06-11 23:37:12,539 identity returned from <AuthTktCookiePlugin 48084624>: {'tokens': [''], 'timestamp': 1402522632, 'repoze.who.userid': 'admin2@admin', 'userdata': ''}
2014-06-11 23:37:12,539 identities found: [(<AuthTktCookiePlugin 48084624>, {'tokens': [''], 'timestamp': 1402522632, 'repoze.who.userid': 'admin2@admin', 'userdata': ''})]
2014-06-11 23:37:12,540 authenticator plugins registered [<privacyidea.lib.repoze_auth.UserModelPlugin object at 0x2ddb5d0>]
2014-06-11 23:37:12,540 authenticator plugins matched for classification "browser": [<privacyidea.lib.repoze_auth.UserModelPlugin object at 0x2ddb5d0>]
2014-06-11 23:37:12,540 userid preauthenticated by <AuthTktCookiePlugin 48084624>: "admin2@admin" (repoze.who.userid set)
2014-06-11 23:37:12,540 identities authenticated: [((0, 0), None, <AuthTktCookiePlugin 48084624>, {'tokens': [''], 'timestamp': 1402522632, 'repoze.who.userid': 'admin2@admin', 'userdata': ''}, 'admin2@admin')]
2014-06-11 23:37:12,542 -- repoze.who request started (/js/manage.js) --
2014-06-11 23:37:12,542 request classification: browser
2014-06-11 23:37:12,543 identifier plugins registered [<RedirectingFormPlugin 48084688>, <AuthTktCookiePlugin 48084624>]
2014-06-11 23:37:12,543 identifier plugins matched for classification "browser": [<RedirectingFormPlugin 48084688>, <AuthTktCookiePlugin 48084624>]
2014-06-11 23:37:12,543 no identity returned from <RedirectingFormPlugin 48084688> (None)
2014-06-11 23:37:12,544 identity returned from <AuthTktCookiePlugin 48084624>: {'tokens': [''], 'timestamp': 1402522632, 'repoze.who.userid': 'admin2@admin', 'userdata': ''}
2014-06-11 23:37:12,544 identities found: [(<AuthTktCookiePlugin 48084624>, {'tokens': [''], 'timestamp': 1402522632, 'repoze.who.userid': 'admin2@admin', 'userdata': ''})]
2014-06-11 23:37:12,545 authenticator plugins registered [<privacyidea.lib.repoze_auth.UserModelPlugin object at 0x2ddb5d0>]
2014-06-11 23:37:12,545 authenticator plugins matched for classification "browser": [<privacyidea.lib.repoze_auth.UserModelPlugin object at 0x2ddb5d0>]
2014-06-11 23:37:12,545 userid preauthenticated by <AuthTktCookiePlugin 48084624>: "admin2@admin" (repoze.who.userid set)
2014-06-11 23:37:12,546 identities authenticated: [((0, 0), None, <AuthTktCookiePlugin 48084624>, {'tokens': [''], 'timestamp': 1402522632, 'repoze.who.userid': 'admin2@admin', 'userdata': ''}, 'admin2@admin')]
2014-06-11 23:37:12,551 no challenge required
2014-06-11 23:37:12,552 -- repoze.who request ended (/js/manage.js) --
2014-06-11 23:37:12,587 no challenge required
2014-06-11 23:37:12,588 -- repoze.who request ended (/manage/custom-style.css) --
2014-06-11 23:37:12,832 -- repoze.who request started (/system/getConfig) --
2014-06-11 23:37:12,832 request classification: browser
2014-06-11 23:37:12,833 identifier plugins registered [<RedirectingFormPlugin 48084688>, <AuthTktCookiePlugin 48084624>]
2014-06-11 23:37:12,833 identifier plugins matched for classification "browser": [<RedirectingFormPlugin 48084688>, <AuthTktCookiePlugin 48084624>]
2014-06-11 23:37:12,834 no identity returned from <RedirectingFormPlugin 48084688> (None)
2014-06-11 23:37:12,834 identity returned from <AuthTktCookiePlugin 48084624>: {'tokens': [''], 'timestamp': 1402522632, 'repoze.who.userid': 'admin2@admin', 'userdata': ''}
2014-06-11 23:37:12,834 identities found: [(<AuthTktCookiePlugin 48084624>, {'tokens': [''], 'timestamp': 1402522632, 'repoze.who.userid': 'admin2@admin', 'userdata': ''})]
2014-06-11 23:37:12,835 authenticator plugins registered [<privacyidea.lib.repoze_auth.UserModelPlugin object at 0x2ddb5d0>]
2014-06-11 23:37:12,835 authenticator plugins matched for classification "browser": [<privacyidea.lib.repoze_auth.UserModelPlugin object at 0x2ddb5d0>]
2014-06-11 23:37:12,835 userid preauthenticated by <AuthTktCookiePlugin 48084624>: "admin2@admin" (repoze.who.userid set)
2014-06-11 23:37:12,836 identities authenticated: [((0, 0), None, <AuthTktCookiePlugin 48084624>, {'tokens': [''], 'timestamp': 1402522632, 'repoze.who.userid': 'admin2@admin', 'userdata': ''}, 'admin2@admin')]
2014-06-11 23:37:13,216 no challenge required
2014-06-11 23:37:13,217 -- repoze.who request ended (/system/getConfig) --
2014-06-11 23:37:13,514 -- repoze.who request started (/system/getConfig) --
2014-06-11 23:37:13,515 request classification: browser
2014-06-11 23:37:13,515 identifier plugins registered [<RedirectingFormPlugin 48084688>, <AuthTktCookiePlugin 48084624>]
2014-06-11 23:37:13,515 identifier plugins matched for classification "browser": [<RedirectingFormPlugin 48084688>, <AuthTktCookiePlugin 48084624>]
2014-06-11 23:37:13,516 no identity returned from <RedirectingFormPlugin 48084688> (None)
2014-06-11 23:37:13,516 identity returned from <AuthTktCookiePlugin 48084624>: {'tokens': [''], 'timestamp': 1402522632, 'repoze.who.userid': 'admin2@admin', 'userdata': ''}
2014-06-11 23:37:13,517 identities found: [(<AuthTktCookiePlugin 48084624>, {'tokens': [''], 'timestamp': 1402522632, 'repoze.who.userid': 'admin2@admin', 'userdata': ''})]
2014-06-11 23:37:13,517 authenticator plugins registered [<privacyidea.lib.repoze_auth.UserModelPlugin object at 0x2ddb5d0>]
2014-06-11 23:37:13,517 authenticator plugins matched for classification "browser": [<privacyidea.lib.repoze_auth.UserModelPlugin object at 0x2ddb5d0>]
2014-06-11 23:37:13,517 userid preauthenticated by <AuthTktCookiePlugin 48084624>: "admin2@admin" (repoze.who.userid set)
2014-06-11 23:37:13,518 identities authenticated: [((0, 0), None, <AuthTktCookiePlugin 48084624>, {'tokens': [''], 'timestamp': 1402522632, 'repoze.who.userid': 'admin2@admin', 'userdata': ''}, 'admin2@admin')]
2014-06-11 23:37:13,930 no challenge required
2014-06-11 23:37:13,931 -- repoze.who request ended (/system/getConfig) --
2014-06-11 23:37:13,980 -- repoze.who request started (/manage/tokenview) --
2014-06-11 23:37:13,980 request classification: browser
2014-06-11 23:37:13,981 identifier plugins registered [<RedirectingFormPlugin 48084688>, <AuthTktCookiePlugin 48084624>]
2014-06-11 23:37:13,981 identifier plugins matched for classification "browser": [<RedirectingFormPlugin 48084688>, <AuthTktCookiePlugin 48084624>]
2014-06-11 23:37:13,981 no identity returned from <RedirectingFormPlugin 48084688> (None)
2014-06-11 23:37:13,982 identity returned from <AuthTktCookiePlugin 48084624>: {'tokens': [''], 'timestamp': 1402522632, 'repoze.who.userid': 'admin2@admin', 'userdata': ''}
2014-06-11 23:37:13,982 identities found: [(<AuthTktCookiePlugin 48084624>, {'tokens': [''], 'timestamp': 1402522632, 'repoze.who.userid': 'admin2@admin', 'userdata': ''})]
2014-06-11 23:37:13,982 authenticator plugins registered [<privacyidea.lib.repoze_auth.UserModelPlugin object at 0x2ddb5d0>]
2014-06-11 23:37:13,983 authenticator plugins matched for classification "browser": [<privacyidea.lib.repoze_auth.UserModelPlugin object at 0x2ddb5d0>]
2014-06-11 23:37:13,983 userid preauthenticated by <AuthTktCookiePlugin 48084624>: "admin2@admin" (repoze.who.userid set)
2014-06-11 23:37:13,983 identities authenticated: [((0, 0), None, <AuthTktCookiePlugin 48084624>, {'tokens': [''], 'timestamp': 1402522632, 'repoze.who.userid': 'admin2@admin', 'userdata': ''}, 'admin2@admin')]
2014-06-11 23:37:14,005 -- repoze.who request started (/system/getRealms) --
2014-06-11 23:37:14,005 request classification: browser
2014-06-11 23:37:14,006 identifier plugins registered [<RedirectingFormPlugin 48084688>, <AuthTktCookiePlugin 48084624>]
2014-06-11 23:37:14,006 identifier plugins matched for classification "browser": [<RedirectingFormPlugin 48084688>, <AuthTktCookiePlugin 48084624>]
2014-06-11 23:37:14,021 no identity returned from <RedirectingFormPlugin 48084688> (None)
2014-06-11 23:37:14,022 identity returned from <AuthTktCookiePlugin 48084624>: {'tokens': [''], 'timestamp': 1402522632, 'repoze.who.userid': 'admin2@admin', 'userdata': ''}
2014-06-11 23:37:14,029 identities found: [(<AuthTktCookiePlugin 48084624>, {'tokens': [''], 'timestamp': 1402522632, 'repoze.who.userid': 'admin2@admin', 'userdata': ''})]
2014-06-11 23:37:14,029 authenticator plugins registered [<privacyidea.lib.repoze_auth.UserModelPlugin object at 0x2ddb5d0>]
2014-06-11 23:37:14,030 authenticator plugins matched for classification "browser": [<privacyidea.lib.repoze_auth.UserModelPlugin object at 0x2ddb5d0>]
2014-06-11 23:37:14,030 userid preauthenticated by <AuthTktCookiePlugin 48084624>: "admin2@admin" (repoze.who.userid set)
2014-06-11 23:37:14,030 identities authenticated: [((0, 0), None, <AuthTktCookiePlugin 48084624>, {'tokens': [''], 'timestamp': 1402522632, 'repoze.who.userid': 'admin2@admin', 'userdata': ''}, 'admin2@admin')]
2014-06-11 23:37:14,029 no challenge required
2014-06-11 23:37:14,034 -- repoze.who request ended (/manage/tokenview) --
2014-06-11 23:37:14,097 -- repoze.who request started (/manage/tokenview_flexi) --
2014-06-11 23:37:14,098 request classification: browser
2014-06-11 23:37:14,099 identifier plugins registered [<RedirectingFormPlugin 48084688>, <AuthTktCookiePlugin 48084624>]
2014-06-11 23:37:14,099 identifier plugins matched for classification "browser": [<RedirectingFormPlugin 48084688>, <AuthTktCookiePlugin 48084624>]
2014-06-11 23:37:14,100 no identity returned from <RedirectingFormPlugin 48084688> (None)
2014-06-11 23:37:14,100 identity returned from <AuthTktCookiePlugin 48084624>: {'tokens': [''], 'timestamp': 1402522632, 'repoze.who.userid': 'admin2@admin', 'userdata': ''}
2014-06-11 23:37:14,101 identities found: [(<AuthTktCookiePlugin 48084624>, {'tokens': [''], 'timestamp': 1402522632, 'repoze.who.userid': 'admin2@admin', 'userdata': ''})]
2014-06-11 23:37:14,101 authenticator plugins registered [<privacyidea.lib.repoze_auth.UserModelPlugin object at 0x2ddb5d0>]
2014-06-11 23:37:14,101 authenticator plugins matched for classification "browser": [<privacyidea.lib.repoze_auth.UserModelPlugin object at 0x2ddb5d0>]
2014-06-11 23:37:14,101 userid preauthenticated by <AuthTktCookiePlugin 48084624>: "admin2@admin" (repoze.who.userid set)
2014-06-11 23:37:14,102 identities authenticated: [((0, 0), None, <AuthTktCookiePlugin 48084624>, {'tokens': [''], 'timestamp': 1402522632, 'repoze.who.userid': 'admin2@admin', 'userdata': ''}, 'admin2@admin')]
2014-06-11 23:37:14,639 no challenge required
2014-06-11 23:37:14,640 -- repoze.who request ended (/system/getRealms) --
2014-06-11 23:37:15,438 no challenge required
2014-06-11 23:37:15,439 -- repoze.who request ended (/manage/tokenview_flexi) --
2014-06-11 23:37:16,433 -- repoze.who request started (/system/getConfig) --
2014-06-11 23:37:16,434 request classification: browser
2014-06-11 23:37:16,434 identifier plugins registered [<RedirectingFormPlugin 48084688>, <AuthTktCookiePlugin 48084624>]
2014-06-11 23:37:16,434 identifier plugins matched for classification "browser": [<RedirectingFormPlugin 48084688>, <AuthTktCookiePlugin 48084624>]
2014-06-11 23:37:16,435 no identity returned from <RedirectingFormPlugin 48084688> (None)
2014-06-11 23:37:16,435 identity returned from <AuthTktCookiePlugin 48084624>: {'tokens': [''], 'timestamp': 1402522632, 'repoze.who.userid': 'admin2@admin', 'userdata': ''}
2014-06-11 23:37:16,436 identities found: [(<AuthTktCookiePlugin 48084624>, {'tokens': [''], 'timestamp': 1402522632, 'repoze.who.userid': 'admin2@admin', 'userdata': ''})]
2014-06-11 23:37:16,436 authenticator plugins registered [<privacyidea.lib.repoze_auth.UserModelPlugin object at 0x2ddb5d0>]
2014-06-11 23:37:16,436 authenticator plugins matched for classification "browser": [<privacyidea.lib.repoze_auth.UserModelPlugin object at 0x2ddb5d0>]
2014-06-11 23:37:16,436 userid preauthenticated by <AuthTktCookiePlugin 48084624>: "admin2@admin" (repoze.who.userid set)
2014-06-11 23:37:16,437 identities authenticated: [((0, 0), None, <AuthTktCookiePlugin 48084624>, {'tokens': [''], 'timestamp': 1402522632, 'repoze.who.userid': 'admin2@admin', 'userdata': ''}, 'admin2@admin')]
2014-06-11 23:37:16,865 no challenge required
2014-06-11 23:37:16,865 -- repoze.who request ended (/system/getConfig) --
ig/public.pem: (IOError(2, 'No such file or directory'))
2014/06/11 - 23:37:12 ERROR {140143834949376} [privacyidea.lib.audit][readKeys #164] Error reading public key /data/home/corny/src/privacyIDEA.github/config/public.pem: (IOError(2, 'No such file or directory'))
2014/06/11 - 23:37:12 INFO  {140143834949376} [privacyidea.lib.auditmodules.sqlaudit][__init__ #106] using the connect string sqlite:////data/home/corny/src/privacyIDEA.github/config/token.sqlite
2014/06/11 - 23:37:12 INFO  {140143834949376} [privacyidea.lib.auditmodules.sqlaudit][__init__ #106] using the connect string sqlite:////data/home/corny/src/privacyIDEA.github/config/token.sqlite
2014/06/11 - 23:37:12 INFO  {140143834949376} [privacyidea.lib.util][check_session #181] nothing to check
2014/06/11 - 23:37:12 INFO  {140143834949376} [privacyidea.lib.util][check_session #181] nothing to check
2014/06/11 - 23:37:12 ERROR {140144371820288} [privacyidea.lib.audit][readKeys #157] Error reading private key /data/home/corny/src/privacyIDEA.github/config/private.pem: (IOError(2, 'No such file or directory'))
2014/06/11 - 23:37:12 ERROR {140144371820288} [privacyidea.lib.audit][readKeys #157] Error reading private key /data/home/corny/src/privacyIDEA.github/config/private.pem: (IOError(2, 'No such file or directory'))
2014/06/11 - 23:37:12 ERROR {140144371820288} [privacyidea.lib.audit][readKeys #164] Error reading public key /data/home/corny/src/privacyIDEA.github/config/public.pem: (IOError(2, 'No such file or directory'))
2014/06/11 - 23:37:12 ERROR {140144371820288} [privacyidea.lib.audit][readKeys #164] Error reading public key /data/home/corny/src/privacyIDEA.github/config/public.pem: (IOError(2, 'No such file or directory'))
2014/06/11 - 23:37:12 INFO  {140144371820288} [privacyidea.lib.auditmodules.sqlaudit][__init__ #106] using the connect string sqlite:////data/home/corny/src/privacyIDEA.github/config/token.sqlite
2014/06/11 - 23:37:12 INFO  {140144371820288} [privacyidea.lib.auditmodules.sqlaudit][__init__ #106] using the connect string sqlite:////data/home/corny/src/privacyIDEA.github/config/token.sqlite
2014/06/11 - 23:37:12 INFO  {140144371820288} [privacyidea.lib.util][check_session #181] nothing to check
2014/06/11 - 23:37:12 INFO  {140144371820288} [privacyidea.lib.util][check_session #181] nothing to check
2014/06/11 - 23:37:12 ERROR {140144380212992} [privacyidea.lib.audit][readKeys #157] Error reading private key /data/home/corny/src/privacyIDEA.github/config/private.pem: (IOError(2, 'No such file or directory'))
2014/06/11 - 23:37:12 ERROR {140144380212992} [privacyidea.lib.audit][readKeys #157] Error reading private key /data/home/corny/src/privacyIDEA.github/config/private.pem: (IOError(2, 'No such file or directory'))
2014/06/11 - 23:37:12 ERROR {140144380212992} [privacyidea.lib.audit][readKeys #164] Error reading public key /data/home/corny/src/privacyIDEA.github/config/public.pem: (IOError(2, 'No such file or directory'))
2014/06/11 - 23:37:12 ERROR {140144380212992} [privacyidea.lib.audit][readKeys #164] Error reading public key /data/home/corny/src/privacyIDEA.github/config/public.pem: (IOError(2, 'No such file or directory'))
2014/06/11 - 23:37:12 INFO  {140144380212992} [privacyidea.lib.auditmodules.sqlaudit][__init__ #106] using the connect string sqlite:////data/home/corny/src/privacyIDEA.github/config/token.sqlite
2014/06/11 - 23:37:12 INFO  {140144380212992} [privacyidea.lib.auditmodules.sqlaudit][__init__ #106] using the connect string sqlite:////data/home/corny/src/privacyIDEA.github/config/token.sqlite
2014/06/11 - 23:37:12 INFO  {140144380212992} [privacyidea.lib.util][check_session #189] session: 2babac4b259bfa5eff7758347b968a2e5398cc08
2014/06/11 - 23:37:12 INFO  {140144380212992} [privacyidea.lib.util][check_session #189] session: 2babac4b259bfa5eff7758347b968a2e5398cc08
2014/06/11 - 23:37:12 INFO  {140144380212992} [privacyidea.lib.util][check_session #190] cookie:  2babac4b259bfa5eff7758347b968a2e5398cc08
2014/06/11 - 23:37:12 INFO  {140144380212992} [privacyidea.lib.util][check_session #190] cookie:  2babac4b259bfa5eff7758347b968a2e5398cc08
2014/06/11 - 23:37:12 INFO  {140144380212992} [privacyidea.lib.policy][getAuthorization #397] No policies in scope system found. Checking of scope system be disabled.
2014/06/11 - 23:37:12 INFO  {140144380212992} [privacyidea.lib.policy][getAuthorization #397] No policies in scope system found. Checking of scope system be disabled.
2014/06/11 - 23:37:13 ERROR {140144363427584} [privacyidea.lib.audit][readKeys #157] Error reading private key /data/home/corny/src/privacyIDEA.github/config/private.pem: (IOError(2, 'No such file or directory'))
2014/06/11 - 23:37:13 ERROR {140144363427584} [privacyidea.lib.audit][readKeys #157] Error reading private key /data/home/corny/src/privacyIDEA.github/config/private.pem: (IOError(2, 'No such file or directory'))
2014/06/11 - 23:37:13 ERROR {140144363427584} [privacyidea.lib.audit][readKeys #164] Error reading public key /data/home/corny/src/privacyIDEA.github/config/public.pem: (IOError(2, 'No such file or directory'))
2014/06/11 - 23:37:13 ERROR {140144363427584} [privacyidea.lib.audit][readKeys #164] Error reading public key /data/home/corny/src/privacyIDEA.github/config/public.pem: (IOError(2, 'No such file or directory'))
2014/06/11 - 23:37:13 INFO  {140144363427584} [privacyidea.lib.auditmodules.sqlaudit][__init__ #106] using the connect string sqlite:////data/home/corny/src/privacyIDEA.github/config/token.sqlite
2014/06/11 - 23:37:13 INFO  {140144363427584} [privacyidea.lib.auditmodules.sqlaudit][__init__ #106] using the connect string sqlite:////data/home/corny/src/privacyIDEA.github/config/token.sqlite
2014/06/11 - 23:37:13 INFO  {140144363427584} [privacyidea.lib.util][check_session #189] session: 2babac4b259bfa5eff7758347b968a2e5398cc08
2014/06/11 - 23:37:13 INFO  {140144363427584} [privacyidea.lib.util][check_session #189] session: 2babac4b259bfa5eff7758347b968a2e5398cc08
2014/06/11 - 23:37:13 INFO  {140144363427584} [privacyidea.lib.util][check_session #190] cookie:  2babac4b259bfa5eff7758347b968a2e5398cc08
2014/06/11 - 23:37:13 INFO  {140144363427584} [privacyidea.lib.util][check_session #190] cookie:  2babac4b259bfa5eff7758347b968a2e5398cc08
2014/06/11 - 23:37:13 INFO  {140144363427584} [privacyidea.lib.policy][getAuthorization #397] No policies in scope system found. Checking of scope system be disabled.
2014/06/11 - 23:37:13 INFO  {140144363427584} [privacyidea.lib.policy][getAuthorization #397] No policies in scope system found. Checking of scope system be disabled.
2014/06/11 - 23:37:13 ERROR {140144355034880} [privacyidea.lib.audit][readKeys #157] Error reading private key /data/home/corny/src/privacyIDEA.github/config/private.pem: (IOError(2, 'No such file or directory'))
2014/06/11 - 23:37:13 ERROR {140144355034880} [privacyidea.lib.audit][readKeys #157] Error reading private key /data/home/corny/src/privacyIDEA.github/config/private.pem: (IOError(2, 'No such file or directory'))
2014/06/11 - 23:37:13 ERROR {140144355034880} [privacyidea.lib.audit][readKeys #164] Error reading public key /data/home/corny/src/privacyIDEA.github/config/public.pem: (IOError(2, 'No such file or directory'))
2014/06/11 - 23:37:13 ERROR {140144355034880} [privacyidea.lib.audit][readKeys #164] Error reading public key /data/home/corny/src/privacyIDEA.github/config/public.pem: (IOError(2, 'No such file or directory'))
2014/06/11 - 23:37:13 INFO  {140144355034880} [privacyidea.lib.auditmodules.sqlaudit][__init__ #106] using the connect string sqlite:////data/home/corny/src/privacyIDEA.github/config/token.sqlite
2014/06/11 - 23:37:13 INFO  {140144355034880} [privacyidea.lib.auditmodules.sqlaudit][__init__ #106] using the connect string sqlite:////data/home/corny/src/privacyIDEA.github/config/token.sqlite
2014/06/11 - 23:37:14 INFO  {140144355034880} [privacyidea.lib.util][check_session #181] nothing to check
2014/06/11 - 23:37:14 INFO  {140144355034880} [privacyidea.lib.util][check_session #181] nothing to check
2014/06/11 - 23:37:14 ERROR {140144338249472} [privacyidea.lib.audit][readKeys #157] Error reading private key /data/home/corny/src/privacyIDEA.github/config/private.pem: (IOError(2, 'No such file or directory'))
2014/06/11 - 23:37:14 ERROR {140144338249472} [privacyidea.lib.audit][readKeys #157] Error reading private key /data/home/corny/src/privacyIDEA.github/config/private.pem: (IOError(2, 'No such file or directory'))
2014/06/11 - 23:37:14 ERROR {140144338249472} [privacyidea.lib.audit][readKeys #164] Error reading public key /data/home/corny/src/privacyIDEA.github/config/public.pem: (IOError(2, 'No such file or directory'))
2014/06/11 - 23:37:14 ERROR {140144338249472} [privacyidea.lib.audit][readKeys #164] Error reading public key /data/home/corny/src/privacyIDEA.github/config/public.pem: (IOError(2, 'No such file or directory'))
2014/06/11 - 23:37:14 INFO  {140144338249472} [privacyidea.lib.auditmodules.sqlaudit][__init__ #106] using the connect string sqlite:////data/home/corny/src/privacyIDEA.github/config/token.sqlite
2014/06/11 - 23:37:14 INFO  {140144338249472} [privacyidea.lib.auditmodules.sqlaudit][__init__ #106] using the connect string sqlite:////data/home/corny/src/privacyIDEA.github/config/token.sqlite
2014/06/11 - 23:37:14 INFO  {140144338249472} [privacyidea.lib.util][check_session #189] session: 2babac4b259bfa5eff7758347b968a2e5398cc08
2014/06/11 - 23:37:14 INFO  {140144338249472} [privacyidea.lib.util][check_session #189] session: 2babac4b259bfa5eff7758347b968a2e5398cc08
2014/06/11 - 23:37:14 INFO  {140144338249472} [privacyidea.lib.util][check_session #190] cookie:  2babac4b259bfa5eff7758347b968a2e5398cc08
2014/06/11 - 23:37:14 INFO  {140144338249472} [privacyidea.lib.util][check_session #190] cookie:  2babac4b259bfa5eff7758347b968a2e5398cc08
2014/06/11 - 23:37:14 INFO  {140144338249472} [privacyidea.lib.policy][getAuthorization #397] No policies in scope system found. Checking of scope system be disabled.
2014/06/11 - 23:37:14 INFO  {140144338249472} [privacyidea.lib.policy][getAuthorization #397] No policies in scope system found. Checking of scope system be disabled.
2014/06/11 - 23:37:14 INFO  {140144338249472} [privacyidea.lib.policy][getAuthorization #397] No policies in scope system found. Checking of scope system be disabled.
2014/06/11 - 23:37:14 INFO  {140144338249472} [privacyidea.lib.policy][getAuthorization #397] No policies in scope system found. Checking of scope system be disabled.
2014/06/11 - 23:37:14 ERROR {140144329856768} [privacyidea.lib.audit][readKeys #157] Error reading private key /data/home/corny/src/privacyIDEA.github/config/private.pem: (IOError(2, 'No such file or directory'))
2014/06/11 - 23:37:14 ERROR {140144329856768} [privacyidea.lib.audit][readKeys #157] Error reading private key /data/home/corny/src/privacyIDEA.github/config/private.pem: (IOError(2, 'No such file or directory'))
2014/06/11 - 23:37:14 ERROR {140144329856768} [privacyidea.lib.audit][readKeys #164] Error reading public key /data/home/corny/src/privacyIDEA.github/config/public.pem: (IOError(2, 'No such file or directory'))
2014/06/11 - 23:37:14 ERROR {140144329856768} [privacyidea.lib.audit][readKeys #164] Error reading public key /data/home/corny/src/privacyIDEA.github/config/public.pem: (IOError(2, 'No such file or directory'))
2014/06/11 - 23:37:14 INFO  {140144329856768} [privacyidea.lib.auditmodules.sqlaudit][__init__ #106] using the connect string sqlite:////data/home/corny/src/privacyIDEA.github/config/token.sqlite
2014/06/11 - 23:37:14 INFO  {140144329856768} [privacyidea.lib.auditmodules.sqlaudit][__init__ #106] using the connect string sqlite:////data/home/corny/src/privacyIDEA.github/config/token.sqlite
2014/06/11 - 23:37:14 INFO  {140144329856768} [privacyidea.lib.util][check_session #189] session: 2babac4b259bfa5eff7758347b968a2e5398cc08
2014/06/11 - 23:37:14 INFO  {140144329856768} [privacyidea.lib.util][check_session #189] session: 2babac4b259bfa5eff7758347b968a2e5398cc08
2014/06/11 - 23:37:14 INFO  {140144329856768} [privacyidea.lib.util][check_session #190] cookie:  2babac4b259bfa5eff7758347b968a2e5398cc08
2014/06/11 - 23:37:14 INFO  {140144329856768} [privacyidea.lib.util][check_session #190] cookie:  2babac4b259bfa5eff7758347b968a2e5398cc08
2014/06/11 - 23:37:14 INFO  {140144329856768} [privacyidea.lib.policy][getAdminPolicies #329] No policies in scope admin found. Admin authorization will be disabled.
2014/06/11 - 23:37:14 INFO  {140144329856768} [privacyidea.lib.policy][getAdminPolicies #329] No policies in scope admin found. Admin authorization will be disabled.
2014/06/11 - 23:37:14 INFO  {140144329856768} [privacyidea.lib.policy][getAdminPolicies #336] Evaluating policies for the user: admin2@admin
2014/06/11 - 23:37:14 INFO  {140144329856768} [privacyidea.lib.policy][getAdminPolicies #336] Evaluating policies for the user: admin2@admin
2014/06/11 - 23:37:14 INFO  {140144329856768} [privacyidea.lib.policy][getAdminPolicies #329] No policies in scope admin found. Admin authorization will be disabled.
2014/06/11 - 23:37:14 INFO  {140144329856768} [privacyidea.lib.policy][getAdminPolicies #329] No policies in scope admin found. Admin authorization will be disabled.
2014/06/11 - 23:37:14 INFO  {140144329856768} [privacyidea.lib.policy][getAdminPolicies #336] Evaluating policies for the user: admin2@admin
2014/06/11 - 23:37:14 INFO  {140144329856768} [privacyidea.lib.policy][getAdminPolicies #336] Evaluating policies for the user: admin2@admin
2014/06/11 - 23:37:14 INFO  {140144329856768} [privacyidea.lib.resolvers.PasswdIdResolver][loadFile #136] loading users from file /home/corny/src/privacyIDEA.github/my-users
2014/06/11 - 23:37:14 INFO  {140144329856768} [privacyidea.lib.resolvers.PasswdIdResolver][loadFile #136] loading users from file /home/corny/src/privacyIDEA.github/my-users
2014/06/11 - 23:37:15 ERROR {140144329856768} [privacyidea.lib.user][getUserInfo #667] resolver u'privacyidea.lib.resolvers.SCIMIdResolver.IdResolver.asdfasdf' notfound! :Exception('Could not get access token: 500',)
2014/06/11 - 23:37:15 ERROR {140144329856768} [privacyidea.lib.user][getUserInfo #667] resolver u'privacyidea.lib.resolvers.SCIMIdResolver.IdResolver.asdfasdf' notfound! :Exception('Could not get access token: 500',)
2014/06/11 - 23:37:16 ERROR {140143834949376} [privacyidea.lib.audit][readKeys #157] Error reading private key /data/home/corny/src/privacyIDEA.github/config/private.pem: (IOError(2, 'No such file or directory'))
2014/06/11 - 23:37:16 ERROR {140143834949376} [privacyidea.lib.audit][readKeys #157] Error reading private key /data/home/corny/src/privacyIDEA.github/config/private.pem: (IOError(2, 'No such file or directory'))
2014/06/11 - 23:37:16 ERROR {140143834949376} [privacyidea.lib.audit][readKeys #164] Error reading public key /data/home/corny/src/privacyIDEA.github/config/public.pem: (IOError(2, 'No such file or directory'))
2014/06/11 - 23:37:16 ERROR {140143834949376} [privacyidea.lib.audit][readKeys #164] Error reading public key /data/home/corny/src/privacyIDEA.github/config/public.pem: (IOError(2, 'No such file or directory'))
2014/06/11 - 23:37:16 INFO  {140143834949376} [privacyidea.lib.auditmodules.sqlaudit][__init__ #106] using the connect string sqlite:////data/home/corny/src/privacyIDEA.github/config/token.sqlite
2014/06/11 - 23:37:16 INFO  {140143834949376} [privacyidea.lib.auditmodules.sqlaudit][__init__ #106] using the connect string sqlite:////data/home/corny/src/privacyIDEA.github/config/token.sqlite
2014/06/11 - 23:37:16 INFO  {140143834949376} [privacyidea.lib.util][check_session #189] session: 2babac4b259bfa5eff7758347b968a2e5398cc08
2014/06/11 - 23:37:16 INFO  {140143834949376} [privacyidea.lib.util][check_session #189] session: 2babac4b259bfa5eff7758347b968a2e5398cc08
2014/06/11 - 23:37:16 INFO  {140143834949376} [privacyidea.lib.util][check_session #190] cookie:  2babac4b259bfa5eff7758347b968a2e5398cc08
2014/06/11 - 23:37:16 INFO  {140143834949376} [privacyidea.lib.util][check_session #190] cookie:  2babac4b259bfa5eff7758347b968a2e5398cc08
2014/06/11 - 23:37:16 INFO  {140143834949376} [privacyidea.lib.policy][getAuthorization #397] No policies in scope system found. Checking of scope system be disabled.
2014/06/11 - 23:37:16 INFO  {140143834949376} [privacyidea.lib.policy][getAuthorization #397] No policies in scope system found. Checking of scope system be disabled.
