\BOOKMARK [0][-]{chapter.1}{corrfitter - Least-Squares Fit to Correlators}{}% 1
\BOOKMARK [1][-]{section.1.1}{Introduction}{chapter.1}% 2
\BOOKMARK [1][-]{section.1.2}{Basic Fits}{chapter.1}% 3
\BOOKMARK [1][-]{section.1.3}{Faster Fits}{chapter.1}% 4
\BOOKMARK [1][-]{section.1.4}{Faster Fits \204 Postive Parameters}{chapter.1}% 5
\BOOKMARK [1][-]{section.1.5}{Faster Fits \204 Marginalization}{chapter.1}% 6
\BOOKMARK [1][-]{section.1.6}{Faster Fits \204 Chained Fits}{chapter.1}% 7
\BOOKMARK [1][-]{section.1.7}{Variations}{chapter.1}% 8
\BOOKMARK [1][-]{section.1.8}{Very Fast \(But Limited\) Fits}{chapter.1}% 9
\BOOKMARK [1][-]{section.1.9}{3-Point Correlators}{chapter.1}% 10
\BOOKMARK [1][-]{section.1.10}{Testing Fits with Simulated Data}{chapter.1}% 11
\BOOKMARK [1][-]{section.1.11}{Bootstrap Analyses}{chapter.1}% 12
\BOOKMARK [1][-]{section.1.12}{Implementation}{chapter.1}% 13
\BOOKMARK [1][-]{section.1.13}{Correlator Model Objects}{chapter.1}% 14
\BOOKMARK [1][-]{section.1.14}{corrfitter.CorrFitter Objects}{chapter.1}% 15
\BOOKMARK [1][-]{section.1.15}{corrfitter.EigenBasis Objects}{chapter.1}% 16
\BOOKMARK [1][-]{section.1.16}{Fast Fit Objects}{chapter.1}% 17
\BOOKMARK [0][-]{chapter.2}{Annotated Example: Two-Point Correlator}{}% 18
\BOOKMARK [1][-]{section.2.1}{Introduction}{chapter.2}% 19
\BOOKMARK [1][-]{section.2.2}{Code}{chapter.2}% 20
\BOOKMARK [1][-]{section.2.3}{Results}{chapter.2}% 21
\BOOKMARK [0][-]{chapter.3}{Annotated Example: Transition Form Factor}{}% 22
\BOOKMARK [1][-]{section.3.1}{Introduction}{chapter.3}% 23
\BOOKMARK [1][-]{section.3.2}{Code}{chapter.3}% 24
\BOOKMARK [1][-]{section.3.3}{Results}{chapter.3}% 25
\BOOKMARK [1][-]{section.3.4}{Variation: Marginalization}{chapter.3}% 26
\BOOKMARK [1][-]{section.3.5}{Variation: Chained Fit}{chapter.3}% 27
\BOOKMARK [1][-]{section.3.6}{Test the Analysis}{chapter.3}% 28
\BOOKMARK [0][-]{chapter.4}{Annotated Example: Matrix Correlator}{}% 29
\BOOKMARK [1][-]{section.4.1}{Introduction}{chapter.4}% 30
\BOOKMARK [1][-]{section.4.2}{Code}{chapter.4}% 31
\BOOKMARK [1][-]{section.4.3}{Results}{chapter.4}% 32
\BOOKMARK [1][-]{section.4.4}{Fit Stability}{chapter.4}% 33
\BOOKMARK [1][-]{section.4.5}{Alternative Organization}{chapter.4}% 34
\BOOKMARK [0][-]{chapter.5}{Indices and tables}{}% 35
\BOOKMARK [0][-]{section*.49}{Python Module Index}{}% 36
\BOOKMARK [0][-]{section*.50}{Index}{}% 37
